2021-01-18 12:33:01,892 xiangfeifei ERROR test_register.py-41 line:用例-----【注册成功】-----执行不通过
2021-01-18 12:33:01,892 xiangfeifei ERROR test_register.py-42 line: :: 201 != 400
Traceback (most recent call last):
  File "D:\Program Files\JetBrains\PyCharm 2019.2.5\helpers\pycharm\teamcity\diff_tools.py", line 32, in _patched_equals
    old(self, first, second, msg)
  File "D:\Program Files\python_3.8.1\lib\unittest\case.py", line 912, in assertEqual
    assertion_func(first, second, msg=msg)
  File "D:\Program Files\python_3.8.1\lib\unittest\case.py", line 905, in _baseAssertEqual
    raise self.failureException(msg)
AssertionError: 201 != 400

During handling of the above exception, another exception occurred:

Traceback (most recent call last):
  File "D:\python_35_class\py35_interface_practice\testcase\test_register.py", line 38, in test_register
    self.assertEqual(expected['code'],code)
  File "D:\Program Files\JetBrains\PyCharm 2019.2.5\helpers\pycharm\teamcity\diff_tools.py", line 38, in _patched_equals
    raise error
teamcity.diff_tools.EqualsAssertionError:  :: 201 != 400
2021-01-18 13:19:33,684 xiangfeifei INFO test_register.py-51 line:用例-----【用户名为空】------执行通过
2021-01-18 13:19:33,729 xiangfeifei ERROR test_register.py-47 line:用例-----【邮箱为空】-----执行不通过
2021-01-18 13:19:33,729 xiangfeifei ERROR test_register.py-48 line:['该字段不能为空。'] not found in [['已存在一位使用该名字的用户。']]
Traceback (most recent call last):
  File "D:\python_35_class\py35_interface_practice\testcase\test_register.py", line 45, in test_register
    self.assertIn(expected['msg'],list(res.values()))
  File "D:\Program Files\python_3.8.1\lib\unittest\case.py", line 1179, in assertIn
    self.fail(self._formatMessage(msg, standardMsg))
  File "D:\Program Files\python_3.8.1\lib\unittest\case.py", line 753, in fail
    raise self.failureException(msg)
AssertionError: ['该字段不能为空。'] not found in [['已存在一位使用该名字的用户。']]
2021-01-18 13:19:33,795 xiangfeifei INFO test_register.py-51 line:用例-----【密码为空】------执行通过
2021-01-18 13:19:33,844 xiangfeifei INFO test_register.py-51 line:用例-----【确认密码为空】------执行通过
2021-01-18 13:19:33,921 xiangfeifei INFO test_register.py-51 line:用例-----【密码少于6位】------执行通过
2021-01-18 13:19:33,985 xiangfeifei INFO test_register.py-51 line:用例-----【密码大于20】------执行通过
2021-01-18 13:19:34,034 xiangfeifei INFO test_register.py-51 line:用例-----【用户名少于6位】------执行通过
2021-01-18 13:19:34,078 xiangfeifei INFO test_register.py-51 line:用例-----【用户名大于20】------执行通过
2021-01-18 13:27:08,681 xiangfeifei INFO test_register.py-51 line:用例-----【用户名为空】------执行通过
2021-01-18 13:27:08,730 xiangfeifei INFO test_register.py-51 line:用例-----【密码为空】------执行通过
2021-01-18 13:27:08,772 xiangfeifei INFO test_register.py-51 line:用例-----【确认密码为空】------执行通过
2021-01-18 13:27:08,836 xiangfeifei INFO test_register.py-51 line:用例-----【密码少于6位】------执行通过
2021-01-18 13:27:08,880 xiangfeifei INFO test_register.py-51 line:用例-----【密码大于20】------执行通过
2021-01-18 13:27:08,940 xiangfeifei INFO test_register.py-51 line:用例-----【用户名少于6位】------执行通过
2021-01-18 13:27:08,987 xiangfeifei INFO test_register.py-51 line:用例-----【用户名大于20】------执行通过
2021-01-18 13:40:07,486 xiangfeifei ERROR test_register.py-48 line:用例-----【注册成功】-----执行不通过
2021-01-18 13:40:07,486 xiangfeifei ERROR test_register.py-49 line:[] not found in [70, 'juXrRP80', 'eyJ0eXAiOiJKV1QiLCJhbGciOiJIUzI1NiJ9.eyJ1c2VyX2lkIjo3MCwidXNlcm5hbWUiOiJqdVhyUlA4MCIsImV4cCI6MTYxMTAzNDgwOCwiZW1haWwiOiIxMzI3NDY4NkAxNjMuY29tIn0.pacVrf9PcSjJ_4_wOqNuNVPHoyd0dbFUmFdCW_h0UZc']
Traceback (most recent call last):
  File "D:\python_35_class\py35_interface_practice\testcase\test_register.py", line 46, in test_register
    self.assertIn(expected['msg'],list(res.values()))
  File "D:\Program Files\python_3.8.1\lib\unittest\case.py", line 1179, in assertIn
    self.fail(self._formatMessage(msg, standardMsg))
  File "D:\Program Files\python_3.8.1\lib\unittest\case.py", line 753, in fail
    raise self.failureException(msg)
AssertionError: [] not found in [70, 'juXrRP80', 'eyJ0eXAiOiJKV1QiLCJhbGciOiJIUzI1NiJ9.eyJ1c2VyX2lkIjo3MCwidXNlcm5hbWUiOiJqdVhyUlA4MCIsImV4cCI6MTYxMTAzNDgwOCwiZW1haWwiOiIxMzI3NDY4NkAxNjMuY29tIn0.pacVrf9PcSjJ_4_wOqNuNVPHoyd0dbFUmFdCW_h0UZc']
2021-01-18 13:40:07,544 xiangfeifei INFO test_register.py-52 line:用例-----【用户名为空】------执行通过
2021-01-18 13:40:07,714 xiangfeifei ERROR test_register.py-48 line:用例-----【邮箱为空】-----执行不通过
2021-01-18 13:40:07,715 xiangfeifei ERROR test_register.py-49 line: :: 400 != 201
Traceback (most recent call last):
  File "D:\Program Files\JetBrains\PyCharm 2019.2.5\helpers\pycharm\teamcity\diff_tools.py", line 32, in _patched_equals
    old(self, first, second, msg)
  File "D:\Program Files\python_3.8.1\lib\unittest\case.py", line 912, in assertEqual
    assertion_func(first, second, msg=msg)
  File "D:\Program Files\python_3.8.1\lib\unittest\case.py", line 905, in _baseAssertEqual
    raise self.failureException(msg)
AssertionError: 400 != 201

During handling of the above exception, another exception occurred:

Traceback (most recent call last):
  File "D:\python_35_class\py35_interface_practice\testcase\test_register.py", line 45, in test_register
    self.assertEqual(expected['code'],code)
  File "D:\Program Files\JetBrains\PyCharm 2019.2.5\helpers\pycharm\teamcity\diff_tools.py", line 38, in _patched_equals
    raise error
teamcity.diff_tools.EqualsAssertionError:  :: 400 != 201
2021-01-18 13:40:07,763 xiangfeifei INFO test_register.py-52 line:用例-----【密码为空】------执行通过
2021-01-18 13:40:07,807 xiangfeifei INFO test_register.py-52 line:用例-----【确认密码为空】------执行通过
2021-01-18 13:40:07,870 xiangfeifei INFO test_register.py-52 line:用例-----【密码少于6位】------执行通过
2021-01-18 13:40:07,945 xiangfeifei INFO test_register.py-52 line:用例-----【密码大于20】------执行通过
2021-01-18 13:40:07,995 xiangfeifei INFO test_register.py-52 line:用例-----【用户名少于6位】------执行通过
2021-01-18 13:40:08,047 xiangfeifei INFO test_register.py-52 line:用例-----【用户名大于20】------执行通过
2021-01-18 13:47:48,159 xiangfeifei INFO test_register.py-52 line:用例-----【用户名为空】------执行通过
2021-01-18 13:48:06,732 xiangfeifei ERROR test_register.py-48 line:用例-----【邮箱为空】-----执行不通过
2021-01-18 13:48:06,733 xiangfeifei ERROR test_register.py-49 line: :: 400 != 201
Traceback (most recent call last):
  File "D:\Program Files\JetBrains\PyCharm 2019.2.5\helpers\pycharm\teamcity\diff_tools.py", line 32, in _patched_equals
    old(self, first, second, msg)
  File "D:\Program Files\python_3.8.1\lib\unittest\case.py", line 912, in assertEqual
    assertion_func(first, second, msg=msg)
  File "D:\Program Files\python_3.8.1\lib\unittest\case.py", line 905, in _baseAssertEqual
    raise self.failureException(msg)
AssertionError: 400 != 201

During handling of the above exception, another exception occurred:

Traceback (most recent call last):
  File "D:\python_35_class\py35_interface_practice\testcase\test_register.py", line 45, in test_register
    self.assertEqual(expected['code'],code)
  File "D:\Program Files\JetBrains\PyCharm 2019.2.5\helpers\pycharm\teamcity\diff_tools.py", line 38, in _patched_equals
    raise error
teamcity.diff_tools.EqualsAssertionError:  :: 400 != 201
2021-01-18 13:48:12,952 xiangfeifei INFO test_register.py-52 line:用例-----【密码为空】------执行通过
2021-01-18 13:48:17,076 xiangfeifei INFO test_register.py-52 line:用例-----【确认密码为空】------执行通过
2021-01-18 13:53:41,288 xiangfeifei INFO test_register.py-53 line:用例-----【用户名为空】------执行通过
2021-01-18 13:53:41,458 xiangfeifei ERROR test_register.py-49 line:用例-----【邮箱为空】-----执行不通过
2021-01-18 13:53:41,458 xiangfeifei ERROR test_register.py-50 line: :: 400 != 201
Traceback (most recent call last):
  File "D:\Program Files\JetBrains\PyCharm 2019.2.5\helpers\pycharm\teamcity\diff_tools.py", line 32, in _patched_equals
    old(self, first, second, msg)
  File "D:\Program Files\python_3.8.1\lib\unittest\case.py", line 912, in assertEqual
    assertion_func(first, second, msg=msg)
  File "D:\Program Files\python_3.8.1\lib\unittest\case.py", line 905, in _baseAssertEqual
    raise self.failureException(msg)
AssertionError: 400 != 201

During handling of the above exception, another exception occurred:

Traceback (most recent call last):
  File "D:\python_35_class\py35_interface_practice\testcase\test_register.py", line 46, in test_register
    self.assertEqual(expected['code'],code)
  File "D:\Program Files\JetBrains\PyCharm 2019.2.5\helpers\pycharm\teamcity\diff_tools.py", line 38, in _patched_equals
    raise error
teamcity.diff_tools.EqualsAssertionError:  :: 400 != 201
2021-01-18 13:53:41,509 xiangfeifei INFO test_register.py-53 line:用例-----【密码为空】------执行通过
2021-01-18 13:53:41,550 xiangfeifei INFO test_register.py-53 line:用例-----【确认密码为空】------执行通过
2021-01-18 13:53:41,611 xiangfeifei INFO test_register.py-53 line:用例-----【密码少于6位】------执行通过
2021-01-18 13:53:41,662 xiangfeifei INFO test_register.py-53 line:用例-----【密码大于20】------执行通过
2021-01-18 13:53:41,719 xiangfeifei INFO test_register.py-53 line:用例-----【用户名少于6位】------执行通过
2021-01-18 13:53:41,765 xiangfeifei INFO test_register.py-53 line:用例-----【用户名大于20】------执行通过
2021-01-18 13:56:32,463 xiangfeifei INFO test_register.py-53 line:用例-----【用户名为空】------执行通过
2021-01-18 13:56:32,631 xiangfeifei ERROR test_register.py-49 line:用例-----【邮箱为空】-----执行不通过
2021-01-18 13:56:32,632 xiangfeifei ERROR test_register.py-50 line: :: 400 != 201
Traceback (most recent call last):
  File "D:\Program Files\JetBrains\PyCharm 2019.2.5\helpers\pycharm\teamcity\diff_tools.py", line 32, in _patched_equals
    old(self, first, second, msg)
  File "D:\Program Files\python_3.8.1\lib\unittest\case.py", line 912, in assertEqual
    assertion_func(first, second, msg=msg)
  File "D:\Program Files\python_3.8.1\lib\unittest\case.py", line 905, in _baseAssertEqual
    raise self.failureException(msg)
AssertionError: 400 != 201

During handling of the above exception, another exception occurred:

Traceback (most recent call last):
  File "D:\python_35_class\py35_interface_practice\testcase\test_register.py", line 46, in test_register
    self.assertEqual(expected['code'],code)
  File "D:\Program Files\JetBrains\PyCharm 2019.2.5\helpers\pycharm\teamcity\diff_tools.py", line 38, in _patched_equals
    raise error
teamcity.diff_tools.EqualsAssertionError:  :: 400 != 201
2021-01-18 13:56:32,689 xiangfeifei INFO test_register.py-53 line:用例-----【密码为空】------执行通过
2021-01-18 13:56:32,730 xiangfeifei INFO test_register.py-53 line:用例-----【确认密码为空】------执行通过
2021-01-18 13:56:32,805 xiangfeifei INFO test_register.py-53 line:用例-----【密码少于6位】------执行通过
2021-01-18 13:56:32,855 xiangfeifei INFO test_register.py-53 line:用例-----【密码大于20】------执行通过
2021-01-18 13:56:32,903 xiangfeifei INFO test_register.py-53 line:用例-----【用户名少于6位】------执行通过
2021-01-18 13:56:32,978 xiangfeifei INFO test_register.py-53 line:用例-----【用户名大于20】------执行通过
2021-01-18 13:59:14,125 xiangfeifei INFO test_register.py-53 line:用例-----【用户名为空】------执行通过
2021-01-18 13:59:14,288 xiangfeifei ERROR test_register.py-49 line:用例-----【邮箱为空】-----执行不通过
2021-01-18 13:59:14,289 xiangfeifei ERROR test_register.py-50 line: :: 400 != 201
Traceback (most recent call last):
  File "D:\Program Files\JetBrains\PyCharm 2019.2.5\helpers\pycharm\teamcity\diff_tools.py", line 32, in _patched_equals
    old(self, first, second, msg)
  File "D:\Program Files\python_3.8.1\lib\unittest\case.py", line 912, in assertEqual
    assertion_func(first, second, msg=msg)
  File "D:\Program Files\python_3.8.1\lib\unittest\case.py", line 905, in _baseAssertEqual
    raise self.failureException(msg)
AssertionError: 400 != 201

During handling of the above exception, another exception occurred:

Traceback (most recent call last):
  File "D:\python_35_class\py35_interface_practice\testcase\test_register.py", line 46, in test_register
    self.assertEqual(expected['code'],code)
  File "D:\Program Files\JetBrains\PyCharm 2019.2.5\helpers\pycharm\teamcity\diff_tools.py", line 38, in _patched_equals
    raise error
teamcity.diff_tools.EqualsAssertionError:  :: 400 != 201
2021-01-18 13:59:14,343 xiangfeifei INFO test_register.py-53 line:用例-----【密码为空】------执行通过
2021-01-18 13:59:14,395 xiangfeifei INFO test_register.py-53 line:用例-----【确认密码为空】------执行通过
2021-01-18 13:59:14,471 xiangfeifei INFO test_register.py-53 line:用例-----【密码少于6位】------执行通过
2021-01-18 13:59:14,516 xiangfeifei INFO test_register.py-53 line:用例-----【密码大于20】------执行通过
2021-01-18 13:59:14,563 xiangfeifei INFO test_register.py-53 line:用例-----【用户名少于6位】------执行通过
2021-01-18 13:59:14,620 xiangfeifei INFO test_register.py-53 line:用例-----【用户名大于20】------执行通过
2021-01-18 14:01:33,648 xiangfeifei INFO test_register.py-52 line:用例-----【用户名为空】------执行通过
2021-01-18 14:01:33,822 xiangfeifei ERROR test_register.py-48 line:用例-----【邮箱为空】-----执行不通过
2021-01-18 14:01:33,823 xiangfeifei ERROR test_register.py-49 line: :: 400 != 201
Traceback (most recent call last):
  File "D:\Program Files\JetBrains\PyCharm 2019.2.5\helpers\pycharm\teamcity\diff_tools.py", line 32, in _patched_equals
    old(self, first, second, msg)
  File "D:\Program Files\python_3.8.1\lib\unittest\case.py", line 912, in assertEqual
    assertion_func(first, second, msg=msg)
  File "D:\Program Files\python_3.8.1\lib\unittest\case.py", line 905, in _baseAssertEqual
    raise self.failureException(msg)
AssertionError: 400 != 201

During handling of the above exception, another exception occurred:

Traceback (most recent call last):
  File "D:\python_35_class\py35_interface_practice\testcase\test_register.py", line 45, in test_register
    self.assertEqual(expected['code'],code)
  File "D:\Program Files\JetBrains\PyCharm 2019.2.5\helpers\pycharm\teamcity\diff_tools.py", line 38, in _patched_equals
    raise error
teamcity.diff_tools.EqualsAssertionError:  :: 400 != 201
2021-01-18 14:01:33,883 xiangfeifei INFO test_register.py-52 line:用例-----【密码为空】------执行通过
2021-01-18 14:01:33,935 xiangfeifei INFO test_register.py-52 line:用例-----【确认密码为空】------执行通过
2021-01-18 14:01:34,004 xiangfeifei INFO test_register.py-52 line:用例-----【密码少于6位】------执行通过
2021-01-18 14:01:34,055 xiangfeifei INFO test_register.py-52 line:用例-----【密码大于20】------执行通过
2021-01-18 14:01:34,110 xiangfeifei INFO test_register.py-52 line:用例-----【用户名少于6位】------执行通过
2021-01-18 14:01:34,165 xiangfeifei INFO test_register.py-52 line:用例-----【用户名大于20】------执行通过
2021-01-18 14:01:55,377 xiangfeifei INFO test_register.py-52 line:用例-----【用户名为空】------执行通过
2021-01-18 14:01:55,544 xiangfeifei ERROR test_register.py-48 line:用例-----【邮箱为空】-----执行不通过
2021-01-18 14:01:55,544 xiangfeifei ERROR test_register.py-49 line: :: 400 != 201
Traceback (most recent call last):
  File "D:\Program Files\JetBrains\PyCharm 2019.2.5\helpers\pycharm\teamcity\diff_tools.py", line 32, in _patched_equals
    old(self, first, second, msg)
  File "D:\Program Files\python_3.8.1\lib\unittest\case.py", line 912, in assertEqual
    assertion_func(first, second, msg=msg)
  File "D:\Program Files\python_3.8.1\lib\unittest\case.py", line 905, in _baseAssertEqual
    raise self.failureException(msg)
AssertionError: 400 != 201

During handling of the above exception, another exception occurred:

Traceback (most recent call last):
  File "D:\python_35_class\py35_interface_practice\testcase\test_register.py", line 45, in test_register
    self.assertEqual(expected['code'],code)
  File "D:\Program Files\JetBrains\PyCharm 2019.2.5\helpers\pycharm\teamcity\diff_tools.py", line 38, in _patched_equals
    raise error
teamcity.diff_tools.EqualsAssertionError:  :: 400 != 201
2021-01-18 14:01:55,604 xiangfeifei INFO test_register.py-52 line:用例-----【密码为空】------执行通过
2021-01-18 14:01:55,655 xiangfeifei INFO test_register.py-52 line:用例-----【确认密码为空】------执行通过
2021-01-18 14:01:55,701 xiangfeifei INFO test_register.py-52 line:用例-----【两次密码不一致】------执行通过
2021-01-18 14:01:55,746 xiangfeifei INFO test_register.py-52 line:用例-----【已存在的用户名】------执行通过
2021-01-18 14:01:55,798 xiangfeifei INFO test_register.py-52 line:用例-----【已注册过的邮箱】------执行通过
2021-01-18 14:01:55,863 xiangfeifei ERROR test_register.py-48 line:用例-----【邮箱格式不正确】-----执行不通过
2021-01-18 14:01:55,864 xiangfeifei ERROR test_register.py-49 line:['请输入合法的邮箱地址。'] not found in dict_values([['请输入合法的邮件地址。']])
Traceback (most recent call last):
  File "D:\python_35_class\py35_interface_practice\testcase\test_register.py", line 46, in test_register
    self.assertIn(expected['msg'],res.values())
  File "D:\Program Files\python_3.8.1\lib\unittest\case.py", line 1179, in assertIn
    self.fail(self._formatMessage(msg, standardMsg))
  File "D:\Program Files\python_3.8.1\lib\unittest\case.py", line 753, in fail
    raise self.failureException(msg)
AssertionError: ['请输入合法的邮箱地址。'] not found in dict_values([['请输入合法的邮件地址。']])
2021-01-18 14:01:55,908 xiangfeifei INFO test_register.py-52 line:用例-----【密码少于6位】------执行通过
2021-01-18 14:01:55,955 xiangfeifei INFO test_register.py-52 line:用例-----【密码大于20】------执行通过
2021-01-18 14:01:56,006 xiangfeifei INFO test_register.py-52 line:用例-----【用户名少于6位】------执行通过
2021-01-18 14:01:56,061 xiangfeifei INFO test_register.py-52 line:用例-----【用户名大于20】------执行通过
2021-01-18 14:16:30,488 xiangfeifei INFO test_register.py-58 line:用例-----【用户名为空】------执行通过
2021-01-18 14:16:30,654 xiangfeifei ERROR test_register.py-54 line:用例-----【邮箱为空】-----执行不通过
2021-01-18 14:16:30,654 xiangfeifei ERROR test_register.py-55 line: :: 400 != 201
Traceback (most recent call last):
  File "D:\Program Files\JetBrains\PyCharm 2019.2.5\helpers\pycharm\teamcity\diff_tools.py", line 32, in _patched_equals
    old(self, first, second, msg)
  File "D:\Program Files\python_3.8.1\lib\unittest\case.py", line 912, in assertEqual
    assertion_func(first, second, msg=msg)
  File "D:\Program Files\python_3.8.1\lib\unittest\case.py", line 905, in _baseAssertEqual
    raise self.failureException(msg)
AssertionError: 400 != 201

During handling of the above exception, another exception occurred:

Traceback (most recent call last):
  File "D:\python_35_class\py35_interface_practice\testcase\test_register.py", line 51, in test_register
    self.assertEqual(expected['code'], code)
  File "D:\Program Files\JetBrains\PyCharm 2019.2.5\helpers\pycharm\teamcity\diff_tools.py", line 38, in _patched_equals
    raise error
teamcity.diff_tools.EqualsAssertionError:  :: 400 != 201
2021-01-18 14:16:30,701 xiangfeifei INFO test_register.py-58 line:用例-----【密码为空】------执行通过
2021-01-18 14:16:30,742 xiangfeifei INFO test_register.py-58 line:用例-----【确认密码为空】------执行通过
2021-01-18 14:16:30,791 xiangfeifei INFO test_register.py-58 line:用例-----【两次密码不一致】------执行通过
2021-01-18 14:16:30,836 xiangfeifei INFO test_register.py-58 line:用例-----【已存在的用户名】------执行通过
2021-01-18 14:16:30,900 xiangfeifei INFO test_register.py-58 line:用例-----【已注册过的邮箱】------执行通过
2021-01-18 14:16:30,957 xiangfeifei INFO test_register.py-58 line:用例-----【邮箱格式不正确】------执行通过
2021-01-18 14:16:31,005 xiangfeifei INFO test_register.py-58 line:用例-----【密码少于6位】------执行通过
2021-01-18 14:16:31,057 xiangfeifei INFO test_register.py-58 line:用例-----【密码大于20】------执行通过
2021-01-18 14:16:31,106 xiangfeifei INFO test_register.py-58 line:用例-----【用户名少于6位】------执行通过
2021-01-18 14:16:31,153 xiangfeifei INFO test_register.py-58 line:用例-----【用户名大于20】------执行通过
2021-01-18 14:17:40,446 xiangfeifei INFO test_register.py-59 line:用例-----【注册成功】------执行通过
2021-01-18 14:17:40,488 xiangfeifei INFO test_register.py-59 line:用例-----【用户名为空】------执行通过
2021-01-18 14:17:40,670 xiangfeifei ERROR test_register.py-55 line:用例-----【邮箱为空】-----执行不通过
2021-01-18 14:17:40,671 xiangfeifei ERROR test_register.py-56 line: :: 400 != 201
Traceback (most recent call last):
  File "D:\Program Files\JetBrains\PyCharm 2019.2.5\helpers\pycharm\teamcity\diff_tools.py", line 32, in _patched_equals
    old(self, first, second, msg)
  File "D:\Program Files\python_3.8.1\lib\unittest\case.py", line 912, in assertEqual
    assertion_func(first, second, msg=msg)
  File "D:\Program Files\python_3.8.1\lib\unittest\case.py", line 905, in _baseAssertEqual
    raise self.failureException(msg)
AssertionError: 400 != 201

During handling of the above exception, another exception occurred:

Traceback (most recent call last):
  File "D:\python_35_class\py35_interface_practice\testcase\test_register.py", line 52, in test_register
    self.assertEqual(expected['code'], code)
  File "D:\Program Files\JetBrains\PyCharm 2019.2.5\helpers\pycharm\teamcity\diff_tools.py", line 38, in _patched_equals
    raise error
teamcity.diff_tools.EqualsAssertionError:  :: 400 != 201
2021-01-18 14:17:40,726 xiangfeifei INFO test_register.py-59 line:用例-----【密码为空】------执行通过
2021-01-18 14:17:40,774 xiangfeifei INFO test_register.py-59 line:用例-----【确认密码为空】------执行通过
2021-01-18 14:17:40,829 xiangfeifei INFO test_register.py-59 line:用例-----【两次密码不一致】------执行通过
2021-01-18 14:17:40,877 xiangfeifei INFO test_register.py-59 line:用例-----【已存在的用户名】------执行通过
2021-01-18 14:17:40,920 xiangfeifei INFO test_register.py-59 line:用例-----【已注册过的邮箱】------执行通过
2021-01-18 14:17:40,960 xiangfeifei INFO test_register.py-59 line:用例-----【邮箱格式不正确】------执行通过
2021-01-18 14:17:41,032 xiangfeifei INFO test_register.py-59 line:用例-----【密码少于6位】------执行通过
2021-01-18 14:17:41,093 xiangfeifei INFO test_register.py-59 line:用例-----【密码大于20】------执行通过
2021-01-18 14:17:41,136 xiangfeifei INFO test_register.py-59 line:用例-----【用户名少于6位】------执行通过
2021-01-18 14:17:41,180 xiangfeifei INFO test_register.py-59 line:用例-----【用户名大于20】------执行通过
2021-01-18 14:18:33,681 xiangfeifei INFO test_register.py-59 line:用例-----【注册成功】------执行通过
2021-01-18 14:18:33,730 xiangfeifei INFO test_register.py-59 line:用例-----【用户名为空】------执行通过
2021-01-18 14:18:33,898 xiangfeifei ERROR test_register.py-55 line:用例-----【邮箱为空】-----执行不通过
2021-01-18 14:18:33,898 xiangfeifei ERROR test_register.py-56 line:400 != 201
Traceback (most recent call last):
  File "D:\python_35_class\py35_interface_practice\testcase\test_register.py", line 52, in test_register
    self.assertEqual(expected['code'], code)
  File "D:\Program Files\python_3.8.1\lib\unittest\case.py", line 912, in assertEqual
    assertion_func(first, second, msg=msg)
  File "D:\Program Files\python_3.8.1\lib\unittest\case.py", line 905, in _baseAssertEqual
    raise self.failureException(msg)
AssertionError: 400 != 201
2021-01-18 14:18:33,953 xiangfeifei INFO test_register.py-59 line:用例-----【密码为空】------执行通过
2021-01-18 14:18:33,998 xiangfeifei INFO test_register.py-59 line:用例-----【确认密码为空】------执行通过
2021-01-18 14:18:34,053 xiangfeifei INFO test_register.py-59 line:用例-----【两次密码不一致】------执行通过
2021-01-18 14:18:34,104 xiangfeifei INFO test_register.py-59 line:用例-----【已存在的用户名】------执行通过
2021-01-18 14:18:34,145 xiangfeifei INFO test_register.py-59 line:用例-----【已注册过的邮箱】------执行通过
2021-01-18 14:18:34,211 xiangfeifei INFO test_register.py-59 line:用例-----【邮箱格式不正确】------执行通过
2021-01-18 14:18:34,332 xiangfeifei INFO test_register.py-59 line:用例-----【密码少于6位】------执行通过
2021-01-18 14:18:34,388 xiangfeifei INFO test_register.py-59 line:用例-----【密码大于20】------执行通过
2021-01-18 14:18:34,430 xiangfeifei INFO test_register.py-59 line:用例-----【用户名少于6位】------执行通过
2021-01-18 14:18:34,472 xiangfeifei INFO test_register.py-59 line:用例-----【用户名大于20】------执行通过
2021-01-18 14:49:28,729 xiangfeifei ERROR test_02login.py-42 line:用例-----【登录成功】-----执行不通过
2021-01-18 14:49:28,730 xiangfeifei ERROR test_02login.py-43 line: :: 201 != 200
Traceback (most recent call last):
  File "D:\Program Files\JetBrains\PyCharm 2019.2.5\helpers\pycharm\teamcity\diff_tools.py", line 32, in _patched_equals
    old(self, first, second, msg)
  File "D:\Program Files\python_3.8.1\lib\unittest\case.py", line 912, in assertEqual
    assertion_func(first, second, msg=msg)
  File "D:\Program Files\python_3.8.1\lib\unittest\case.py", line 905, in _baseAssertEqual
    raise self.failureException(msg)
AssertionError: 201 != 200

During handling of the above exception, another exception occurred:

Traceback (most recent call last):
  File "D:\python_35_class\py35_interface_practice\testcase\test_02login.py", line 39, in test_login
    self.assertEqual(expected['code'],code)
  File "D:\Program Files\JetBrains\PyCharm 2019.2.5\helpers\pycharm\teamcity\diff_tools.py", line 38, in _patched_equals
    raise error
teamcity.diff_tools.EqualsAssertionError:  :: 201 != 200
2021-01-18 14:49:28,893 xiangfeifei ERROR test_02login.py-42 line:用例-----【用户名前后有空格】-----执行不通过
2021-01-18 14:49:28,894 xiangfeifei ERROR test_02login.py-43 line: :: 201 != 200
Traceback (most recent call last):
  File "D:\Program Files\JetBrains\PyCharm 2019.2.5\helpers\pycharm\teamcity\diff_tools.py", line 32, in _patched_equals
    old(self, first, second, msg)
  File "D:\Program Files\python_3.8.1\lib\unittest\case.py", line 912, in assertEqual
    assertion_func(first, second, msg=msg)
  File "D:\Program Files\python_3.8.1\lib\unittest\case.py", line 905, in _baseAssertEqual
    raise self.failureException(msg)
AssertionError: 201 != 200

During handling of the above exception, another exception occurred:

Traceback (most recent call last):
  File "D:\python_35_class\py35_interface_practice\testcase\test_02login.py", line 39, in test_login
    self.assertEqual(expected['code'],code)
  File "D:\Program Files\JetBrains\PyCharm 2019.2.5\helpers\pycharm\teamcity\diff_tools.py", line 38, in _patched_equals
    raise error
teamcity.diff_tools.EqualsAssertionError:  :: 201 != 200
2021-01-18 14:49:28,947 xiangfeifei INFO test_02login.py-46 line:用例-----【用户名为空】------执行通过
2021-01-18 14:49:28,993 xiangfeifei INFO test_02login.py-46 line:用例-----【密码为空】------执行通过
2021-01-18 14:49:29,161 xiangfeifei INFO test_02login.py-46 line:用例-----【账号错误】------执行通过
2021-01-18 14:49:29,325 xiangfeifei INFO test_02login.py-46 line:用例-----【密码错误】------执行通过
2021-01-18 14:50:53,618 xiangfeifei ERROR test_02login.py-42 line:用例-----【登录成功】-----执行不通过
2021-01-18 14:50:53,618 xiangfeifei ERROR test_02login.py-43 line: :: 201 != 200
Traceback (most recent call last):
  File "D:\Program Files\JetBrains\PyCharm 2019.2.5\helpers\pycharm\teamcity\diff_tools.py", line 32, in _patched_equals
    old(self, first, second, msg)
  File "D:\Program Files\python_3.8.1\lib\unittest\case.py", line 912, in assertEqual
    assertion_func(first, second, msg=msg)
  File "D:\Program Files\python_3.8.1\lib\unittest\case.py", line 905, in _baseAssertEqual
    raise self.failureException(msg)
AssertionError: 201 != 200

During handling of the above exception, another exception occurred:

Traceback (most recent call last):
  File "D:\python_35_class\py35_interface_practice\testcase\test_02login.py", line 39, in test_login
    self.assertEqual(expected['code'],code)
  File "D:\Program Files\JetBrains\PyCharm 2019.2.5\helpers\pycharm\teamcity\diff_tools.py", line 38, in _patched_equals
    raise error
teamcity.diff_tools.EqualsAssertionError:  :: 201 != 200
2021-01-18 14:50:53,795 xiangfeifei ERROR test_02login.py-42 line:用例-----【用户名前后有空格】-----执行不通过
2021-01-18 14:50:53,795 xiangfeifei ERROR test_02login.py-43 line: :: 201 != 200
Traceback (most recent call last):
  File "D:\Program Files\JetBrains\PyCharm 2019.2.5\helpers\pycharm\teamcity\diff_tools.py", line 32, in _patched_equals
    old(self, first, second, msg)
  File "D:\Program Files\python_3.8.1\lib\unittest\case.py", line 912, in assertEqual
    assertion_func(first, second, msg=msg)
  File "D:\Program Files\python_3.8.1\lib\unittest\case.py", line 905, in _baseAssertEqual
    raise self.failureException(msg)
AssertionError: 201 != 200

During handling of the above exception, another exception occurred:

Traceback (most recent call last):
  File "D:\python_35_class\py35_interface_practice\testcase\test_02login.py", line 39, in test_login
    self.assertEqual(expected['code'],code)
  File "D:\Program Files\JetBrains\PyCharm 2019.2.5\helpers\pycharm\teamcity\diff_tools.py", line 38, in _patched_equals
    raise error
teamcity.diff_tools.EqualsAssertionError:  :: 201 != 200
2021-01-18 14:51:50,665 xiangfeifei ERROR test_02login.py-42 line:用例-----【登录成功】-----执行不通过
2021-01-18 14:51:50,666 xiangfeifei ERROR test_02login.py-43 line: :: 201 != 200
Traceback (most recent call last):
  File "D:\Program Files\JetBrains\PyCharm 2019.2.5\helpers\pycharm\teamcity\diff_tools.py", line 32, in _patched_equals
    old(self, first, second, msg)
  File "D:\Program Files\python_3.8.1\lib\unittest\case.py", line 912, in assertEqual
    assertion_func(first, second, msg=msg)
  File "D:\Program Files\python_3.8.1\lib\unittest\case.py", line 905, in _baseAssertEqual
    raise self.failureException(msg)
AssertionError: 201 != 200

During handling of the above exception, another exception occurred:

Traceback (most recent call last):
  File "D:\python_35_class\py35_interface_practice\testcase\test_02login.py", line 39, in test_login
    self.assertEqual(expected['code'],code)
  File "D:\Program Files\JetBrains\PyCharm 2019.2.5\helpers\pycharm\teamcity\diff_tools.py", line 38, in _patched_equals
    raise error
teamcity.diff_tools.EqualsAssertionError:  :: 201 != 200
2021-01-18 14:51:50,842 xiangfeifei ERROR test_02login.py-42 line:用例-----【用户名前后有空格】-----执行不通过
2021-01-18 14:51:50,843 xiangfeifei ERROR test_02login.py-43 line: :: 201 != 200
Traceback (most recent call last):
  File "D:\Program Files\JetBrains\PyCharm 2019.2.5\helpers\pycharm\teamcity\diff_tools.py", line 32, in _patched_equals
    old(self, first, second, msg)
  File "D:\Program Files\python_3.8.1\lib\unittest\case.py", line 912, in assertEqual
    assertion_func(first, second, msg=msg)
  File "D:\Program Files\python_3.8.1\lib\unittest\case.py", line 905, in _baseAssertEqual
    raise self.failureException(msg)
AssertionError: 201 != 200

During handling of the above exception, another exception occurred:

Traceback (most recent call last):
  File "D:\python_35_class\py35_interface_practice\testcase\test_02login.py", line 39, in test_login
    self.assertEqual(expected['code'],code)
  File "D:\Program Files\JetBrains\PyCharm 2019.2.5\helpers\pycharm\teamcity\diff_tools.py", line 38, in _patched_equals
    raise error
teamcity.diff_tools.EqualsAssertionError:  :: 201 != 200
2021-01-18 14:53:43,627 xiangfeifei ERROR test_02login.py-42 line:用例-----【登录成功】-----执行不通过
2021-01-18 14:53:43,627 xiangfeifei ERROR test_02login.py-43 line: :: 201 != 200
Traceback (most recent call last):
  File "D:\Program Files\JetBrains\PyCharm 2019.2.5\helpers\pycharm\teamcity\diff_tools.py", line 32, in _patched_equals
    old(self, first, second, msg)
  File "D:\Program Files\python_3.8.1\lib\unittest\case.py", line 912, in assertEqual
    assertion_func(first, second, msg=msg)
  File "D:\Program Files\python_3.8.1\lib\unittest\case.py", line 905, in _baseAssertEqual
    raise self.failureException(msg)
AssertionError: 201 != 200

During handling of the above exception, another exception occurred:

Traceback (most recent call last):
  File "D:\python_35_class\py35_interface_practice\testcase\test_02login.py", line 39, in test_login
    self.assertEqual(expected['code'],code)
  File "D:\Program Files\JetBrains\PyCharm 2019.2.5\helpers\pycharm\teamcity\diff_tools.py", line 38, in _patched_equals
    raise error
teamcity.diff_tools.EqualsAssertionError:  :: 201 != 200
2021-01-18 14:53:43,812 xiangfeifei ERROR test_02login.py-42 line:用例-----【用户名前后有空格】-----执行不通过
2021-01-18 14:53:43,812 xiangfeifei ERROR test_02login.py-43 line: :: 201 != 200
Traceback (most recent call last):
  File "D:\Program Files\JetBrains\PyCharm 2019.2.5\helpers\pycharm\teamcity\diff_tools.py", line 32, in _patched_equals
    old(self, first, second, msg)
  File "D:\Program Files\python_3.8.1\lib\unittest\case.py", line 912, in assertEqual
    assertion_func(first, second, msg=msg)
  File "D:\Program Files\python_3.8.1\lib\unittest\case.py", line 905, in _baseAssertEqual
    raise self.failureException(msg)
AssertionError: 201 != 200

During handling of the above exception, another exception occurred:

Traceback (most recent call last):
  File "D:\python_35_class\py35_interface_practice\testcase\test_02login.py", line 39, in test_login
    self.assertEqual(expected['code'],code)
  File "D:\Program Files\JetBrains\PyCharm 2019.2.5\helpers\pycharm\teamcity\diff_tools.py", line 38, in _patched_equals
    raise error
teamcity.diff_tools.EqualsAssertionError:  :: 201 != 200
2021-01-18 14:53:43,855 xiangfeifei INFO test_02login.py-46 line:用例-----【用户名为空】------执行通过
2021-01-18 14:53:43,905 xiangfeifei INFO test_02login.py-46 line:用例-----【密码为空】------执行通过
2021-01-18 14:53:44,076 xiangfeifei INFO test_02login.py-46 line:用例-----【账号错误】------执行通过
2021-01-18 14:53:44,228 xiangfeifei INFO test_02login.py-46 line:用例-----【密码错误】------执行通过
2021-01-18 15:13:40,279 xiangfeifei ERROR test_03_username.py-35 line:用例-----【已注册】-----执行不通过
2021-01-18 15:13:40,279 xiangfeifei ERROR test_03_username.py-36 line: :: 0 != 200
Traceback (most recent call last):
  File "D:\Program Files\JetBrains\PyCharm 2019.2.5\helpers\pycharm\teamcity\diff_tools.py", line 32, in _patched_equals
    old(self, first, second, msg)
  File "D:\Program Files\python_3.8.1\lib\unittest\case.py", line 912, in assertEqual
    assertion_func(first, second, msg=msg)
  File "D:\Program Files\python_3.8.1\lib\unittest\case.py", line 905, in _baseAssertEqual
    raise self.failureException(msg)
AssertionError: 0 != 200

During handling of the above exception, another exception occurred:

Traceback (most recent call last):
  File "D:\python_35_class\py35_interface_practice\testcase\test_03_username.py", line 32, in test_username
    self.assertEqual(expected['code'],code)
  File "D:\Program Files\JetBrains\PyCharm 2019.2.5\helpers\pycharm\teamcity\diff_tools.py", line 38, in _patched_equals
    raise error
teamcity.diff_tools.EqualsAssertionError:  :: 0 != 200
2021-01-18 15:13:40,333 xiangfeifei ERROR test_03_username.py-35 line:用例-----【未注册】-----执行不通过
2021-01-18 15:13:40,334 xiangfeifei ERROR test_03_username.py-36 line: :: 0 != 200
Traceback (most recent call last):
  File "D:\Program Files\JetBrains\PyCharm 2019.2.5\helpers\pycharm\teamcity\diff_tools.py", line 32, in _patched_equals
    old(self, first, second, msg)
  File "D:\Program Files\python_3.8.1\lib\unittest\case.py", line 912, in assertEqual
    assertion_func(first, second, msg=msg)
  File "D:\Program Files\python_3.8.1\lib\unittest\case.py", line 905, in _baseAssertEqual
    raise self.failureException(msg)
AssertionError: 0 != 200

During handling of the above exception, another exception occurred:

Traceback (most recent call last):
  File "D:\python_35_class\py35_interface_practice\testcase\test_03_username.py", line 32, in test_username
    self.assertEqual(expected['code'],code)
  File "D:\Program Files\JetBrains\PyCharm 2019.2.5\helpers\pycharm\teamcity\diff_tools.py", line 38, in _patched_equals
    raise error
teamcity.diff_tools.EqualsAssertionError:  :: 0 != 200
2021-01-18 15:14:56,607 xiangfeifei INFO test_03_username.py-40 line:用例-----【已注册】------执行通过
2021-01-18 15:14:56,648 xiangfeifei INFO test_03_username.py-40 line:用例-----【未注册】------执行通过
2021-01-18 15:18:50,596 xiangfeifei INFO test_04_email.py-39 line:用例-----【已注册】------执行通过
2021-01-18 15:18:50,644 xiangfeifei INFO test_04_email.py-39 line:用例-----【未注册】------执行通过
2021-01-18 15:36:59,161 xiangfeifei INFO test_01register.py-60 line:用例-----【注册成功】------执行通过
2021-01-18 15:36:59,209 xiangfeifei INFO test_01register.py-60 line:用例-----【用户名为空】------执行通过
2021-01-18 15:36:59,373 xiangfeifei ERROR test_01register.py-56 line:用例-----【邮箱为空】-----执行不通过
2021-01-18 15:36:59,373 xiangfeifei ERROR test_01register.py-57 line: :: 400 != 201
Traceback (most recent call last):
  File "D:\Program Files\JetBrains\PyCharm 2019.2.5\helpers\pycharm\teamcity\diff_tools.py", line 32, in _patched_equals
    old(self, first, second, msg)
  File "D:\Program Files\python_3.8.1\lib\unittest\case.py", line 912, in assertEqual
    assertion_func(first, second, msg=msg)
  File "D:\Program Files\python_3.8.1\lib\unittest\case.py", line 905, in _baseAssertEqual
    raise self.failureException(msg)
AssertionError: 400 != 201

During handling of the above exception, another exception occurred:

Traceback (most recent call last):
  File "D:\python_35_class\py35_interface_practice\testcase\test_01register.py", line 53, in test_register
    self.assertEqual(expected['code'], code)
  File "D:\Program Files\JetBrains\PyCharm 2019.2.5\helpers\pycharm\teamcity\diff_tools.py", line 38, in _patched_equals
    raise error
teamcity.diff_tools.EqualsAssertionError:  :: 400 != 201
2021-01-18 15:36:59,427 xiangfeifei INFO test_01register.py-60 line:用例-----【密码为空】------执行通过
2021-01-18 15:36:59,481 xiangfeifei INFO test_01register.py-60 line:用例-----【确认密码为空】------执行通过
2021-01-18 15:36:59,531 xiangfeifei INFO test_01register.py-60 line:用例-----【两次密码不一致】------执行通过
2021-01-18 15:36:59,577 xiangfeifei INFO test_01register.py-60 line:用例-----【已存在的用户名】------执行通过
2021-01-18 15:36:59,626 xiangfeifei INFO test_01register.py-60 line:用例-----【已注册过的邮箱】------执行通过
2021-01-18 15:36:59,677 xiangfeifei INFO test_01register.py-60 line:用例-----【邮箱格式不正确】------执行通过
2021-01-18 15:36:59,728 xiangfeifei INFO test_01register.py-60 line:用例-----【密码少于6位】------执行通过
2021-01-18 15:36:59,779 xiangfeifei INFO test_01register.py-60 line:用例-----【密码大于20】------执行通过
2021-01-18 15:36:59,830 xiangfeifei INFO test_01register.py-60 line:用例-----【用户名少于6位】------执行通过
2021-01-18 15:36:59,877 xiangfeifei INFO test_01register.py-60 line:用例-----【用户名大于20】------执行通过
2021-01-18 16:26:39,817 xiangfeifei ERROR test_05add_project.py-54 line:用例-----【添加成功-带描述】-----执行不通过
2021-01-18 16:26:39,817 xiangfeifei ERROR test_05add_project.py-55 line: :: 201 != 400
Traceback (most recent call last):
  File "D:\Program Files\JetBrains\PyCharm 2019.2.5\helpers\pycharm\teamcity\diff_tools.py", line 32, in _patched_equals
    old(self, first, second, msg)
  File "D:\Program Files\python_3.8.1\lib\unittest\case.py", line 912, in assertEqual
    assertion_func(first, second, msg=msg)
  File "D:\Program Files\python_3.8.1\lib\unittest\case.py", line 905, in _baseAssertEqual
    raise self.failureException(msg)
AssertionError: 201 != 400

During handling of the above exception, another exception occurred:

Traceback (most recent call last):
  File "D:\python_35_class\py35_interface_practice\testcase\test_05add_project.py", line 48, in test_add
    self.assertEqual(expected['code'],code)
  File "D:\Program Files\JetBrains\PyCharm 2019.2.5\helpers\pycharm\teamcity\diff_tools.py", line 38, in _patched_equals
    raise error
teamcity.diff_tools.EqualsAssertionError:  :: 201 != 400
2021-01-18 16:26:39,909 xiangfeifei INFO test_05add_project.py-58 line:用例-----【添加成功-不带描述】------执行通过
2021-01-18 16:26:39,953 xiangfeifei INFO test_05add_project.py-58 line:用例-----【添加失败—项目名称为空】------执行通过
2021-01-18 16:26:39,995 xiangfeifei INFO test_05add_project.py-58 line:用例-----【添加失败—项目负责人为空】------执行通过
2021-01-18 16:26:40,036 xiangfeifei INFO test_05add_project.py-58 line:用例-----【添加失败—项目测试人员为空】------执行通过
2021-01-18 16:26:40,083 xiangfeifei INFO test_05add_project.py-58 line:用例-----【添加失败—开发人员为空】------执行通过
2021-01-18 16:26:40,131 xiangfeifei INFO test_05add_project.py-58 line:用例-----【添加失败—发布应用为空】------执行通过
2021-01-18 16:26:40,185 xiangfeifei INFO test_05add_project.py-58 line:用例-----【添加失败—项目名称重复】------执行通过
2021-01-18 16:26:40,224 xiangfeifei INFO test_05add_project.py-58 line:用例-----【添加失败—项目负责人超过50字符】------执行通过
2021-01-18 16:34:38,561 xiangfeifei INFO test_05add_project.py-62 line:用例-----【添加成功-带描述】------执行通过
2021-01-18 16:34:38,673 xiangfeifei INFO test_05add_project.py-62 line:用例-----【添加成功-不带描述】------执行通过
2021-01-18 16:34:38,715 xiangfeifei INFO test_05add_project.py-62 line:用例-----【添加失败—项目名称为空】------执行通过
2021-01-18 16:34:38,761 xiangfeifei INFO test_05add_project.py-62 line:用例-----【添加失败—项目负责人为空】------执行通过
2021-01-18 16:34:38,819 xiangfeifei INFO test_05add_project.py-62 line:用例-----【添加失败—项目测试人员为空】------执行通过
2021-01-18 16:34:38,878 xiangfeifei INFO test_05add_project.py-62 line:用例-----【添加失败—开发人员为空】------执行通过
2021-01-18 16:34:38,929 xiangfeifei INFO test_05add_project.py-62 line:用例-----【添加失败—发布应用为空】------执行通过
2021-01-18 16:34:38,969 xiangfeifei INFO test_05add_project.py-62 line:用例-----【添加失败—项目名称重复】------执行通过
2021-01-18 16:34:39,013 xiangfeifei INFO test_05add_project.py-62 line:用例-----【添加失败—项目负责人超过50字符】------执行通过
2021-01-18 16:35:28,560 xiangfeifei INFO test_01register.py-60 line:用例-----【注册成功】------执行通过
2021-01-18 16:35:28,604 xiangfeifei INFO test_01register.py-60 line:用例-----【用户名为空】------执行通过
2021-01-18 16:35:28,772 xiangfeifei ERROR test_01register.py-56 line:用例-----【邮箱为空】-----执行不通过
2021-01-18 16:35:28,773 xiangfeifei ERROR test_01register.py-57 line:400 != 201
Traceback (most recent call last):
  File "D:\python_35_class\py35_interface_practice\testcase\test_01register.py", line 53, in test_register
    self.assertEqual(expected['code'], code)
  File "D:\Program Files\python_3.8.1\lib\unittest\case.py", line 912, in assertEqual
    assertion_func(first, second, msg=msg)
  File "D:\Program Files\python_3.8.1\lib\unittest\case.py", line 905, in _baseAssertEqual
    raise self.failureException(msg)
AssertionError: 400 != 201
2021-01-18 16:35:28,833 xiangfeifei INFO test_01register.py-60 line:用例-----【密码为空】------执行通过
2021-01-18 16:35:28,885 xiangfeifei INFO test_01register.py-60 line:用例-----【确认密码为空】------执行通过
2021-01-18 16:35:28,927 xiangfeifei INFO test_01register.py-60 line:用例-----【两次密码不一致】------执行通过
2021-01-18 16:35:28,964 xiangfeifei INFO test_01register.py-60 line:用例-----【已存在的用户名】------执行通过
2021-01-18 16:35:29,014 xiangfeifei INFO test_01register.py-60 line:用例-----【已注册过的邮箱】------执行通过
2021-01-18 16:35:29,057 xiangfeifei INFO test_01register.py-60 line:用例-----【邮箱格式不正确】------执行通过
2021-01-18 16:35:29,107 xiangfeifei INFO test_01register.py-60 line:用例-----【密码少于6位】------执行通过
2021-01-18 16:35:29,155 xiangfeifei INFO test_01register.py-60 line:用例-----【密码大于20】------执行通过
2021-01-18 16:35:29,219 xiangfeifei INFO test_01register.py-60 line:用例-----【用户名少于6位】------执行通过
2021-01-18 16:35:29,260 xiangfeifei INFO test_01register.py-60 line:用例-----【用户名大于20】------执行通过
2021-01-18 16:35:29,420 xiangfeifei ERROR test_02login.py-42 line:用例-----【登录成功】-----执行不通过
2021-01-18 16:35:29,420 xiangfeifei ERROR test_02login.py-43 line:201 != 200
Traceback (most recent call last):
  File "D:\python_35_class\py35_interface_practice\testcase\test_02login.py", line 39, in test_login
    self.assertEqual(expected['code'],code)
  File "D:\Program Files\python_3.8.1\lib\unittest\case.py", line 912, in assertEqual
    assertion_func(first, second, msg=msg)
  File "D:\Program Files\python_3.8.1\lib\unittest\case.py", line 905, in _baseAssertEqual
    raise self.failureException(msg)
AssertionError: 201 != 200
2021-01-18 16:35:29,595 xiangfeifei ERROR test_02login.py-42 line:用例-----【用户名前后有空格】-----执行不通过
2021-01-18 16:35:29,596 xiangfeifei ERROR test_02login.py-43 line:201 != 200
Traceback (most recent call last):
  File "D:\python_35_class\py35_interface_practice\testcase\test_02login.py", line 39, in test_login
    self.assertEqual(expected['code'],code)
  File "D:\Program Files\python_3.8.1\lib\unittest\case.py", line 912, in assertEqual
    assertion_func(first, second, msg=msg)
  File "D:\Program Files\python_3.8.1\lib\unittest\case.py", line 905, in _baseAssertEqual
    raise self.failureException(msg)
AssertionError: 201 != 200
2021-01-18 16:35:29,636 xiangfeifei INFO test_02login.py-46 line:用例-----【用户名为空】------执行通过
2021-01-18 16:35:29,674 xiangfeifei INFO test_02login.py-46 line:用例-----【密码为空】------执行通过
2021-01-18 16:35:29,859 xiangfeifei INFO test_02login.py-46 line:用例-----【账号错误】------执行通过
2021-01-18 16:35:30,011 xiangfeifei INFO test_02login.py-46 line:用例-----【密码错误】------执行通过
2021-01-18 16:35:30,048 xiangfeifei INFO test_03username.py-39 line:用例-----【已注册】------执行通过
2021-01-18 16:35:30,089 xiangfeifei INFO test_03username.py-39 line:用例-----【未注册】------执行通过
2021-01-18 16:35:30,130 xiangfeifei INFO test_04email.py-39 line:用例-----【已注册】------执行通过
2021-01-18 16:35:30,185 xiangfeifei INFO test_04email.py-39 line:用例-----【未注册】------执行通过
2021-01-18 16:35:30,432 xiangfeifei INFO test_05add_project.py-62 line:用例-----【添加成功-带描述】------执行通过
2021-01-18 16:35:30,515 xiangfeifei INFO test_05add_project.py-62 line:用例-----【添加成功-不带描述】------执行通过
2021-01-18 16:35:30,564 xiangfeifei INFO test_05add_project.py-62 line:用例-----【添加失败—项目名称为空】------执行通过
2021-01-18 16:35:30,603 xiangfeifei INFO test_05add_project.py-62 line:用例-----【添加失败—项目负责人为空】------执行通过
2021-01-18 16:35:30,646 xiangfeifei INFO test_05add_project.py-62 line:用例-----【添加失败—项目测试人员为空】------执行通过
2021-01-18 16:35:30,688 xiangfeifei INFO test_05add_project.py-62 line:用例-----【添加失败—开发人员为空】------执行通过
2021-01-18 16:35:30,736 xiangfeifei INFO test_05add_project.py-62 line:用例-----【添加失败—发布应用为空】------执行通过
2021-01-18 16:35:30,781 xiangfeifei INFO test_05add_project.py-62 line:用例-----【添加失败—项目名称重复】------执行通过
2021-01-18 16:35:30,828 xiangfeifei INFO test_05add_project.py-62 line:用例-----【添加失败—项目负责人超过50字符】------执行通过
2021-01-18 16:52:09,507 xiangfeifei INFO test_05add_project.py-62 line:用例-----【添加成功-带描述】------执行通过
2021-01-18 16:52:09,593 xiangfeifei INFO test_05add_project.py-62 line:用例-----【添加成功-不带描述】------执行通过
2021-01-18 16:52:09,634 xiangfeifei INFO test_05add_project.py-62 line:用例-----【添加失败—项目名称为空】------执行通过
2021-01-18 16:52:09,678 xiangfeifei INFO test_05add_project.py-62 line:用例-----【添加失败—项目负责人为空】------执行通过
2021-01-18 16:52:09,729 xiangfeifei INFO test_05add_project.py-62 line:用例-----【添加失败—项目测试人员为空】------执行通过
2021-01-18 16:52:09,772 xiangfeifei INFO test_05add_project.py-62 line:用例-----【添加失败—开发人员为空】------执行通过
2021-01-18 16:52:09,818 xiangfeifei INFO test_05add_project.py-62 line:用例-----【添加失败—发布应用为空】------执行通过
2021-01-18 16:52:09,866 xiangfeifei INFO test_05add_project.py-62 line:用例-----【添加失败—项目名称重复】------执行通过
2021-01-18 16:52:09,906 xiangfeifei INFO test_05add_project.py-62 line:用例-----【添加失败—项目负责人超过50字符】------执行通过
2021-01-18 16:52:09,960 xiangfeifei ERROR test_05add_project.py-58 line:用例-----【添加失败—项目测试人员超过50字符】-----执行不通过
2021-01-18 16:52:09,960 xiangfeifei ERROR test_05add_project.py-59 line:['请确保这个字段不能超过 50 个字符。'] not found in dict_values([['该字段是必填项。']])
Traceback (most recent call last):
  File "D:\python_35_class\py35_interface_practice\testcase\test_05add_project.py", line 56, in test_add
    self.assertIn(expected['msg'],res.values())
  File "D:\Program Files\python_3.8.1\lib\unittest\case.py", line 1179, in assertIn
    self.fail(self._formatMessage(msg, standardMsg))
  File "D:\Program Files\python_3.8.1\lib\unittest\case.py", line 753, in fail
    raise self.failureException(msg)
AssertionError: ['请确保这个字段不能超过 50 个字符。'] not found in dict_values([['该字段是必填项。']])
2021-01-18 16:52:10,018 xiangfeifei ERROR test_05add_project.py-58 line:用例-----【添加失败—项目开发人员超过50字符】-----执行不通过
2021-01-18 16:52:10,019 xiangfeifei ERROR test_05add_project.py-59 line:['请确保这个字段不能超过 50 个字符。'] not found in dict_values([['该字段是必填项。']])
Traceback (most recent call last):
  File "D:\python_35_class\py35_interface_practice\testcase\test_05add_project.py", line 56, in test_add
    self.assertIn(expected['msg'],res.values())
  File "D:\Program Files\python_3.8.1\lib\unittest\case.py", line 1179, in assertIn
    self.fail(self._formatMessage(msg, standardMsg))
  File "D:\Program Files\python_3.8.1\lib\unittest\case.py", line 753, in fail
    raise self.failureException(msg)
AssertionError: ['请确保这个字段不能超过 50 个字符。'] not found in dict_values([['该字段是必填项。']])
2021-01-18 16:54:13,055 xiangfeifei INFO test_05add_project.py-62 line:用例-----【添加成功-带描述】------执行通过
2021-01-18 16:54:13,129 xiangfeifei INFO test_05add_project.py-62 line:用例-----【添加成功-不带描述】------执行通过
2021-01-18 16:54:13,179 xiangfeifei INFO test_05add_project.py-62 line:用例-----【添加失败—项目名称为空】------执行通过
2021-01-18 16:54:13,239 xiangfeifei INFO test_05add_project.py-62 line:用例-----【添加失败—项目负责人为空】------执行通过
2021-01-18 16:54:13,280 xiangfeifei INFO test_05add_project.py-62 line:用例-----【添加失败—项目测试人员为空】------执行通过
2021-01-18 16:54:13,323 xiangfeifei INFO test_05add_project.py-62 line:用例-----【添加失败—开发人员为空】------执行通过
2021-01-18 16:54:13,374 xiangfeifei INFO test_05add_project.py-62 line:用例-----【添加失败—发布应用为空】------执行通过
2021-01-18 16:54:13,416 xiangfeifei INFO test_05add_project.py-62 line:用例-----【添加失败—项目名称重复】------执行通过
2021-01-18 16:54:13,458 xiangfeifei INFO test_05add_project.py-62 line:用例-----【添加失败—项目负责人超过50字符】------执行通过
2021-01-18 16:54:13,506 xiangfeifei INFO test_05add_project.py-62 line:用例-----【添加失败—项目测试人员超过50字符】------执行通过
2021-01-18 16:54:13,558 xiangfeifei INFO test_05add_project.py-62 line:用例-----【添加失败—项目开发人员超过50字符】------执行通过
2021-01-18 17:56:22,417 xiangfeifei INFO test_06add_interfaces.py-64 line:用例-----【添加失败—项目名称为空】------执行通过
2021-01-18 17:56:22,473 xiangfeifei INFO test_06add_interfaces.py-64 line:用例-----【添加失败—项目负责人为空】------执行通过
2021-01-18 17:56:22,520 xiangfeifei INFO test_06add_interfaces.py-64 line:用例-----【添加失败—项目测试人员为空】------执行通过
2021-01-18 17:56:22,586 xiangfeifei INFO test_06add_interfaces.py-64 line:用例-----【添加失败—开发人员为空】------执行通过
2021-01-18 17:56:22,633 xiangfeifei INFO test_06add_interfaces.py-64 line:用例-----【添加失败—发布应用为空】------执行通过
2021-01-18 17:56:22,675 xiangfeifei INFO test_06add_interfaces.py-64 line:用例-----【添加失败—项目名称重复】------执行通过
2021-01-18 17:56:22,724 xiangfeifei INFO test_06add_interfaces.py-64 line:用例-----【添加失败—项目负责人超过50字符】------执行通过
2021-01-18 17:56:22,768 xiangfeifei INFO test_06add_interfaces.py-64 line:用例-----【添加失败—项目测试人员超过50字符】------执行通过
2021-01-18 17:56:22,816 xiangfeifei INFO test_06add_interfaces.py-64 line:用例-----【添加失败—项目开发人员超过50字符】------执行通过
2021-01-18 17:59:37,158 xiangfeifei INFO test_06add_interfaces.py-64 line:用例-----【添加成功-带描述】------执行通过
2021-01-18 17:59:37,283 xiangfeifei INFO test_06add_interfaces.py-64 line:用例-----【添加成功-不带描述】------执行通过
2021-01-18 17:59:37,332 xiangfeifei INFO test_06add_interfaces.py-64 line:用例-----【添加失败-接口名称为空】------执行通过
2021-01-18 17:59:37,376 xiangfeifei INFO test_06add_interfaces.py-64 line:用例-----【添加失败-测试人员为空】------执行通过
2021-01-18 17:59:37,423 xiangfeifei ERROR test_06add_interfaces.py-60 line:用例-----【添加失败-所属项目id为空】-----执行不通过
2021-01-18 17:59:37,424 xiangfeifei ERROR test_06add_interfaces.py-61 line:['该字段不能为空。'] not found in dict_values([['该字段不能为 null。']])
Traceback (most recent call last):
  File "D:\python_35_class\py35_interface_practice\testcase\test_06add_interfaces.py", line 58, in test_add
    self.assertIn(expected['msg'],res.values())
  File "D:\Program Files\python_3.8.1\lib\unittest\case.py", line 1179, in assertIn
    self.fail(self._formatMessage(msg, standardMsg))
  File "D:\Program Files\python_3.8.1\lib\unittest\case.py", line 753, in fail
    raise self.failureException(msg)
AssertionError: ['该字段不能为空。'] not found in dict_values([['该字段不能为 null。']])
2021-01-18 17:59:37,478 xiangfeifei ERROR test_06add_interfaces.py-60 line:用例-----【添加失败-所属项目id不存在】-----执行不通过
2021-01-18 17:59:37,478 xiangfeifei ERROR test_06add_interfaces.py-61 line:['无效主键'] not found in dict_values([['无效主键 “10294” － 对象不存在。']])
Traceback (most recent call last):
  File "D:\python_35_class\py35_interface_practice\testcase\test_06add_interfaces.py", line 58, in test_add
    self.assertIn(expected['msg'],res.values())
  File "D:\Program Files\python_3.8.1\lib\unittest\case.py", line 1179, in assertIn
    self.fail(self._formatMessage(msg, standardMsg))
  File "D:\Program Files\python_3.8.1\lib\unittest\case.py", line 753, in fail
    raise self.failureException(msg)
AssertionError: ['无效主键'] not found in dict_values([['无效主键 “10294” － 对象不存在。']])
2021-01-18 17:59:37,541 xiangfeifei INFO test_06add_interfaces.py-64 line:用例-----【添加失败-接口名称重复】------执行通过
2021-01-18 17:59:37,588 xiangfeifei INFO test_06add_interfaces.py-64 line:用例-----【添加失败-测试人员超过50个字符】------执行通过
2021-01-18 18:07:54,488 xiangfeifei ERROR test_06add_interfaces.py-60 line:用例-----【添加成功-带描述】-----执行不通过
2021-01-18 18:07:54,488 xiangfeifei ERROR test_06add_interfaces.py-61 line: :: 201 != 400
Traceback (most recent call last):
  File "D:\Program Files\JetBrains\PyCharm 2019.2.5\helpers\pycharm\teamcity\diff_tools.py", line 32, in _patched_equals
    old(self, first, second, msg)
  File "D:\Program Files\python_3.8.1\lib\unittest\case.py", line 912, in assertEqual
    assertion_func(first, second, msg=msg)
  File "D:\Program Files\python_3.8.1\lib\unittest\case.py", line 905, in _baseAssertEqual
    raise self.failureException(msg)
AssertionError: 201 != 400

During handling of the above exception, another exception occurred:

Traceback (most recent call last):
  File "D:\python_35_class\py35_interface_practice\testcase\test_06add_interfaces.py", line 54, in test_add
    self.assertEqual(expected['code'],code)
  File "D:\Program Files\JetBrains\PyCharm 2019.2.5\helpers\pycharm\teamcity\diff_tools.py", line 38, in _patched_equals
    raise error
teamcity.diff_tools.EqualsAssertionError:  :: 201 != 400
2021-01-18 18:07:54,612 xiangfeifei ERROR test_06add_interfaces.py-60 line:用例-----【添加成功-不带描述】-----执行不通过
2021-01-18 18:07:54,612 xiangfeifei ERROR test_06add_interfaces.py-61 line: :: 201 != 400
Traceback (most recent call last):
  File "D:\Program Files\JetBrains\PyCharm 2019.2.5\helpers\pycharm\teamcity\diff_tools.py", line 32, in _patched_equals
    old(self, first, second, msg)
  File "D:\Program Files\python_3.8.1\lib\unittest\case.py", line 912, in assertEqual
    assertion_func(first, second, msg=msg)
  File "D:\Program Files\python_3.8.1\lib\unittest\case.py", line 905, in _baseAssertEqual
    raise self.failureException(msg)
AssertionError: 201 != 400

During handling of the above exception, another exception occurred:

Traceback (most recent call last):
  File "D:\python_35_class\py35_interface_practice\testcase\test_06add_interfaces.py", line 54, in test_add
    self.assertEqual(expected['code'],code)
  File "D:\Program Files\JetBrains\PyCharm 2019.2.5\helpers\pycharm\teamcity\diff_tools.py", line 38, in _patched_equals
    raise error
teamcity.diff_tools.EqualsAssertionError:  :: 201 != 400
2021-01-18 18:07:54,658 xiangfeifei INFO test_06add_interfaces.py-64 line:用例-----【添加失败-接口名称为空】------执行通过
2021-01-18 18:07:54,704 xiangfeifei INFO test_06add_interfaces.py-64 line:用例-----【添加失败-测试人员为空】------执行通过
2021-01-18 18:07:54,742 xiangfeifei ERROR test_06add_interfaces.py-60 line:用例-----【添加失败-所属项目id为空】-----执行不通过
2021-01-18 18:07:54,742 xiangfeifei ERROR test_06add_interfaces.py-61 line:['该字段不能为空。'] not found in [['该字段不能为 null。']]
Traceback (most recent call last):
  File "D:\python_35_class\py35_interface_practice\testcase\test_06add_interfaces.py", line 58, in test_add
    self.assertIn(expected['msg'],list(res.values()))
  File "D:\Program Files\python_3.8.1\lib\unittest\case.py", line 1179, in assertIn
    self.fail(self._formatMessage(msg, standardMsg))
  File "D:\Program Files\python_3.8.1\lib\unittest\case.py", line 753, in fail
    raise self.failureException(msg)
AssertionError: ['该字段不能为空。'] not found in [['该字段不能为 null。']]
2021-01-18 18:07:54,793 xiangfeifei ERROR test_06add_interfaces.py-60 line:用例-----【添加失败-所属项目id不存在】-----执行不通过
2021-01-18 18:07:54,794 xiangfeifei ERROR test_06add_interfaces.py-61 line:['无效主键'] not found in [['无效主键 “10303” － 对象不存在。']]
Traceback (most recent call last):
  File "D:\python_35_class\py35_interface_practice\testcase\test_06add_interfaces.py", line 58, in test_add
    self.assertIn(expected['msg'],list(res.values()))
  File "D:\Program Files\python_3.8.1\lib\unittest\case.py", line 1179, in assertIn
    self.fail(self._formatMessage(msg, standardMsg))
  File "D:\Program Files\python_3.8.1\lib\unittest\case.py", line 753, in fail
    raise self.failureException(msg)
AssertionError: ['无效主键'] not found in [['无效主键 “10303” － 对象不存在。']]
2021-01-18 18:07:54,837 xiangfeifei INFO test_06add_interfaces.py-64 line:用例-----【添加失败-接口名称重复】------执行通过
2021-01-18 18:07:54,878 xiangfeifei INFO test_06add_interfaces.py-64 line:用例-----【添加失败-测试人员超过50个字符】------执行通过
2021-01-18 18:14:37,324 xiangfeifei INFO test_06add_interfaces.py-64 line:用例-----【添加成功-带描述】------执行通过
2021-01-18 18:14:37,448 xiangfeifei INFO test_06add_interfaces.py-64 line:用例-----【添加成功-不带描述】------执行通过
2021-01-18 18:16:53,926 xiangfeifei ERROR test_06add_interfaces.py-60 line:用例-----【添加成功-带描述】-----执行不通过
2021-01-18 18:16:53,927 xiangfeifei ERROR test_06add_interfaces.py-61 line: :: 201 != 400
Traceback (most recent call last):
  File "D:\Program Files\JetBrains\PyCharm 2019.2.5\helpers\pycharm\teamcity\diff_tools.py", line 32, in _patched_equals
    old(self, first, second, msg)
  File "D:\Program Files\python_3.8.1\lib\unittest\case.py", line 912, in assertEqual
    assertion_func(first, second, msg=msg)
  File "D:\Program Files\python_3.8.1\lib\unittest\case.py", line 905, in _baseAssertEqual
    raise self.failureException(msg)
AssertionError: 201 != 400

During handling of the above exception, another exception occurred:

Traceback (most recent call last):
  File "D:\python_35_class\py35_interface_practice\testcase\test_06add_interfaces.py", line 54, in test_add
    self.assertEqual(expected['code'],code)
  File "D:\Program Files\JetBrains\PyCharm 2019.2.5\helpers\pycharm\teamcity\diff_tools.py", line 38, in _patched_equals
    raise error
teamcity.diff_tools.EqualsAssertionError:  :: 201 != 400
2021-01-18 18:16:54,062 xiangfeifei ERROR test_06add_interfaces.py-60 line:用例-----【添加成功-不带描述】-----执行不通过
2021-01-18 18:16:54,063 xiangfeifei ERROR test_06add_interfaces.py-61 line: :: 201 != 400
Traceback (most recent call last):
  File "D:\Program Files\JetBrains\PyCharm 2019.2.5\helpers\pycharm\teamcity\diff_tools.py", line 32, in _patched_equals
    old(self, first, second, msg)
  File "D:\Program Files\python_3.8.1\lib\unittest\case.py", line 912, in assertEqual
    assertion_func(first, second, msg=msg)
  File "D:\Program Files\python_3.8.1\lib\unittest\case.py", line 905, in _baseAssertEqual
    raise self.failureException(msg)
AssertionError: 201 != 400

During handling of the above exception, another exception occurred:

Traceback (most recent call last):
  File "D:\python_35_class\py35_interface_practice\testcase\test_06add_interfaces.py", line 54, in test_add
    self.assertEqual(expected['code'],code)
  File "D:\Program Files\JetBrains\PyCharm 2019.2.5\helpers\pycharm\teamcity\diff_tools.py", line 38, in _patched_equals
    raise error
teamcity.diff_tools.EqualsAssertionError:  :: 201 != 400
2021-01-18 18:16:54,114 xiangfeifei INFO test_06add_interfaces.py-64 line:用例-----【添加失败-接口名称为空】------执行通过
2021-01-18 18:16:54,170 xiangfeifei INFO test_06add_interfaces.py-64 line:用例-----【添加失败-测试人员为空】------执行通过
2021-01-18 18:16:54,215 xiangfeifei ERROR test_06add_interfaces.py-60 line:用例-----【添加失败-所属项目id为空】-----执行不通过
2021-01-18 18:16:54,215 xiangfeifei ERROR test_06add_interfaces.py-61 line:['该字段不能为空。'] not found in dict_values([['具有 接口名称 的 接口信息 已存在。'], ['该字段不能为 null。']])
Traceback (most recent call last):
  File "D:\python_35_class\py35_interface_practice\testcase\test_06add_interfaces.py", line 58, in test_add
    self.assertIn(expected['msg'],res.values())
  File "D:\Program Files\python_3.8.1\lib\unittest\case.py", line 1179, in assertIn
    self.fail(self._formatMessage(msg, standardMsg))
  File "D:\Program Files\python_3.8.1\lib\unittest\case.py", line 753, in fail
    raise self.failureException(msg)
AssertionError: ['该字段不能为空。'] not found in dict_values([['具有 接口名称 的 接口信息 已存在。'], ['该字段不能为 null。']])
2021-01-18 18:16:54,265 xiangfeifei ERROR test_06add_interfaces.py-60 line:用例-----【添加失败-所属项目id不存在】-----执行不通过
2021-01-18 18:16:54,265 xiangfeifei ERROR test_06add_interfaces.py-61 line:['无效主键'] not found in dict_values([['无效主键 “10309” － 对象不存在。']])
Traceback (most recent call last):
  File "D:\python_35_class\py35_interface_practice\testcase\test_06add_interfaces.py", line 58, in test_add
    self.assertIn(expected['msg'],res.values())
  File "D:\Program Files\python_3.8.1\lib\unittest\case.py", line 1179, in assertIn
    self.fail(self._formatMessage(msg, standardMsg))
  File "D:\Program Files\python_3.8.1\lib\unittest\case.py", line 753, in fail
    raise self.failureException(msg)
AssertionError: ['无效主键'] not found in dict_values([['无效主键 “10309” － 对象不存在。']])
2021-01-18 18:16:54,312 xiangfeifei INFO test_06add_interfaces.py-64 line:用例-----【添加失败-接口名称重复】------执行通过
2021-01-18 18:16:54,362 xiangfeifei INFO test_06add_interfaces.py-64 line:用例-----【添加失败-测试人员超过50个字符】------执行通过
2021-01-18 18:19:14,481 xiangfeifei ERROR test_06add_interfaces.py-60 line:用例-----【添加成功-带描述】-----执行不通过
2021-01-18 18:19:14,481 xiangfeifei ERROR test_06add_interfaces.py-61 line: :: 201 != 400
Traceback (most recent call last):
  File "D:\Program Files\JetBrains\PyCharm 2019.2.5\helpers\pycharm\teamcity\diff_tools.py", line 32, in _patched_equals
    old(self, first, second, msg)
  File "D:\Program Files\python_3.8.1\lib\unittest\case.py", line 912, in assertEqual
    assertion_func(first, second, msg=msg)
  File "D:\Program Files\python_3.8.1\lib\unittest\case.py", line 905, in _baseAssertEqual
    raise self.failureException(msg)
AssertionError: 201 != 400

During handling of the above exception, another exception occurred:

Traceback (most recent call last):
  File "D:\python_35_class\py35_interface_practice\testcase\test_06add_interfaces.py", line 54, in test_add
    self.assertEqual(expected['code'],code)
  File "D:\Program Files\JetBrains\PyCharm 2019.2.5\helpers\pycharm\teamcity\diff_tools.py", line 38, in _patched_equals
    raise error
teamcity.diff_tools.EqualsAssertionError:  :: 201 != 400
2021-01-18 18:19:14,617 xiangfeifei ERROR test_06add_interfaces.py-60 line:用例-----【添加成功-不带描述】-----执行不通过
2021-01-18 18:19:14,618 xiangfeifei ERROR test_06add_interfaces.py-61 line: :: 201 != 400
Traceback (most recent call last):
  File "D:\Program Files\JetBrains\PyCharm 2019.2.5\helpers\pycharm\teamcity\diff_tools.py", line 32, in _patched_equals
    old(self, first, second, msg)
  File "D:\Program Files\python_3.8.1\lib\unittest\case.py", line 912, in assertEqual
    assertion_func(first, second, msg=msg)
  File "D:\Program Files\python_3.8.1\lib\unittest\case.py", line 905, in _baseAssertEqual
    raise self.failureException(msg)
AssertionError: 201 != 400

During handling of the above exception, another exception occurred:

Traceback (most recent call last):
  File "D:\python_35_class\py35_interface_practice\testcase\test_06add_interfaces.py", line 54, in test_add
    self.assertEqual(expected['code'],code)
  File "D:\Program Files\JetBrains\PyCharm 2019.2.5\helpers\pycharm\teamcity\diff_tools.py", line 38, in _patched_equals
    raise error
teamcity.diff_tools.EqualsAssertionError:  :: 201 != 400
2021-01-18 18:19:44,474 xiangfeifei ERROR test_06add_interfaces.py-60 line:用例-----【添加成功-带描述】-----执行不通过
2021-01-18 18:19:44,474 xiangfeifei ERROR test_06add_interfaces.py-61 line: :: 201 != 400
Traceback (most recent call last):
  File "D:\Program Files\JetBrains\PyCharm 2019.2.5\helpers\pycharm\teamcity\diff_tools.py", line 32, in _patched_equals
    old(self, first, second, msg)
  File "D:\Program Files\python_3.8.1\lib\unittest\case.py", line 912, in assertEqual
    assertion_func(first, second, msg=msg)
  File "D:\Program Files\python_3.8.1\lib\unittest\case.py", line 905, in _baseAssertEqual
    raise self.failureException(msg)
AssertionError: 201 != 400

During handling of the above exception, another exception occurred:

Traceback (most recent call last):
  File "D:\python_35_class\py35_interface_practice\testcase\test_06add_interfaces.py", line 54, in test_add
    self.assertEqual(expected['code'],code)
  File "D:\Program Files\JetBrains\PyCharm 2019.2.5\helpers\pycharm\teamcity\diff_tools.py", line 38, in _patched_equals
    raise error
teamcity.diff_tools.EqualsAssertionError:  :: 201 != 400
2021-01-18 18:19:44,583 xiangfeifei ERROR test_06add_interfaces.py-60 line:用例-----【添加成功-不带描述】-----执行不通过
2021-01-18 18:19:44,583 xiangfeifei ERROR test_06add_interfaces.py-61 line: :: 201 != 400
Traceback (most recent call last):
  File "D:\Program Files\JetBrains\PyCharm 2019.2.5\helpers\pycharm\teamcity\diff_tools.py", line 32, in _patched_equals
    old(self, first, second, msg)
  File "D:\Program Files\python_3.8.1\lib\unittest\case.py", line 912, in assertEqual
    assertion_func(first, second, msg=msg)
  File "D:\Program Files\python_3.8.1\lib\unittest\case.py", line 905, in _baseAssertEqual
    raise self.failureException(msg)
AssertionError: 201 != 400

During handling of the above exception, another exception occurred:

Traceback (most recent call last):
  File "D:\python_35_class\py35_interface_practice\testcase\test_06add_interfaces.py", line 54, in test_add
    self.assertEqual(expected['code'],code)
  File "D:\Program Files\JetBrains\PyCharm 2019.2.5\helpers\pycharm\teamcity\diff_tools.py", line 38, in _patched_equals
    raise error
teamcity.diff_tools.EqualsAssertionError:  :: 201 != 400
2021-01-18 18:19:44,645 xiangfeifei ERROR test_06add_interfaces.py-60 line:用例-----【添加失败-接口名称为空】-----执行不通过
2021-01-18 18:19:44,646 xiangfeifei ERROR test_06add_interfaces.py-61 line:'该字段不能为空。' not found in dict_values([['该字段不能为空。']])
Traceback (most recent call last):
  File "D:\python_35_class\py35_interface_practice\testcase\test_06add_interfaces.py", line 58, in test_add
    self.assertIn(expected['msg'][0],res.values())
  File "D:\Program Files\python_3.8.1\lib\unittest\case.py", line 1179, in assertIn
    self.fail(self._formatMessage(msg, standardMsg))
  File "D:\Program Files\python_3.8.1\lib\unittest\case.py", line 753, in fail
    raise self.failureException(msg)
AssertionError: '该字段不能为空。' not found in dict_values([['该字段不能为空。']])
2021-01-18 18:19:44,699 xiangfeifei ERROR test_06add_interfaces.py-60 line:用例-----【添加失败-测试人员为空】-----执行不通过
2021-01-18 18:19:44,699 xiangfeifei ERROR test_06add_interfaces.py-61 line:'该字段不能为空。' not found in dict_values([['具有 接口名称 的 接口信息 已存在。'], ['该字段不能为空。']])
Traceback (most recent call last):
  File "D:\python_35_class\py35_interface_practice\testcase\test_06add_interfaces.py", line 58, in test_add
    self.assertIn(expected['msg'][0],res.values())
  File "D:\Program Files\python_3.8.1\lib\unittest\case.py", line 1179, in assertIn
    self.fail(self._formatMessage(msg, standardMsg))
  File "D:\Program Files\python_3.8.1\lib\unittest\case.py", line 753, in fail
    raise self.failureException(msg)
AssertionError: '该字段不能为空。' not found in dict_values([['具有 接口名称 的 接口信息 已存在。'], ['该字段不能为空。']])
2021-01-18 18:19:44,760 xiangfeifei ERROR test_06add_interfaces.py-60 line:用例-----【添加失败-所属项目id为空】-----执行不通过
2021-01-18 18:19:44,760 xiangfeifei ERROR test_06add_interfaces.py-61 line:'该字段不能为空。' not found in dict_values([['具有 接口名称 的 接口信息 已存在。'], ['该字段不能为 null。']])
Traceback (most recent call last):
  File "D:\python_35_class\py35_interface_practice\testcase\test_06add_interfaces.py", line 58, in test_add
    self.assertIn(expected['msg'][0],res.values())
  File "D:\Program Files\python_3.8.1\lib\unittest\case.py", line 1179, in assertIn
    self.fail(self._formatMessage(msg, standardMsg))
  File "D:\Program Files\python_3.8.1\lib\unittest\case.py", line 753, in fail
    raise self.failureException(msg)
AssertionError: '该字段不能为空。' not found in dict_values([['具有 接口名称 的 接口信息 已存在。'], ['该字段不能为 null。']])
2021-01-18 18:19:44,812 xiangfeifei ERROR test_06add_interfaces.py-60 line:用例-----【添加失败-所属项目id不存在】-----执行不通过
2021-01-18 18:19:44,813 xiangfeifei ERROR test_06add_interfaces.py-61 line:'无效主键' not found in dict_values([['无效主键 “10312” － 对象不存在。']])
Traceback (most recent call last):
  File "D:\python_35_class\py35_interface_practice\testcase\test_06add_interfaces.py", line 58, in test_add
    self.assertIn(expected['msg'][0],res.values())
  File "D:\Program Files\python_3.8.1\lib\unittest\case.py", line 1179, in assertIn
    self.fail(self._formatMessage(msg, standardMsg))
  File "D:\Program Files\python_3.8.1\lib\unittest\case.py", line 753, in fail
    raise self.failureException(msg)
AssertionError: '无效主键' not found in dict_values([['无效主键 “10312” － 对象不存在。']])
2021-01-18 18:19:44,857 xiangfeifei ERROR test_06add_interfaces.py-60 line:用例-----【添加失败-接口名称重复】-----执行不通过
2021-01-18 18:19:44,858 xiangfeifei ERROR test_06add_interfaces.py-61 line:'具有 接口名称 的 接口信息 已存在。' not found in dict_values([['具有 接口名称 的 接口信息 已存在。']])
Traceback (most recent call last):
  File "D:\python_35_class\py35_interface_practice\testcase\test_06add_interfaces.py", line 58, in test_add
    self.assertIn(expected['msg'][0],res.values())
  File "D:\Program Files\python_3.8.1\lib\unittest\case.py", line 1179, in assertIn
    self.fail(self._formatMessage(msg, standardMsg))
  File "D:\Program Files\python_3.8.1\lib\unittest\case.py", line 753, in fail
    raise self.failureException(msg)
AssertionError: '具有 接口名称 的 接口信息 已存在。' not found in dict_values([['具有 接口名称 的 接口信息 已存在。']])
2021-01-18 18:19:44,902 xiangfeifei ERROR test_06add_interfaces.py-60 line:用例-----【添加失败-测试人员超过50个字符】-----执行不通过
2021-01-18 18:19:44,903 xiangfeifei ERROR test_06add_interfaces.py-61 line:'请确保这个字段不能超过 50 个字符。' not found in dict_values([['具有 接口名称 的 接口信息 已存在。'], ['请确保这个字段不能超过 50 个字符。']])
Traceback (most recent call last):
  File "D:\python_35_class\py35_interface_practice\testcase\test_06add_interfaces.py", line 58, in test_add
    self.assertIn(expected['msg'][0],res.values())
  File "D:\Program Files\python_3.8.1\lib\unittest\case.py", line 1179, in assertIn
    self.fail(self._formatMessage(msg, standardMsg))
  File "D:\Program Files\python_3.8.1\lib\unittest\case.py", line 753, in fail
    raise self.failureException(msg)
AssertionError: '请确保这个字段不能超过 50 个字符。' not found in dict_values([['具有 接口名称 的 接口信息 已存在。'], ['请确保这个字段不能超过 50 个字符。']])
2021-01-18 18:21:06,517 xiangfeifei ERROR test_06add_interfaces.py-61 line:用例-----【添加成功-带描述】-----执行不通过
2021-01-18 18:21:06,517 xiangfeifei ERROR test_06add_interfaces.py-62 line: :: 201 != 400
Traceback (most recent call last):
  File "D:\Program Files\JetBrains\PyCharm 2019.2.5\helpers\pycharm\teamcity\diff_tools.py", line 32, in _patched_equals
    old(self, first, second, msg)
  File "D:\Program Files\python_3.8.1\lib\unittest\case.py", line 912, in assertEqual
    assertion_func(first, second, msg=msg)
  File "D:\Program Files\python_3.8.1\lib\unittest\case.py", line 905, in _baseAssertEqual
    raise self.failureException(msg)
AssertionError: 201 != 400

During handling of the above exception, another exception occurred:

Traceback (most recent call last):
  File "D:\python_35_class\py35_interface_practice\testcase\test_06add_interfaces.py", line 54, in test_add
    self.assertEqual(expected['code'],code)
  File "D:\Program Files\JetBrains\PyCharm 2019.2.5\helpers\pycharm\teamcity\diff_tools.py", line 38, in _patched_equals
    raise error
teamcity.diff_tools.EqualsAssertionError:  :: 201 != 400
2021-01-18 18:21:06,648 xiangfeifei ERROR test_06add_interfaces.py-61 line:用例-----【添加成功-不带描述】-----执行不通过
2021-01-18 18:21:06,648 xiangfeifei ERROR test_06add_interfaces.py-62 line: :: 201 != 400
Traceback (most recent call last):
  File "D:\Program Files\JetBrains\PyCharm 2019.2.5\helpers\pycharm\teamcity\diff_tools.py", line 32, in _patched_equals
    old(self, first, second, msg)
  File "D:\Program Files\python_3.8.1\lib\unittest\case.py", line 912, in assertEqual
    assertion_func(first, second, msg=msg)
  File "D:\Program Files\python_3.8.1\lib\unittest\case.py", line 905, in _baseAssertEqual
    raise self.failureException(msg)
AssertionError: 201 != 400

During handling of the above exception, another exception occurred:

Traceback (most recent call last):
  File "D:\python_35_class\py35_interface_practice\testcase\test_06add_interfaces.py", line 54, in test_add
    self.assertEqual(expected['code'],code)
  File "D:\Program Files\JetBrains\PyCharm 2019.2.5\helpers\pycharm\teamcity\diff_tools.py", line 38, in _patched_equals
    raise error
teamcity.diff_tools.EqualsAssertionError:  :: 201 != 400
2021-01-18 18:21:07,056 xiangfeifei ERROR test_06add_interfaces.py-61 line:用例-----【添加失败-所属项目id为空】-----执行不通过
2021-01-18 18:21:07,057 xiangfeifei ERROR test_06add_interfaces.py-62 line:['该字段不能为空。'] not found in dict_values([['具有 接口名称 的 接口信息 已存在。'], ['该字段不能为 null。']])
Traceback (most recent call last):
  File "D:\python_35_class\py35_interface_practice\testcase\test_06add_interfaces.py", line 58, in test_add
    self.assertIn(expected['msg'],res.values())
  File "D:\Program Files\python_3.8.1\lib\unittest\case.py", line 1179, in assertIn
    self.fail(self._formatMessage(msg, standardMsg))
  File "D:\Program Files\python_3.8.1\lib\unittest\case.py", line 753, in fail
    raise self.failureException(msg)
AssertionError: ['该字段不能为空。'] not found in dict_values([['具有 接口名称 的 接口信息 已存在。'], ['该字段不能为 null。']])
2021-01-18 18:21:07,101 xiangfeifei ERROR test_06add_interfaces.py-61 line:用例-----【添加失败-所属项目id不存在】-----执行不通过
2021-01-18 18:21:07,102 xiangfeifei ERROR test_06add_interfaces.py-62 line:['无效主键'] not found in dict_values([['无效主键 “10315” － 对象不存在。']])
Traceback (most recent call last):
  File "D:\python_35_class\py35_interface_practice\testcase\test_06add_interfaces.py", line 58, in test_add
    self.assertIn(expected['msg'],res.values())
  File "D:\Program Files\python_3.8.1\lib\unittest\case.py", line 1179, in assertIn
    self.fail(self._formatMessage(msg, standardMsg))
  File "D:\Program Files\python_3.8.1\lib\unittest\case.py", line 753, in fail
    raise self.failureException(msg)
AssertionError: ['无效主键'] not found in dict_values([['无效主键 “10315” － 对象不存在。']])
2021-01-18 18:22:47,020 xiangfeifei ERROR test_06add_interfaces.py-60 line:用例-----【添加成功-带描述】-----执行不通过
2021-01-18 18:22:47,021 xiangfeifei ERROR test_06add_interfaces.py-61 line: :: 201 != 400
Traceback (most recent call last):
  File "D:\Program Files\JetBrains\PyCharm 2019.2.5\helpers\pycharm\teamcity\diff_tools.py", line 32, in _patched_equals
    old(self, first, second, msg)
  File "D:\Program Files\python_3.8.1\lib\unittest\case.py", line 912, in assertEqual
    assertion_func(first, second, msg=msg)
  File "D:\Program Files\python_3.8.1\lib\unittest\case.py", line 905, in _baseAssertEqual
    raise self.failureException(msg)
AssertionError: 201 != 400

During handling of the above exception, another exception occurred:

Traceback (most recent call last):
  File "D:\python_35_class\py35_interface_practice\testcase\test_06add_interfaces.py", line 54, in test_add
    self.assertEqual(expected['code'],code)
  File "D:\Program Files\JetBrains\PyCharm 2019.2.5\helpers\pycharm\teamcity\diff_tools.py", line 38, in _patched_equals
    raise error
teamcity.diff_tools.EqualsAssertionError:  :: 201 != 400
2021-01-18 18:22:47,134 xiangfeifei ERROR test_06add_interfaces.py-60 line:用例-----【添加成功-不带描述】-----执行不通过
2021-01-18 18:22:47,135 xiangfeifei ERROR test_06add_interfaces.py-61 line: :: 201 != 400
Traceback (most recent call last):
  File "D:\Program Files\JetBrains\PyCharm 2019.2.5\helpers\pycharm\teamcity\diff_tools.py", line 32, in _patched_equals
    old(self, first, second, msg)
  File "D:\Program Files\python_3.8.1\lib\unittest\case.py", line 912, in assertEqual
    assertion_func(first, second, msg=msg)
  File "D:\Program Files\python_3.8.1\lib\unittest\case.py", line 905, in _baseAssertEqual
    raise self.failureException(msg)
AssertionError: 201 != 400

During handling of the above exception, another exception occurred:

Traceback (most recent call last):
  File "D:\python_35_class\py35_interface_practice\testcase\test_06add_interfaces.py", line 54, in test_add
    self.assertEqual(expected['code'],code)
  File "D:\Program Files\JetBrains\PyCharm 2019.2.5\helpers\pycharm\teamcity\diff_tools.py", line 38, in _patched_equals
    raise error
teamcity.diff_tools.EqualsAssertionError:  :: 201 != 400
2021-01-18 18:22:47,181 xiangfeifei INFO test_06add_interfaces.py-64 line:用例-----【添加失败-接口名称为空】------执行通过
2021-01-18 18:22:47,237 xiangfeifei INFO test_06add_interfaces.py-64 line:用例-----【添加失败-测试人员为空】------执行通过
2021-01-18 18:22:47,290 xiangfeifei ERROR test_06add_interfaces.py-60 line:用例-----【添加失败-所属项目id为空】-----执行不通过
2021-01-18 18:22:47,290 xiangfeifei ERROR test_06add_interfaces.py-61 line:['该字段不能为空。'] not found in dict_values([['具有 接口名称 的 接口信息 已存在。'], ['该字段不能为 null。']])
Traceback (most recent call last):
  File "D:\python_35_class\py35_interface_practice\testcase\test_06add_interfaces.py", line 58, in test_add
    self.assertIn(expected['msg'],res.values())
  File "D:\Program Files\python_3.8.1\lib\unittest\case.py", line 1179, in assertIn
    self.fail(self._formatMessage(msg, standardMsg))
  File "D:\Program Files\python_3.8.1\lib\unittest\case.py", line 753, in fail
    raise self.failureException(msg)
AssertionError: ['该字段不能为空。'] not found in dict_values([['具有 接口名称 的 接口信息 已存在。'], ['该字段不能为 null。']])
2021-01-18 18:22:47,344 xiangfeifei ERROR test_06add_interfaces.py-60 line:用例-----【添加失败-所属项目id不存在】-----执行不通过
2021-01-18 18:22:47,344 xiangfeifei ERROR test_06add_interfaces.py-61 line:['无效主键'] not found in dict_values([['无效主键 “10319” － 对象不存在。']])
Traceback (most recent call last):
  File "D:\python_35_class\py35_interface_practice\testcase\test_06add_interfaces.py", line 58, in test_add
    self.assertIn(expected['msg'],res.values())
  File "D:\Program Files\python_3.8.1\lib\unittest\case.py", line 1179, in assertIn
    self.fail(self._formatMessage(msg, standardMsg))
  File "D:\Program Files\python_3.8.1\lib\unittest\case.py", line 753, in fail
    raise self.failureException(msg)
AssertionError: ['无效主键'] not found in dict_values([['无效主键 “10319” － 对象不存在。']])
2021-01-18 18:22:47,394 xiangfeifei INFO test_06add_interfaces.py-64 line:用例-----【添加失败-接口名称重复】------执行通过
2021-01-18 18:22:47,444 xiangfeifei INFO test_06add_interfaces.py-64 line:用例-----【添加失败-测试人员超过50个字符】------执行通过
2021-01-18 18:30:12,411 xiangfeifei ERROR test_06add_interfaces.py-60 line:用例-----【添加成功-带描述】-----执行不通过
2021-01-18 18:30:12,412 xiangfeifei ERROR test_06add_interfaces.py-61 line: :: 201 != 400
Traceback (most recent call last):
  File "D:\Program Files\JetBrains\PyCharm 2019.2.5\helpers\pycharm\teamcity\diff_tools.py", line 32, in _patched_equals
    old(self, first, second, msg)
  File "D:\Program Files\python_3.8.1\lib\unittest\case.py", line 912, in assertEqual
    assertion_func(first, second, msg=msg)
  File "D:\Program Files\python_3.8.1\lib\unittest\case.py", line 905, in _baseAssertEqual
    raise self.failureException(msg)
AssertionError: 201 != 400

During handling of the above exception, another exception occurred:

Traceback (most recent call last):
  File "D:\python_35_class\py35_interface_practice\testcase\test_06add_interfaces.py", line 54, in test_add
    self.assertEqual(expected['code'],code)
  File "D:\Program Files\JetBrains\PyCharm 2019.2.5\helpers\pycharm\teamcity\diff_tools.py", line 38, in _patched_equals
    raise error
teamcity.diff_tools.EqualsAssertionError:  :: 201 != 400
2021-01-18 18:30:12,528 xiangfeifei ERROR test_06add_interfaces.py-60 line:用例-----【添加成功-不带描述】-----执行不通过
2021-01-18 18:30:12,529 xiangfeifei ERROR test_06add_interfaces.py-61 line: :: 201 != 400
Traceback (most recent call last):
  File "D:\Program Files\JetBrains\PyCharm 2019.2.5\helpers\pycharm\teamcity\diff_tools.py", line 32, in _patched_equals
    old(self, first, second, msg)
  File "D:\Program Files\python_3.8.1\lib\unittest\case.py", line 912, in assertEqual
    assertion_func(first, second, msg=msg)
  File "D:\Program Files\python_3.8.1\lib\unittest\case.py", line 905, in _baseAssertEqual
    raise self.failureException(msg)
AssertionError: 201 != 400

During handling of the above exception, another exception occurred:

Traceback (most recent call last):
  File "D:\python_35_class\py35_interface_practice\testcase\test_06add_interfaces.py", line 54, in test_add
    self.assertEqual(expected['code'],code)
  File "D:\Program Files\JetBrains\PyCharm 2019.2.5\helpers\pycharm\teamcity\diff_tools.py", line 38, in _patched_equals
    raise error
teamcity.diff_tools.EqualsAssertionError:  :: 201 != 400
2021-01-18 18:30:12,584 xiangfeifei INFO test_06add_interfaces.py-64 line:用例-----【添加失败-接口名称为空】------执行通过
2021-01-18 18:30:12,625 xiangfeifei INFO test_06add_interfaces.py-64 line:用例-----【添加失败-测试人员为空】------执行通过
2021-01-18 18:30:12,671 xiangfeifei ERROR test_06add_interfaces.py-60 line:用例-----【添加失败-所属项目id为空】-----执行不通过
2021-01-18 18:30:12,671 xiangfeifei ERROR test_06add_interfaces.py-61 line:"['该字段不能为空。']" not found in "dict_values([['该字段不能为 null。']])"
Traceback (most recent call last):
  File "D:\python_35_class\py35_interface_practice\testcase\test_06add_interfaces.py", line 58, in test_add
    self.assertIn(str(expected['msg']),str(res.values()))
  File "D:\Program Files\python_3.8.1\lib\unittest\case.py", line 1179, in assertIn
    self.fail(self._formatMessage(msg, standardMsg))
  File "D:\Program Files\python_3.8.1\lib\unittest\case.py", line 753, in fail
    raise self.failureException(msg)
AssertionError: "['该字段不能为空。']" not found in "dict_values([['该字段不能为 null。']])"
2021-01-18 18:30:12,726 xiangfeifei ERROR test_06add_interfaces.py-60 line:用例-----【添加失败-所属项目id不存在】-----执行不通过
2021-01-18 18:30:12,727 xiangfeifei ERROR test_06add_interfaces.py-61 line:"['无效主键']" not found in "dict_values([['无效主键 “10323” － 对象不存在。']])"
Traceback (most recent call last):
  File "D:\python_35_class\py35_interface_practice\testcase\test_06add_interfaces.py", line 58, in test_add
    self.assertIn(str(expected['msg']),str(res.values()))
  File "D:\Program Files\python_3.8.1\lib\unittest\case.py", line 1179, in assertIn
    self.fail(self._formatMessage(msg, standardMsg))
  File "D:\Program Files\python_3.8.1\lib\unittest\case.py", line 753, in fail
    raise self.failureException(msg)
AssertionError: "['无效主键']" not found in "dict_values([['无效主键 “10323” － 对象不存在。']])"
2021-01-18 18:30:12,779 xiangfeifei INFO test_06add_interfaces.py-64 line:用例-----【添加失败-接口名称重复】------执行通过
2021-01-18 18:30:12,825 xiangfeifei INFO test_06add_interfaces.py-64 line:用例-----【添加失败-测试人员超过50个字符】------执行通过
2021-01-18 18:49:10,511 xiangfeifei INFO test_05add_project.py-63 line:用例-----【添加成功-带描述】------执行通过
2021-01-18 18:49:10,601 xiangfeifei INFO test_05add_project.py-63 line:用例-----【添加成功-不带描述】------执行通过
2021-01-18 18:49:10,650 xiangfeifei ERROR test_05add_project.py-59 line:用例-----【添加失败—项目名称为空】-----执行不通过
2021-01-18 18:49:10,651 xiangfeifei ERROR test_05add_project.py-60 line: :: ['该字段不能为空。'] != dict_values([['该字段不能为空。']])
Traceback (most recent call last):
  File "D:\Program Files\JetBrains\PyCharm 2019.2.5\helpers\pycharm\teamcity\diff_tools.py", line 32, in _patched_equals
    old(self, first, second, msg)
  File "D:\Program Files\python_3.8.1\lib\unittest\case.py", line 912, in assertEqual
    assertion_func(first, second, msg=msg)
  File "D:\Program Files\python_3.8.1\lib\unittest\case.py", line 905, in _baseAssertEqual
    raise self.failureException(msg)
AssertionError: ['该字段不能为空。'] != dict_values([['该字段不能为空。']])

During handling of the above exception, another exception occurred:

Traceback (most recent call last):
  File "D:\python_35_class\py35_interface_practice\testcase\test_05add_project.py", line 57, in test_add
    self.assertEqual(expected['msg'],res.values())
  File "D:\Program Files\JetBrains\PyCharm 2019.2.5\helpers\pycharm\teamcity\diff_tools.py", line 38, in _patched_equals
    raise error
teamcity.diff_tools.EqualsAssertionError:  :: ['该字段不能为空。'] != dict_values([['该字段不能为空。']])
2021-01-18 18:49:10,702 xiangfeifei ERROR test_05add_project.py-59 line:用例-----【添加失败—项目负责人为空】-----执行不通过
2021-01-18 18:49:10,703 xiangfeifei ERROR test_05add_project.py-60 line: :: ['该字段不能为空。'] != dict_values([['该字段不能为空。']])
Traceback (most recent call last):
  File "D:\Program Files\JetBrains\PyCharm 2019.2.5\helpers\pycharm\teamcity\diff_tools.py", line 32, in _patched_equals
    old(self, first, second, msg)
  File "D:\Program Files\python_3.8.1\lib\unittest\case.py", line 912, in assertEqual
    assertion_func(first, second, msg=msg)
  File "D:\Program Files\python_3.8.1\lib\unittest\case.py", line 905, in _baseAssertEqual
    raise self.failureException(msg)
AssertionError: ['该字段不能为空。'] != dict_values([['该字段不能为空。']])

During handling of the above exception, another exception occurred:

Traceback (most recent call last):
  File "D:\python_35_class\py35_interface_practice\testcase\test_05add_project.py", line 57, in test_add
    self.assertEqual(expected['msg'],res.values())
  File "D:\Program Files\JetBrains\PyCharm 2019.2.5\helpers\pycharm\teamcity\diff_tools.py", line 38, in _patched_equals
    raise error
teamcity.diff_tools.EqualsAssertionError:  :: ['该字段不能为空。'] != dict_values([['该字段不能为空。']])
2021-01-18 18:49:10,756 xiangfeifei ERROR test_05add_project.py-59 line:用例-----【添加失败—项目测试人员为空】-----执行不通过
2021-01-18 18:49:10,756 xiangfeifei ERROR test_05add_project.py-60 line: :: ['该字段不能为空。'] != dict_values([['该字段不能为空。']])
Traceback (most recent call last):
  File "D:\Program Files\JetBrains\PyCharm 2019.2.5\helpers\pycharm\teamcity\diff_tools.py", line 32, in _patched_equals
    old(self, first, second, msg)
  File "D:\Program Files\python_3.8.1\lib\unittest\case.py", line 912, in assertEqual
    assertion_func(first, second, msg=msg)
  File "D:\Program Files\python_3.8.1\lib\unittest\case.py", line 905, in _baseAssertEqual
    raise self.failureException(msg)
AssertionError: ['该字段不能为空。'] != dict_values([['该字段不能为空。']])

During handling of the above exception, another exception occurred:

Traceback (most recent call last):
  File "D:\python_35_class\py35_interface_practice\testcase\test_05add_project.py", line 57, in test_add
    self.assertEqual(expected['msg'],res.values())
  File "D:\Program Files\JetBrains\PyCharm 2019.2.5\helpers\pycharm\teamcity\diff_tools.py", line 38, in _patched_equals
    raise error
teamcity.diff_tools.EqualsAssertionError:  :: ['该字段不能为空。'] != dict_values([['该字段不能为空。']])
2021-01-18 18:49:10,836 xiangfeifei ERROR test_05add_project.py-59 line:用例-----【添加失败—开发人员为空】-----执行不通过
2021-01-18 18:49:10,837 xiangfeifei ERROR test_05add_project.py-60 line: :: ['该字段不能为空。'] != dict_values([['该字段不能为空。']])
Traceback (most recent call last):
  File "D:\Program Files\JetBrains\PyCharm 2019.2.5\helpers\pycharm\teamcity\diff_tools.py", line 32, in _patched_equals
    old(self, first, second, msg)
  File "D:\Program Files\python_3.8.1\lib\unittest\case.py", line 912, in assertEqual
    assertion_func(first, second, msg=msg)
  File "D:\Program Files\python_3.8.1\lib\unittest\case.py", line 905, in _baseAssertEqual
    raise self.failureException(msg)
AssertionError: ['该字段不能为空。'] != dict_values([['该字段不能为空。']])

During handling of the above exception, another exception occurred:

Traceback (most recent call last):
  File "D:\python_35_class\py35_interface_practice\testcase\test_05add_project.py", line 57, in test_add
    self.assertEqual(expected['msg'],res.values())
  File "D:\Program Files\JetBrains\PyCharm 2019.2.5\helpers\pycharm\teamcity\diff_tools.py", line 38, in _patched_equals
    raise error
teamcity.diff_tools.EqualsAssertionError:  :: ['该字段不能为空。'] != dict_values([['该字段不能为空。']])
2021-01-18 18:49:10,897 xiangfeifei ERROR test_05add_project.py-59 line:用例-----【添加失败—发布应用为空】-----执行不通过
2021-01-18 18:49:10,897 xiangfeifei ERROR test_05add_project.py-60 line: :: ['该字段不能为空。'] != dict_values([['该字段不能为空。']])
Traceback (most recent call last):
  File "D:\Program Files\JetBrains\PyCharm 2019.2.5\helpers\pycharm\teamcity\diff_tools.py", line 32, in _patched_equals
    old(self, first, second, msg)
  File "D:\Program Files\python_3.8.1\lib\unittest\case.py", line 912, in assertEqual
    assertion_func(first, second, msg=msg)
  File "D:\Program Files\python_3.8.1\lib\unittest\case.py", line 905, in _baseAssertEqual
    raise self.failureException(msg)
AssertionError: ['该字段不能为空。'] != dict_values([['该字段不能为空。']])

During handling of the above exception, another exception occurred:

Traceback (most recent call last):
  File "D:\python_35_class\py35_interface_practice\testcase\test_05add_project.py", line 57, in test_add
    self.assertEqual(expected['msg'],res.values())
  File "D:\Program Files\JetBrains\PyCharm 2019.2.5\helpers\pycharm\teamcity\diff_tools.py", line 38, in _patched_equals
    raise error
teamcity.diff_tools.EqualsAssertionError:  :: ['该字段不能为空。'] != dict_values([['该字段不能为空。']])
2021-01-18 18:49:10,962 xiangfeifei ERROR test_05add_project.py-59 line:用例-----【添加失败—项目名称重复】-----执行不通过
2021-01-18 18:49:10,962 xiangfeifei ERROR test_05add_project.py-60 line: :: ['具有 项目名称 的 项目信息 已存在。'] != dict_values([['具有 项目名称 的 项目信息 已存在。']])
Traceback (most recent call last):
  File "D:\Program Files\JetBrains\PyCharm 2019.2.5\helpers\pycharm\teamcity\diff_tools.py", line 32, in _patched_equals
    old(self, first, second, msg)
  File "D:\Program Files\python_3.8.1\lib\unittest\case.py", line 912, in assertEqual
    assertion_func(first, second, msg=msg)
  File "D:\Program Files\python_3.8.1\lib\unittest\case.py", line 905, in _baseAssertEqual
    raise self.failureException(msg)
AssertionError: ['具有 项目名称 的 项目信息 已存在。'] != dict_values([['具有 项目名称 的 项目信息 已存在。']])

During handling of the above exception, another exception occurred:

Traceback (most recent call last):
  File "D:\python_35_class\py35_interface_practice\testcase\test_05add_project.py", line 57, in test_add
    self.assertEqual(expected['msg'],res.values())
  File "D:\Program Files\JetBrains\PyCharm 2019.2.5\helpers\pycharm\teamcity\diff_tools.py", line 38, in _patched_equals
    raise error
teamcity.diff_tools.EqualsAssertionError:  :: ['具有 项目名称 的 项目信息 已存在。'] != dict_values([['具有 项目名称 的 项目信息 已存在。']])
2021-01-18 18:49:11,023 xiangfeifei ERROR test_05add_project.py-59 line:用例-----【添加失败—项目负责人超过50字符】-----执行不通过
2021-01-18 18:49:11,023 xiangfeifei ERROR test_05add_project.py-60 line: :: ['请确保这个字段不能超过 50 个字符。'] != dict_values([['请确保这个字段不能超过 50 个字符。']])
Traceback (most recent call last):
  File "D:\Program Files\JetBrains\PyCharm 2019.2.5\helpers\pycharm\teamcity\diff_tools.py", line 32, in _patched_equals
    old(self, first, second, msg)
  File "D:\Program Files\python_3.8.1\lib\unittest\case.py", line 912, in assertEqual
    assertion_func(first, second, msg=msg)
  File "D:\Program Files\python_3.8.1\lib\unittest\case.py", line 905, in _baseAssertEqual
    raise self.failureException(msg)
AssertionError: ['请确保这个字段不能超过 50 个字符。'] != dict_values([['请确保这个字段不能超过 50 个字符。']])

During handling of the above exception, another exception occurred:

Traceback (most recent call last):
  File "D:\python_35_class\py35_interface_practice\testcase\test_05add_project.py", line 57, in test_add
    self.assertEqual(expected['msg'],res.values())
  File "D:\Program Files\JetBrains\PyCharm 2019.2.5\helpers\pycharm\teamcity\diff_tools.py", line 38, in _patched_equals
    raise error
teamcity.diff_tools.EqualsAssertionError:  :: ['请确保这个字段不能超过 50 个字符。'] != dict_values([['请确保这个字段不能超过 50 个字符。']])
2021-01-18 18:49:11,078 xiangfeifei ERROR test_05add_project.py-59 line:用例-----【添加失败—项目测试人员超过50字符】-----执行不通过
2021-01-18 18:49:11,079 xiangfeifei ERROR test_05add_project.py-60 line: :: ['请确保这个字段不能超过 50 个字符。'] != dict_values([['请确保这个字段不能超过 50 个字符。']])
Traceback (most recent call last):
  File "D:\Program Files\JetBrains\PyCharm 2019.2.5\helpers\pycharm\teamcity\diff_tools.py", line 32, in _patched_equals
    old(self, first, second, msg)
  File "D:\Program Files\python_3.8.1\lib\unittest\case.py", line 912, in assertEqual
    assertion_func(first, second, msg=msg)
  File "D:\Program Files\python_3.8.1\lib\unittest\case.py", line 905, in _baseAssertEqual
    raise self.failureException(msg)
AssertionError: ['请确保这个字段不能超过 50 个字符。'] != dict_values([['请确保这个字段不能超过 50 个字符。']])

During handling of the above exception, another exception occurred:

Traceback (most recent call last):
  File "D:\python_35_class\py35_interface_practice\testcase\test_05add_project.py", line 57, in test_add
    self.assertEqual(expected['msg'],res.values())
  File "D:\Program Files\JetBrains\PyCharm 2019.2.5\helpers\pycharm\teamcity\diff_tools.py", line 38, in _patched_equals
    raise error
teamcity.diff_tools.EqualsAssertionError:  :: ['请确保这个字段不能超过 50 个字符。'] != dict_values([['请确保这个字段不能超过 50 个字符。']])
2021-01-18 18:49:11,129 xiangfeifei ERROR test_05add_project.py-59 line:用例-----【添加失败—项目开发人员超过50字符】-----执行不通过
2021-01-18 18:49:11,130 xiangfeifei ERROR test_05add_project.py-60 line: :: ['请确保这个字段不能超过 50 个字符。'] != dict_values([['请确保这个字段不能超过 50 个字符。']])
Traceback (most recent call last):
  File "D:\Program Files\JetBrains\PyCharm 2019.2.5\helpers\pycharm\teamcity\diff_tools.py", line 32, in _patched_equals
    old(self, first, second, msg)
  File "D:\Program Files\python_3.8.1\lib\unittest\case.py", line 912, in assertEqual
    assertion_func(first, second, msg=msg)
  File "D:\Program Files\python_3.8.1\lib\unittest\case.py", line 905, in _baseAssertEqual
    raise self.failureException(msg)
AssertionError: ['请确保这个字段不能超过 50 个字符。'] != dict_values([['请确保这个字段不能超过 50 个字符。']])

During handling of the above exception, another exception occurred:

Traceback (most recent call last):
  File "D:\python_35_class\py35_interface_practice\testcase\test_05add_project.py", line 57, in test_add
    self.assertEqual(expected['msg'],res.values())
  File "D:\Program Files\JetBrains\PyCharm 2019.2.5\helpers\pycharm\teamcity\diff_tools.py", line 38, in _patched_equals
    raise error
teamcity.diff_tools.EqualsAssertionError:  :: ['请确保这个字段不能超过 50 个字符。'] != dict_values([['请确保这个字段不能超过 50 个字符。']])
2021-01-18 18:49:51,774 xiangfeifei ERROR test_05add_project.py-59 line:用例-----【添加失败—项目名称为空】-----执行不通过
2021-01-18 18:49:51,774 xiangfeifei ERROR test_05add_project.py-60 line: :: ['该字段不能为空。'] != dict_values([['该字段不能为空。']])
Traceback (most recent call last):
  File "D:\Program Files\JetBrains\PyCharm 2019.2.5\helpers\pycharm\teamcity\diff_tools.py", line 32, in _patched_equals
    old(self, first, second, msg)
  File "D:\Program Files\python_3.8.1\lib\unittest\case.py", line 912, in assertEqual
    assertion_func(first, second, msg=msg)
  File "D:\Program Files\python_3.8.1\lib\unittest\case.py", line 905, in _baseAssertEqual
    raise self.failureException(msg)
AssertionError: ['该字段不能为空。'] != dict_values([['该字段不能为空。']])

During handling of the above exception, another exception occurred:

Traceback (most recent call last):
  File "D:\python_35_class\py35_interface_practice\testcase\test_05add_project.py", line 57, in test_add
    self.assertEqual(expected['msg'],res.values())
  File "D:\Program Files\JetBrains\PyCharm 2019.2.5\helpers\pycharm\teamcity\diff_tools.py", line 38, in _patched_equals
    raise error
teamcity.diff_tools.EqualsAssertionError:  :: ['该字段不能为空。'] != dict_values([['该字段不能为空。']])
2021-01-18 18:49:51,830 xiangfeifei ERROR test_05add_project.py-59 line:用例-----【添加失败—项目负责人为空】-----执行不通过
2021-01-18 18:49:51,831 xiangfeifei ERROR test_05add_project.py-60 line: :: ['该字段不能为空。'] != dict_values([['该字段不能为空。']])
Traceback (most recent call last):
  File "D:\Program Files\JetBrains\PyCharm 2019.2.5\helpers\pycharm\teamcity\diff_tools.py", line 32, in _patched_equals
    old(self, first, second, msg)
  File "D:\Program Files\python_3.8.1\lib\unittest\case.py", line 912, in assertEqual
    assertion_func(first, second, msg=msg)
  File "D:\Program Files\python_3.8.1\lib\unittest\case.py", line 905, in _baseAssertEqual
    raise self.failureException(msg)
AssertionError: ['该字段不能为空。'] != dict_values([['该字段不能为空。']])

During handling of the above exception, another exception occurred:

Traceback (most recent call last):
  File "D:\python_35_class\py35_interface_practice\testcase\test_05add_project.py", line 57, in test_add
    self.assertEqual(expected['msg'],res.values())
  File "D:\Program Files\JetBrains\PyCharm 2019.2.5\helpers\pycharm\teamcity\diff_tools.py", line 38, in _patched_equals
    raise error
teamcity.diff_tools.EqualsAssertionError:  :: ['该字段不能为空。'] != dict_values([['该字段不能为空。']])
2021-01-18 18:49:51,888 xiangfeifei ERROR test_05add_project.py-59 line:用例-----【添加失败—项目测试人员为空】-----执行不通过
2021-01-18 18:49:51,889 xiangfeifei ERROR test_05add_project.py-60 line: :: ['该字段不能为空。'] != dict_values([['该字段不能为空。']])
Traceback (most recent call last):
  File "D:\Program Files\JetBrains\PyCharm 2019.2.5\helpers\pycharm\teamcity\diff_tools.py", line 32, in _patched_equals
    old(self, first, second, msg)
  File "D:\Program Files\python_3.8.1\lib\unittest\case.py", line 912, in assertEqual
    assertion_func(first, second, msg=msg)
  File "D:\Program Files\python_3.8.1\lib\unittest\case.py", line 905, in _baseAssertEqual
    raise self.failureException(msg)
AssertionError: ['该字段不能为空。'] != dict_values([['该字段不能为空。']])

During handling of the above exception, another exception occurred:

Traceback (most recent call last):
  File "D:\python_35_class\py35_interface_practice\testcase\test_05add_project.py", line 57, in test_add
    self.assertEqual(expected['msg'],res.values())
  File "D:\Program Files\JetBrains\PyCharm 2019.2.5\helpers\pycharm\teamcity\diff_tools.py", line 38, in _patched_equals
    raise error
teamcity.diff_tools.EqualsAssertionError:  :: ['该字段不能为空。'] != dict_values([['该字段不能为空。']])
2021-01-18 18:49:52,027 xiangfeifei ERROR test_05add_project.py-59 line:用例-----【添加失败—开发人员为空】-----执行不通过
2021-01-18 18:49:52,027 xiangfeifei ERROR test_05add_project.py-60 line: :: ['该字段不能为空。'] != dict_values([['该字段不能为空。']])
Traceback (most recent call last):
  File "D:\Program Files\JetBrains\PyCharm 2019.2.5\helpers\pycharm\teamcity\diff_tools.py", line 32, in _patched_equals
    old(self, first, second, msg)
  File "D:\Program Files\python_3.8.1\lib\unittest\case.py", line 912, in assertEqual
    assertion_func(first, second, msg=msg)
  File "D:\Program Files\python_3.8.1\lib\unittest\case.py", line 905, in _baseAssertEqual
    raise self.failureException(msg)
AssertionError: ['该字段不能为空。'] != dict_values([['该字段不能为空。']])

During handling of the above exception, another exception occurred:

Traceback (most recent call last):
  File "D:\python_35_class\py35_interface_practice\testcase\test_05add_project.py", line 57, in test_add
    self.assertEqual(expected['msg'],res.values())
  File "D:\Program Files\JetBrains\PyCharm 2019.2.5\helpers\pycharm\teamcity\diff_tools.py", line 38, in _patched_equals
    raise error
teamcity.diff_tools.EqualsAssertionError:  :: ['该字段不能为空。'] != dict_values([['该字段不能为空。']])
2021-01-18 18:49:52,081 xiangfeifei ERROR test_05add_project.py-59 line:用例-----【添加失败—发布应用为空】-----执行不通过
2021-01-18 18:49:52,081 xiangfeifei ERROR test_05add_project.py-60 line: :: ['该字段不能为空。'] != dict_values([['该字段不能为空。']])
Traceback (most recent call last):
  File "D:\Program Files\JetBrains\PyCharm 2019.2.5\helpers\pycharm\teamcity\diff_tools.py", line 32, in _patched_equals
    old(self, first, second, msg)
  File "D:\Program Files\python_3.8.1\lib\unittest\case.py", line 912, in assertEqual
    assertion_func(first, second, msg=msg)
  File "D:\Program Files\python_3.8.1\lib\unittest\case.py", line 905, in _baseAssertEqual
    raise self.failureException(msg)
AssertionError: ['该字段不能为空。'] != dict_values([['该字段不能为空。']])

During handling of the above exception, another exception occurred:

Traceback (most recent call last):
  File "D:\python_35_class\py35_interface_practice\testcase\test_05add_project.py", line 57, in test_add
    self.assertEqual(expected['msg'],res.values())
  File "D:\Program Files\JetBrains\PyCharm 2019.2.5\helpers\pycharm\teamcity\diff_tools.py", line 38, in _patched_equals
    raise error
teamcity.diff_tools.EqualsAssertionError:  :: ['该字段不能为空。'] != dict_values([['该字段不能为空。']])
2021-01-18 18:49:52,133 xiangfeifei ERROR test_05add_project.py-59 line:用例-----【添加失败—项目名称重复】-----执行不通过
2021-01-18 18:49:52,133 xiangfeifei ERROR test_05add_project.py-60 line: :: ['具有 项目名称 的 项目信息 已存在。'] != dict_values([['具有 项目名称 的 项目信息 已存在。']])
Traceback (most recent call last):
  File "D:\Program Files\JetBrains\PyCharm 2019.2.5\helpers\pycharm\teamcity\diff_tools.py", line 32, in _patched_equals
    old(self, first, second, msg)
  File "D:\Program Files\python_3.8.1\lib\unittest\case.py", line 912, in assertEqual
    assertion_func(first, second, msg=msg)
  File "D:\Program Files\python_3.8.1\lib\unittest\case.py", line 905, in _baseAssertEqual
    raise self.failureException(msg)
AssertionError: ['具有 项目名称 的 项目信息 已存在。'] != dict_values([['具有 项目名称 的 项目信息 已存在。']])

During handling of the above exception, another exception occurred:

Traceback (most recent call last):
  File "D:\python_35_class\py35_interface_practice\testcase\test_05add_project.py", line 57, in test_add
    self.assertEqual(expected['msg'],res.values())
  File "D:\Program Files\JetBrains\PyCharm 2019.2.5\helpers\pycharm\teamcity\diff_tools.py", line 38, in _patched_equals
    raise error
teamcity.diff_tools.EqualsAssertionError:  :: ['具有 项目名称 的 项目信息 已存在。'] != dict_values([['具有 项目名称 的 项目信息 已存在。']])
2021-01-18 18:49:52,187 xiangfeifei ERROR test_05add_project.py-59 line:用例-----【添加失败—项目负责人超过50字符】-----执行不通过
2021-01-18 18:49:52,187 xiangfeifei ERROR test_05add_project.py-60 line: :: ['请确保这个字段不能超过 50 个字符。'] != dict_values([['请确保这个字段不能超过 50 个字符。']])
Traceback (most recent call last):
  File "D:\Program Files\JetBrains\PyCharm 2019.2.5\helpers\pycharm\teamcity\diff_tools.py", line 32, in _patched_equals
    old(self, first, second, msg)
  File "D:\Program Files\python_3.8.1\lib\unittest\case.py", line 912, in assertEqual
    assertion_func(first, second, msg=msg)
  File "D:\Program Files\python_3.8.1\lib\unittest\case.py", line 905, in _baseAssertEqual
    raise self.failureException(msg)
AssertionError: ['请确保这个字段不能超过 50 个字符。'] != dict_values([['请确保这个字段不能超过 50 个字符。']])

During handling of the above exception, another exception occurred:

Traceback (most recent call last):
  File "D:\python_35_class\py35_interface_practice\testcase\test_05add_project.py", line 57, in test_add
    self.assertEqual(expected['msg'],res.values())
  File "D:\Program Files\JetBrains\PyCharm 2019.2.5\helpers\pycharm\teamcity\diff_tools.py", line 38, in _patched_equals
    raise error
teamcity.diff_tools.EqualsAssertionError:  :: ['请确保这个字段不能超过 50 个字符。'] != dict_values([['请确保这个字段不能超过 50 个字符。']])
2021-01-18 18:49:52,236 xiangfeifei ERROR test_05add_project.py-59 line:用例-----【添加失败—项目测试人员超过50字符】-----执行不通过
2021-01-18 18:49:52,237 xiangfeifei ERROR test_05add_project.py-60 line: :: ['请确保这个字段不能超过 50 个字符。'] != dict_values([['请确保这个字段不能超过 50 个字符。']])
Traceback (most recent call last):
  File "D:\Program Files\JetBrains\PyCharm 2019.2.5\helpers\pycharm\teamcity\diff_tools.py", line 32, in _patched_equals
    old(self, first, second, msg)
  File "D:\Program Files\python_3.8.1\lib\unittest\case.py", line 912, in assertEqual
    assertion_func(first, second, msg=msg)
  File "D:\Program Files\python_3.8.1\lib\unittest\case.py", line 905, in _baseAssertEqual
    raise self.failureException(msg)
AssertionError: ['请确保这个字段不能超过 50 个字符。'] != dict_values([['请确保这个字段不能超过 50 个字符。']])

During handling of the above exception, another exception occurred:

Traceback (most recent call last):
  File "D:\python_35_class\py35_interface_practice\testcase\test_05add_project.py", line 57, in test_add
    self.assertEqual(expected['msg'],res.values())
  File "D:\Program Files\JetBrains\PyCharm 2019.2.5\helpers\pycharm\teamcity\diff_tools.py", line 38, in _patched_equals
    raise error
teamcity.diff_tools.EqualsAssertionError:  :: ['请确保这个字段不能超过 50 个字符。'] != dict_values([['请确保这个字段不能超过 50 个字符。']])
2021-01-18 18:49:52,291 xiangfeifei ERROR test_05add_project.py-59 line:用例-----【添加失败—项目开发人员超过50字符】-----执行不通过
2021-01-18 18:49:52,291 xiangfeifei ERROR test_05add_project.py-60 line: :: ['请确保这个字段不能超过 50 个字符。'] != dict_values([['请确保这个字段不能超过 50 个字符。']])
Traceback (most recent call last):
  File "D:\Program Files\JetBrains\PyCharm 2019.2.5\helpers\pycharm\teamcity\diff_tools.py", line 32, in _patched_equals
    old(self, first, second, msg)
  File "D:\Program Files\python_3.8.1\lib\unittest\case.py", line 912, in assertEqual
    assertion_func(first, second, msg=msg)
  File "D:\Program Files\python_3.8.1\lib\unittest\case.py", line 905, in _baseAssertEqual
    raise self.failureException(msg)
AssertionError: ['请确保这个字段不能超过 50 个字符。'] != dict_values([['请确保这个字段不能超过 50 个字符。']])

During handling of the above exception, another exception occurred:

Traceback (most recent call last):
  File "D:\python_35_class\py35_interface_practice\testcase\test_05add_project.py", line 57, in test_add
    self.assertEqual(expected['msg'],res.values())
  File "D:\Program Files\JetBrains\PyCharm 2019.2.5\helpers\pycharm\teamcity\diff_tools.py", line 38, in _patched_equals
    raise error
teamcity.diff_tools.EqualsAssertionError:  :: ['请确保这个字段不能超过 50 个字符。'] != dict_values([['请确保这个字段不能超过 50 个字符。']])
2021-01-18 18:50:07,238 xiangfeifei INFO test_05add_project.py-63 line:用例-----【添加成功-带描述】------执行通过
2021-01-18 18:50:07,319 xiangfeifei INFO test_05add_project.py-63 line:用例-----【添加成功-不带描述】------执行通过
2021-01-18 18:50:07,363 xiangfeifei INFO test_05add_project.py-63 line:用例-----【添加失败—项目名称为空】------执行通过
2021-01-18 18:50:07,430 xiangfeifei INFO test_05add_project.py-63 line:用例-----【添加失败—项目负责人为空】------执行通过
2021-01-18 18:50:07,477 xiangfeifei INFO test_05add_project.py-63 line:用例-----【添加失败—项目测试人员为空】------执行通过
2021-01-18 18:50:07,516 xiangfeifei INFO test_05add_project.py-63 line:用例-----【添加失败—开发人员为空】------执行通过
2021-01-18 18:50:07,559 xiangfeifei INFO test_05add_project.py-63 line:用例-----【添加失败—发布应用为空】------执行通过
2021-01-18 18:50:07,604 xiangfeifei INFO test_05add_project.py-63 line:用例-----【添加失败—项目名称重复】------执行通过
2021-01-18 18:50:07,658 xiangfeifei INFO test_05add_project.py-63 line:用例-----【添加失败—项目负责人超过50字符】------执行通过
2021-01-18 18:50:07,708 xiangfeifei INFO test_05add_project.py-63 line:用例-----【添加失败—项目测试人员超过50字符】------执行通过
2021-01-18 18:50:07,756 xiangfeifei INFO test_05add_project.py-63 line:用例-----【添加失败—项目开发人员超过50字符】------执行通过
2021-01-18 18:50:56,945 xiangfeifei ERROR test_06add_interfaces.py-60 line:用例-----【添加成功-带描述】-----执行不通过
2021-01-18 18:50:56,946 xiangfeifei ERROR test_06add_interfaces.py-61 line: :: 201 != 400
Traceback (most recent call last):
  File "D:\Program Files\JetBrains\PyCharm 2019.2.5\helpers\pycharm\teamcity\diff_tools.py", line 32, in _patched_equals
    old(self, first, second, msg)
  File "D:\Program Files\python_3.8.1\lib\unittest\case.py", line 912, in assertEqual
    assertion_func(first, second, msg=msg)
  File "D:\Program Files\python_3.8.1\lib\unittest\case.py", line 905, in _baseAssertEqual
    raise self.failureException(msg)
AssertionError: 201 != 400

During handling of the above exception, another exception occurred:

Traceback (most recent call last):
  File "D:\python_35_class\py35_interface_practice\testcase\test_06add_interfaces.py", line 54, in test_add
    self.assertEqual(expected['code'],code)
  File "D:\Program Files\JetBrains\PyCharm 2019.2.5\helpers\pycharm\teamcity\diff_tools.py", line 38, in _patched_equals
    raise error
teamcity.diff_tools.EqualsAssertionError:  :: 201 != 400
2021-01-18 18:50:57,047 xiangfeifei ERROR test_06add_interfaces.py-60 line:用例-----【添加成功-不带描述】-----执行不通过
2021-01-18 18:50:57,047 xiangfeifei ERROR test_06add_interfaces.py-61 line: :: 201 != 400
Traceback (most recent call last):
  File "D:\Program Files\JetBrains\PyCharm 2019.2.5\helpers\pycharm\teamcity\diff_tools.py", line 32, in _patched_equals
    old(self, first, second, msg)
  File "D:\Program Files\python_3.8.1\lib\unittest\case.py", line 912, in assertEqual
    assertion_func(first, second, msg=msg)
  File "D:\Program Files\python_3.8.1\lib\unittest\case.py", line 905, in _baseAssertEqual
    raise self.failureException(msg)
AssertionError: 201 != 400

During handling of the above exception, another exception occurred:

Traceback (most recent call last):
  File "D:\python_35_class\py35_interface_practice\testcase\test_06add_interfaces.py", line 54, in test_add
    self.assertEqual(expected['code'],code)
  File "D:\Program Files\JetBrains\PyCharm 2019.2.5\helpers\pycharm\teamcity\diff_tools.py", line 38, in _patched_equals
    raise error
teamcity.diff_tools.EqualsAssertionError:  :: 201 != 400
2021-01-18 18:50:57,096 xiangfeifei INFO test_06add_interfaces.py-64 line:用例-----【添加失败-接口名称为空】------执行通过
2021-01-18 18:50:57,142 xiangfeifei INFO test_06add_interfaces.py-64 line:用例-----【添加失败-测试人员为空】------执行通过
2021-01-18 18:50:57,186 xiangfeifei ERROR test_06add_interfaces.py-60 line:用例-----【添加失败-所属项目id为空】-----执行不通过
2021-01-18 18:50:57,186 xiangfeifei ERROR test_06add_interfaces.py-61 line:"['该字段不能为空。']" not found in "dict_values([['该字段不能为 null。']])"
Traceback (most recent call last):
  File "D:\python_35_class\py35_interface_practice\testcase\test_06add_interfaces.py", line 58, in test_add
    self.assertIn(str(expected['msg']),str(res.values()))
  File "D:\Program Files\python_3.8.1\lib\unittest\case.py", line 1179, in assertIn
    self.fail(self._formatMessage(msg, standardMsg))
  File "D:\Program Files\python_3.8.1\lib\unittest\case.py", line 753, in fail
    raise self.failureException(msg)
AssertionError: "['该字段不能为空。']" not found in "dict_values([['该字段不能为 null。']])"
2021-01-18 18:50:57,236 xiangfeifei ERROR test_06add_interfaces.py-60 line:用例-----【添加失败-所属项目id不存在】-----执行不通过
2021-01-18 18:50:57,236 xiangfeifei ERROR test_06add_interfaces.py-61 line:"['无效主键']" not found in "dict_values([['无效主键 “10340” － 对象不存在。']])"
Traceback (most recent call last):
  File "D:\python_35_class\py35_interface_practice\testcase\test_06add_interfaces.py", line 58, in test_add
    self.assertIn(str(expected['msg']),str(res.values()))
  File "D:\Program Files\python_3.8.1\lib\unittest\case.py", line 1179, in assertIn
    self.fail(self._formatMessage(msg, standardMsg))
  File "D:\Program Files\python_3.8.1\lib\unittest\case.py", line 753, in fail
    raise self.failureException(msg)
AssertionError: "['无效主键']" not found in "dict_values([['无效主键 “10340” － 对象不存在。']])"
2021-01-18 18:50:57,284 xiangfeifei INFO test_06add_interfaces.py-64 line:用例-----【添加失败-接口名称重复】------执行通过
2021-01-18 18:50:57,329 xiangfeifei INFO test_06add_interfaces.py-64 line:用例-----【添加失败-测试人员超过50个字符】------执行通过
2021-01-18 18:56:38,852 xiangfeifei ERROR test_06add_interfaces.py-61 line:用例-----【添加成功-带描述】-----执行不通过
2021-01-18 18:56:38,852 xiangfeifei ERROR test_06add_interfaces.py-62 line: :: 201 != 400
Traceback (most recent call last):
  File "D:\Program Files\JetBrains\PyCharm 2019.2.5\helpers\pycharm\teamcity\diff_tools.py", line 32, in _patched_equals
    old(self, first, second, msg)
  File "D:\Program Files\python_3.8.1\lib\unittest\case.py", line 912, in assertEqual
    assertion_func(first, second, msg=msg)
  File "D:\Program Files\python_3.8.1\lib\unittest\case.py", line 905, in _baseAssertEqual
    raise self.failureException(msg)
AssertionError: 201 != 400

During handling of the above exception, another exception occurred:

Traceback (most recent call last):
  File "D:\python_35_class\py35_interface_practice\testcase\test_06add_interfaces.py", line 55, in test_add
    self.assertEqual(expected['code'],code)
  File "D:\Program Files\JetBrains\PyCharm 2019.2.5\helpers\pycharm\teamcity\diff_tools.py", line 38, in _patched_equals
    raise error
teamcity.diff_tools.EqualsAssertionError:  :: 201 != 400
2021-01-18 18:56:38,973 xiangfeifei ERROR test_06add_interfaces.py-61 line:用例-----【添加成功-不带描述】-----执行不通过
2021-01-18 18:56:38,974 xiangfeifei ERROR test_06add_interfaces.py-62 line: :: 201 != 400
Traceback (most recent call last):
  File "D:\Program Files\JetBrains\PyCharm 2019.2.5\helpers\pycharm\teamcity\diff_tools.py", line 32, in _patched_equals
    old(self, first, second, msg)
  File "D:\Program Files\python_3.8.1\lib\unittest\case.py", line 912, in assertEqual
    assertion_func(first, second, msg=msg)
  File "D:\Program Files\python_3.8.1\lib\unittest\case.py", line 905, in _baseAssertEqual
    raise self.failureException(msg)
AssertionError: 201 != 400

During handling of the above exception, another exception occurred:

Traceback (most recent call last):
  File "D:\python_35_class\py35_interface_practice\testcase\test_06add_interfaces.py", line 55, in test_add
    self.assertEqual(expected['code'],code)
  File "D:\Program Files\JetBrains\PyCharm 2019.2.5\helpers\pycharm\teamcity\diff_tools.py", line 38, in _patched_equals
    raise error
teamcity.diff_tools.EqualsAssertionError:  :: 201 != 400
2021-01-18 18:56:39,025 xiangfeifei INFO test_06add_interfaces.py-65 line:用例-----【添加失败-接口名称为空】------执行通过
2021-01-18 18:56:39,070 xiangfeifei INFO test_06add_interfaces.py-65 line:用例-----【添加失败-测试人员为空】------执行通过
2021-01-18 18:56:39,134 xiangfeifei ERROR test_06add_interfaces.py-61 line:用例-----【添加失败-所属项目id为空】-----执行不通过
2021-01-18 18:56:39,134 xiangfeifei ERROR test_06add_interfaces.py-62 line:"['该字段不能为空。']" not found in "dict_values([['该字段不能为 null。']])"
Traceback (most recent call last):
  File "D:\python_35_class\py35_interface_practice\testcase\test_06add_interfaces.py", line 59, in test_add
    self.assertIn(str(expected['msg']),str(res.values()))
  File "D:\Program Files\python_3.8.1\lib\unittest\case.py", line 1179, in assertIn
    self.fail(self._formatMessage(msg, standardMsg))
  File "D:\Program Files\python_3.8.1\lib\unittest\case.py", line 753, in fail
    raise self.failureException(msg)
AssertionError: "['该字段不能为空。']" not found in "dict_values([['该字段不能为 null。']])"
2021-01-18 18:56:39,185 xiangfeifei ERROR test_06add_interfaces.py-61 line:用例-----【添加失败-所属项目id不存在】-----执行不通过
2021-01-18 18:56:39,185 xiangfeifei ERROR test_06add_interfaces.py-62 line:"['无效主键']" not found in "dict_values([['无效主键 “10341” － 对象不存在。']])"
Traceback (most recent call last):
  File "D:\python_35_class\py35_interface_practice\testcase\test_06add_interfaces.py", line 59, in test_add
    self.assertIn(str(expected['msg']),str(res.values()))
  File "D:\Program Files\python_3.8.1\lib\unittest\case.py", line 1179, in assertIn
    self.fail(self._formatMessage(msg, standardMsg))
  File "D:\Program Files\python_3.8.1\lib\unittest\case.py", line 753, in fail
    raise self.failureException(msg)
AssertionError: "['无效主键']" not found in "dict_values([['无效主键 “10341” － 对象不存在。']])"
2021-01-18 18:56:39,252 xiangfeifei INFO test_06add_interfaces.py-65 line:用例-----【添加失败-接口名称重复】------执行通过
2021-01-18 18:56:39,302 xiangfeifei INFO test_06add_interfaces.py-65 line:用例-----【添加失败-测试人员超过50个字符】------执行通过
2021-01-18 18:58:03,271 xiangfeifei ERROR test_06add_interfaces.py-61 line:用例-----【添加成功-带描述】-----执行不通过
2021-01-18 18:58:03,271 xiangfeifei ERROR test_06add_interfaces.py-62 line: :: 201 != 400
Traceback (most recent call last):
  File "D:\Program Files\JetBrains\PyCharm 2019.2.5\helpers\pycharm\teamcity\diff_tools.py", line 32, in _patched_equals
    old(self, first, second, msg)
  File "D:\Program Files\python_3.8.1\lib\unittest\case.py", line 912, in assertEqual
    assertion_func(first, second, msg=msg)
  File "D:\Program Files\python_3.8.1\lib\unittest\case.py", line 905, in _baseAssertEqual
    raise self.failureException(msg)
AssertionError: 201 != 400

During handling of the above exception, another exception occurred:

Traceback (most recent call last):
  File "D:\python_35_class\py35_interface_practice\testcase\test_06add_interfaces.py", line 55, in test_add
    self.assertEqual(expected['code'],code)
  File "D:\Program Files\JetBrains\PyCharm 2019.2.5\helpers\pycharm\teamcity\diff_tools.py", line 38, in _patched_equals
    raise error
teamcity.diff_tools.EqualsAssertionError:  :: 201 != 400
2021-01-18 18:58:03,414 xiangfeifei ERROR test_06add_interfaces.py-61 line:用例-----【添加成功-不带描述】-----执行不通过
2021-01-18 18:58:03,415 xiangfeifei ERROR test_06add_interfaces.py-62 line: :: 201 != 400
Traceback (most recent call last):
  File "D:\Program Files\JetBrains\PyCharm 2019.2.5\helpers\pycharm\teamcity\diff_tools.py", line 32, in _patched_equals
    old(self, first, second, msg)
  File "D:\Program Files\python_3.8.1\lib\unittest\case.py", line 912, in assertEqual
    assertion_func(first, second, msg=msg)
  File "D:\Program Files\python_3.8.1\lib\unittest\case.py", line 905, in _baseAssertEqual
    raise self.failureException(msg)
AssertionError: 201 != 400

During handling of the above exception, another exception occurred:

Traceback (most recent call last):
  File "D:\python_35_class\py35_interface_practice\testcase\test_06add_interfaces.py", line 55, in test_add
    self.assertEqual(expected['code'],code)
  File "D:\Program Files\JetBrains\PyCharm 2019.2.5\helpers\pycharm\teamcity\diff_tools.py", line 38, in _patched_equals
    raise error
teamcity.diff_tools.EqualsAssertionError:  :: 201 != 400
2021-01-18 18:58:03,463 xiangfeifei INFO test_06add_interfaces.py-65 line:用例-----【添加失败-接口名称为空】------执行通过
2021-01-18 18:58:03,510 xiangfeifei INFO test_06add_interfaces.py-65 line:用例-----【添加失败-测试人员为空】------执行通过
2021-01-18 18:58:03,552 xiangfeifei ERROR test_06add_interfaces.py-61 line:用例-----【添加失败-所属项目id为空】-----执行不通过
2021-01-18 18:58:03,553 xiangfeifei ERROR test_06add_interfaces.py-62 line:"['该字段不能为空。']" not found in "dict_values([['该字段不能为 null。']])"
Traceback (most recent call last):
  File "D:\python_35_class\py35_interface_practice\testcase\test_06add_interfaces.py", line 59, in test_add
    self.assertIn(str(expected.get('msg')),str(res.values()))
  File "D:\Program Files\python_3.8.1\lib\unittest\case.py", line 1179, in assertIn
    self.fail(self._formatMessage(msg, standardMsg))
  File "D:\Program Files\python_3.8.1\lib\unittest\case.py", line 753, in fail
    raise self.failureException(msg)
AssertionError: "['该字段不能为空。']" not found in "dict_values([['该字段不能为 null。']])"
2021-01-18 18:58:03,604 xiangfeifei ERROR test_06add_interfaces.py-61 line:用例-----【添加失败-所属项目id不存在】-----执行不通过
2021-01-18 18:58:03,604 xiangfeifei ERROR test_06add_interfaces.py-62 line:"['无效主键']" not found in "dict_values([['无效主键 “10342” － 对象不存在。']])"
Traceback (most recent call last):
  File "D:\python_35_class\py35_interface_practice\testcase\test_06add_interfaces.py", line 59, in test_add
    self.assertIn(str(expected.get('msg')),str(res.values()))
  File "D:\Program Files\python_3.8.1\lib\unittest\case.py", line 1179, in assertIn
    self.fail(self._formatMessage(msg, standardMsg))
  File "D:\Program Files\python_3.8.1\lib\unittest\case.py", line 753, in fail
    raise self.failureException(msg)
AssertionError: "['无效主键']" not found in "dict_values([['无效主键 “10342” － 对象不存在。']])"
2021-01-18 18:58:03,651 xiangfeifei INFO test_06add_interfaces.py-65 line:用例-----【添加失败-接口名称重复】------执行通过
2021-01-18 18:58:03,702 xiangfeifei INFO test_06add_interfaces.py-65 line:用例-----【添加失败-测试人员超过50个字符】------执行通过
2021-01-18 19:02:00,655 xiangfeifei ERROR test_06add_interfaces.py-61 line:用例-----【添加成功-带描述】-----执行不通过
2021-01-18 19:02:00,656 xiangfeifei ERROR test_06add_interfaces.py-62 line: :: 201 != 400
Traceback (most recent call last):
  File "D:\Program Files\JetBrains\PyCharm 2019.2.5\helpers\pycharm\teamcity\diff_tools.py", line 32, in _patched_equals
    old(self, first, second, msg)
  File "D:\Program Files\python_3.8.1\lib\unittest\case.py", line 912, in assertEqual
    assertion_func(first, second, msg=msg)
  File "D:\Program Files\python_3.8.1\lib\unittest\case.py", line 905, in _baseAssertEqual
    raise self.failureException(msg)
AssertionError: 201 != 400

During handling of the above exception, another exception occurred:

Traceback (most recent call last):
  File "D:\python_35_class\py35_interface_practice\testcase\test_06add_interfaces.py", line 55, in test_add
    self.assertEqual(expected['code'],code)
  File "D:\Program Files\JetBrains\PyCharm 2019.2.5\helpers\pycharm\teamcity\diff_tools.py", line 38, in _patched_equals
    raise error
teamcity.diff_tools.EqualsAssertionError:  :: 201 != 400
2021-01-18 19:02:00,778 xiangfeifei ERROR test_06add_interfaces.py-61 line:用例-----【添加成功-不带描述】-----执行不通过
2021-01-18 19:02:00,779 xiangfeifei ERROR test_06add_interfaces.py-62 line: :: 201 != 400
Traceback (most recent call last):
  File "D:\Program Files\JetBrains\PyCharm 2019.2.5\helpers\pycharm\teamcity\diff_tools.py", line 32, in _patched_equals
    old(self, first, second, msg)
  File "D:\Program Files\python_3.8.1\lib\unittest\case.py", line 912, in assertEqual
    assertion_func(first, second, msg=msg)
  File "D:\Program Files\python_3.8.1\lib\unittest\case.py", line 905, in _baseAssertEqual
    raise self.failureException(msg)
AssertionError: 201 != 400

During handling of the above exception, another exception occurred:

Traceback (most recent call last):
  File "D:\python_35_class\py35_interface_practice\testcase\test_06add_interfaces.py", line 55, in test_add
    self.assertEqual(expected['code'],code)
  File "D:\Program Files\JetBrains\PyCharm 2019.2.5\helpers\pycharm\teamcity\diff_tools.py", line 38, in _patched_equals
    raise error
teamcity.diff_tools.EqualsAssertionError:  :: 201 != 400
2021-01-18 19:02:00,830 xiangfeifei INFO test_06add_interfaces.py-65 line:用例-----【添加失败-接口名称为空】------执行通过
2021-01-18 19:02:00,882 xiangfeifei INFO test_06add_interfaces.py-65 line:用例-----【添加失败-测试人员为空】------执行通过
2021-01-18 19:02:00,928 xiangfeifei ERROR test_06add_interfaces.py-61 line:用例-----【添加失败-所属项目id为空】-----执行不通过
2021-01-18 19:02:00,928 xiangfeifei ERROR test_06add_interfaces.py-62 line:'该字段不能为空。' not found in ['该字段不能为 null。']
Traceback (most recent call last):
  File "D:\python_35_class\py35_interface_practice\testcase\test_06add_interfaces.py", line 59, in test_add
    self.assertIn(expected.get('msg')[0],list(res.values())[0])
  File "D:\Program Files\python_3.8.1\lib\unittest\case.py", line 1179, in assertIn
    self.fail(self._formatMessage(msg, standardMsg))
  File "D:\Program Files\python_3.8.1\lib\unittest\case.py", line 753, in fail
    raise self.failureException(msg)
AssertionError: '该字段不能为空。' not found in ['该字段不能为 null。']
2021-01-18 19:02:00,982 xiangfeifei ERROR test_06add_interfaces.py-61 line:用例-----【添加失败-所属项目id不存在】-----执行不通过
2021-01-18 19:02:00,982 xiangfeifei ERROR test_06add_interfaces.py-62 line:'无效主键' not found in ['无效主键 “10343” － 对象不存在。']
Traceback (most recent call last):
  File "D:\python_35_class\py35_interface_practice\testcase\test_06add_interfaces.py", line 59, in test_add
    self.assertIn(expected.get('msg')[0],list(res.values())[0])
  File "D:\Program Files\python_3.8.1\lib\unittest\case.py", line 1179, in assertIn
    self.fail(self._formatMessage(msg, standardMsg))
  File "D:\Program Files\python_3.8.1\lib\unittest\case.py", line 753, in fail
    raise self.failureException(msg)
AssertionError: '无效主键' not found in ['无效主键 “10343” － 对象不存在。']
2021-01-18 19:02:01,036 xiangfeifei INFO test_06add_interfaces.py-65 line:用例-----【添加失败-接口名称重复】------执行通过
2021-01-18 19:02:01,093 xiangfeifei INFO test_06add_interfaces.py-65 line:用例-----【添加失败-测试人员超过50个字符】------执行通过
2021-01-18 19:05:17,476 xiangfeifei ERROR test_06add_interfaces.py-60 line:用例-----【添加成功-带描述】-----执行不通过
2021-01-18 19:05:17,477 xiangfeifei ERROR test_06add_interfaces.py-61 line: :: 201 != 400
Traceback (most recent call last):
  File "D:\Program Files\JetBrains\PyCharm 2019.2.5\helpers\pycharm\teamcity\diff_tools.py", line 32, in _patched_equals
    old(self, first, second, msg)
  File "D:\Program Files\python_3.8.1\lib\unittest\case.py", line 912, in assertEqual
    assertion_func(first, second, msg=msg)
  File "D:\Program Files\python_3.8.1\lib\unittest\case.py", line 905, in _baseAssertEqual
    raise self.failureException(msg)
AssertionError: 201 != 400

During handling of the above exception, another exception occurred:

Traceback (most recent call last):
  File "D:\python_35_class\py35_interface_practice\testcase\test_06add_interfaces.py", line 54, in test_add
    self.assertEqual(expected['code'],code)
  File "D:\Program Files\JetBrains\PyCharm 2019.2.5\helpers\pycharm\teamcity\diff_tools.py", line 38, in _patched_equals
    raise error
teamcity.diff_tools.EqualsAssertionError:  :: 201 != 400
2021-01-18 19:05:17,608 xiangfeifei ERROR test_06add_interfaces.py-60 line:用例-----【添加成功-不带描述】-----执行不通过
2021-01-18 19:05:17,609 xiangfeifei ERROR test_06add_interfaces.py-61 line: :: 201 != 400
Traceback (most recent call last):
  File "D:\Program Files\JetBrains\PyCharm 2019.2.5\helpers\pycharm\teamcity\diff_tools.py", line 32, in _patched_equals
    old(self, first, second, msg)
  File "D:\Program Files\python_3.8.1\lib\unittest\case.py", line 912, in assertEqual
    assertion_func(first, second, msg=msg)
  File "D:\Program Files\python_3.8.1\lib\unittest\case.py", line 905, in _baseAssertEqual
    raise self.failureException(msg)
AssertionError: 201 != 400

During handling of the above exception, another exception occurred:

Traceback (most recent call last):
  File "D:\python_35_class\py35_interface_practice\testcase\test_06add_interfaces.py", line 54, in test_add
    self.assertEqual(expected['code'],code)
  File "D:\Program Files\JetBrains\PyCharm 2019.2.5\helpers\pycharm\teamcity\diff_tools.py", line 38, in _patched_equals
    raise error
teamcity.diff_tools.EqualsAssertionError:  :: 201 != 400
2021-01-18 19:05:17,656 xiangfeifei INFO test_06add_interfaces.py-64 line:用例-----【添加失败-接口名称为空】------执行通过
2021-01-18 19:05:17,714 xiangfeifei INFO test_06add_interfaces.py-64 line:用例-----【添加失败-测试人员为空】------执行通过
2021-01-18 19:05:17,753 xiangfeifei ERROR test_06add_interfaces.py-60 line:用例-----【添加失败-所属项目id为空】-----执行不通过
2021-01-18 19:05:17,753 xiangfeifei ERROR test_06add_interfaces.py-61 line:'该字段不能为空。' not found in ['该字段不能为 null。']
Traceback (most recent call last):
  File "D:\python_35_class\py35_interface_practice\testcase\test_06add_interfaces.py", line 58, in test_add
    self.assertIn(expected.get('msg')[0],list(res.values())[0])
  File "D:\Program Files\python_3.8.1\lib\unittest\case.py", line 1179, in assertIn
    self.fail(self._formatMessage(msg, standardMsg))
  File "D:\Program Files\python_3.8.1\lib\unittest\case.py", line 753, in fail
    raise self.failureException(msg)
AssertionError: '该字段不能为空。' not found in ['该字段不能为 null。']
2021-01-18 19:05:17,797 xiangfeifei ERROR test_06add_interfaces.py-60 line:用例-----【添加失败-所属项目id不存在】-----执行不通过
2021-01-18 19:05:17,798 xiangfeifei ERROR test_06add_interfaces.py-61 line:'无效主键' not found in ['无效主键 “10345” － 对象不存在。']
Traceback (most recent call last):
  File "D:\python_35_class\py35_interface_practice\testcase\test_06add_interfaces.py", line 58, in test_add
    self.assertIn(expected.get('msg')[0],list(res.values())[0])
  File "D:\Program Files\python_3.8.1\lib\unittest\case.py", line 1179, in assertIn
    self.fail(self._formatMessage(msg, standardMsg))
  File "D:\Program Files\python_3.8.1\lib\unittest\case.py", line 753, in fail
    raise self.failureException(msg)
AssertionError: '无效主键' not found in ['无效主键 “10345” － 对象不存在。']
2021-01-18 19:05:17,853 xiangfeifei INFO test_06add_interfaces.py-64 line:用例-----【添加失败-接口名称重复】------执行通过
2021-01-18 19:05:17,897 xiangfeifei INFO test_06add_interfaces.py-64 line:用例-----【添加失败-测试人员超过50个字符】------执行通过
2021-01-18 19:07:45,283 xiangfeifei ERROR test_06add_interfaces.py-60 line:用例-----【添加成功-带描述】-----执行不通过
2021-01-18 19:07:45,283 xiangfeifei ERROR test_06add_interfaces.py-61 line: :: 201 != 400
Traceback (most recent call last):
  File "D:\Program Files\JetBrains\PyCharm 2019.2.5\helpers\pycharm\teamcity\diff_tools.py", line 32, in _patched_equals
    old(self, first, second, msg)
  File "D:\Program Files\python_3.8.1\lib\unittest\case.py", line 912, in assertEqual
    assertion_func(first, second, msg=msg)
  File "D:\Program Files\python_3.8.1\lib\unittest\case.py", line 905, in _baseAssertEqual
    raise self.failureException(msg)
AssertionError: 201 != 400

During handling of the above exception, another exception occurred:

Traceback (most recent call last):
  File "D:\python_35_class\py35_interface_practice\testcase\test_06add_interfaces.py", line 54, in test_add
    self.assertEqual(expected['code'],code)
  File "D:\Program Files\JetBrains\PyCharm 2019.2.5\helpers\pycharm\teamcity\diff_tools.py", line 38, in _patched_equals
    raise error
teamcity.diff_tools.EqualsAssertionError:  :: 201 != 400
2021-01-18 19:07:45,399 xiangfeifei ERROR test_06add_interfaces.py-60 line:用例-----【添加成功-不带描述】-----执行不通过
2021-01-18 19:07:45,399 xiangfeifei ERROR test_06add_interfaces.py-61 line: :: 201 != 400
Traceback (most recent call last):
  File "D:\Program Files\JetBrains\PyCharm 2019.2.5\helpers\pycharm\teamcity\diff_tools.py", line 32, in _patched_equals
    old(self, first, second, msg)
  File "D:\Program Files\python_3.8.1\lib\unittest\case.py", line 912, in assertEqual
    assertion_func(first, second, msg=msg)
  File "D:\Program Files\python_3.8.1\lib\unittest\case.py", line 905, in _baseAssertEqual
    raise self.failureException(msg)
AssertionError: 201 != 400

During handling of the above exception, another exception occurred:

Traceback (most recent call last):
  File "D:\python_35_class\py35_interface_practice\testcase\test_06add_interfaces.py", line 54, in test_add
    self.assertEqual(expected['code'],code)
  File "D:\Program Files\JetBrains\PyCharm 2019.2.5\helpers\pycharm\teamcity\diff_tools.py", line 38, in _patched_equals
    raise error
teamcity.diff_tools.EqualsAssertionError:  :: 201 != 400
2021-01-18 19:08:26,676 xiangfeifei ERROR test_06add_interfaces.py-60 line:用例-----【添加成功-带描述】-----执行不通过
2021-01-18 19:08:26,676 xiangfeifei ERROR test_06add_interfaces.py-61 line: :: 201 != 400
Traceback (most recent call last):
  File "D:\Program Files\JetBrains\PyCharm 2019.2.5\helpers\pycharm\teamcity\diff_tools.py", line 32, in _patched_equals
    old(self, first, second, msg)
  File "D:\Program Files\python_3.8.1\lib\unittest\case.py", line 912, in assertEqual
    assertion_func(first, second, msg=msg)
  File "D:\Program Files\python_3.8.1\lib\unittest\case.py", line 905, in _baseAssertEqual
    raise self.failureException(msg)
AssertionError: 201 != 400

During handling of the above exception, another exception occurred:

Traceback (most recent call last):
  File "D:\python_35_class\py35_interface_practice\testcase\test_06add_interfaces.py", line 54, in test_add
    self.assertEqual(expected['code'],code)
  File "D:\Program Files\JetBrains\PyCharm 2019.2.5\helpers\pycharm\teamcity\diff_tools.py", line 38, in _patched_equals
    raise error
teamcity.diff_tools.EqualsAssertionError:  :: 201 != 400
2021-01-18 19:08:26,813 xiangfeifei ERROR test_06add_interfaces.py-60 line:用例-----【添加成功-不带描述】-----执行不通过
2021-01-18 19:08:26,814 xiangfeifei ERROR test_06add_interfaces.py-61 line: :: 201 != 400
Traceback (most recent call last):
  File "D:\Program Files\JetBrains\PyCharm 2019.2.5\helpers\pycharm\teamcity\diff_tools.py", line 32, in _patched_equals
    old(self, first, second, msg)
  File "D:\Program Files\python_3.8.1\lib\unittest\case.py", line 912, in assertEqual
    assertion_func(first, second, msg=msg)
  File "D:\Program Files\python_3.8.1\lib\unittest\case.py", line 905, in _baseAssertEqual
    raise self.failureException(msg)
AssertionError: 201 != 400

During handling of the above exception, another exception occurred:

Traceback (most recent call last):
  File "D:\python_35_class\py35_interface_practice\testcase\test_06add_interfaces.py", line 54, in test_add
    self.assertEqual(expected['code'],code)
  File "D:\Program Files\JetBrains\PyCharm 2019.2.5\helpers\pycharm\teamcity\diff_tools.py", line 38, in _patched_equals
    raise error
teamcity.diff_tools.EqualsAssertionError:  :: 201 != 400
2021-01-18 19:08:26,867 xiangfeifei INFO test_06add_interfaces.py-64 line:用例-----【添加失败-接口名称为空】------执行通过
2021-01-18 19:08:26,926 xiangfeifei INFO test_06add_interfaces.py-64 line:用例-----【添加失败-测试人员为空】------执行通过
2021-01-18 19:08:26,983 xiangfeifei ERROR test_06add_interfaces.py-60 line:用例-----【添加失败-所属项目id为空】-----执行不通过
2021-01-18 19:08:26,983 xiangfeifei ERROR test_06add_interfaces.py-61 line:'该字段不能为空。' not found in ['该字段不能为 null。']
Traceback (most recent call last):
  File "D:\python_35_class\py35_interface_practice\testcase\test_06add_interfaces.py", line 58, in test_add
    self.assertIn(str(expected.get('msg')[0]),list(res.values())[0])
  File "D:\Program Files\python_3.8.1\lib\unittest\case.py", line 1179, in assertIn
    self.fail(self._formatMessage(msg, standardMsg))
  File "D:\Program Files\python_3.8.1\lib\unittest\case.py", line 753, in fail
    raise self.failureException(msg)
AssertionError: '该字段不能为空。' not found in ['该字段不能为 null。']
2021-01-18 19:08:27,032 xiangfeifei ERROR test_06add_interfaces.py-60 line:用例-----【添加失败-所属项目id不存在】-----执行不通过
2021-01-18 19:08:27,032 xiangfeifei ERROR test_06add_interfaces.py-61 line:'无效主键' not found in ['无效主键 “10350” － 对象不存在。']
Traceback (most recent call last):
  File "D:\python_35_class\py35_interface_practice\testcase\test_06add_interfaces.py", line 58, in test_add
    self.assertIn(str(expected.get('msg')[0]),list(res.values())[0])
  File "D:\Program Files\python_3.8.1\lib\unittest\case.py", line 1179, in assertIn
    self.fail(self._formatMessage(msg, standardMsg))
  File "D:\Program Files\python_3.8.1\lib\unittest\case.py", line 753, in fail
    raise self.failureException(msg)
AssertionError: '无效主键' not found in ['无效主键 “10350” － 对象不存在。']
2021-01-18 19:08:27,078 xiangfeifei INFO test_06add_interfaces.py-64 line:用例-----【添加失败-接口名称重复】------执行通过
2021-01-18 19:08:27,149 xiangfeifei INFO test_06add_interfaces.py-64 line:用例-----【添加失败-测试人员超过50个字符】------执行通过
2021-01-18 19:11:04,109 xiangfeifei ERROR test_06add_interfaces.py-60 line:用例-----【添加成功-带描述】-----执行不通过
2021-01-18 19:11:04,110 xiangfeifei ERROR test_06add_interfaces.py-61 line: :: 201 != 400
Traceback (most recent call last):
  File "D:\Program Files\JetBrains\PyCharm 2019.2.5\helpers\pycharm\teamcity\diff_tools.py", line 32, in _patched_equals
    old(self, first, second, msg)
  File "D:\Program Files\python_3.8.1\lib\unittest\case.py", line 912, in assertEqual
    assertion_func(first, second, msg=msg)
  File "D:\Program Files\python_3.8.1\lib\unittest\case.py", line 905, in _baseAssertEqual
    raise self.failureException(msg)
AssertionError: 201 != 400

During handling of the above exception, another exception occurred:

Traceback (most recent call last):
  File "D:\python_35_class\py35_interface_practice\testcase\test_06add_interfaces.py", line 54, in test_add
    self.assertEqual(expected['code'],code)
  File "D:\Program Files\JetBrains\PyCharm 2019.2.5\helpers\pycharm\teamcity\diff_tools.py", line 38, in _patched_equals
    raise error
teamcity.diff_tools.EqualsAssertionError:  :: 201 != 400
2021-01-18 19:11:04,226 xiangfeifei ERROR test_06add_interfaces.py-60 line:用例-----【添加成功-不带描述】-----执行不通过
2021-01-18 19:11:04,226 xiangfeifei ERROR test_06add_interfaces.py-61 line: :: 201 != 400
Traceback (most recent call last):
  File "D:\Program Files\JetBrains\PyCharm 2019.2.5\helpers\pycharm\teamcity\diff_tools.py", line 32, in _patched_equals
    old(self, first, second, msg)
  File "D:\Program Files\python_3.8.1\lib\unittest\case.py", line 912, in assertEqual
    assertion_func(first, second, msg=msg)
  File "D:\Program Files\python_3.8.1\lib\unittest\case.py", line 905, in _baseAssertEqual
    raise self.failureException(msg)
AssertionError: 201 != 400

During handling of the above exception, another exception occurred:

Traceback (most recent call last):
  File "D:\python_35_class\py35_interface_practice\testcase\test_06add_interfaces.py", line 54, in test_add
    self.assertEqual(expected['code'],code)
  File "D:\Program Files\JetBrains\PyCharm 2019.2.5\helpers\pycharm\teamcity\diff_tools.py", line 38, in _patched_equals
    raise error
teamcity.diff_tools.EqualsAssertionError:  :: 201 != 400
2021-01-18 19:11:04,282 xiangfeifei ERROR test_06add_interfaces.py-60 line:用例-----【添加失败-接口名称为空】-----执行不通过
2021-01-18 19:11:04,282 xiangfeifei ERROR test_06add_interfaces.py-61 line:'字段不能' not found in ['该字段不能为空。']
Traceback (most recent call last):
  File "D:\python_35_class\py35_interface_practice\testcase\test_06add_interfaces.py", line 58, in test_add
    self.assertIn(str(expected.get('msg')[0])[1:5],list(res.values())[0])
  File "D:\Program Files\python_3.8.1\lib\unittest\case.py", line 1179, in assertIn
    self.fail(self._formatMessage(msg, standardMsg))
  File "D:\Program Files\python_3.8.1\lib\unittest\case.py", line 753, in fail
    raise self.failureException(msg)
AssertionError: '字段不能' not found in ['该字段不能为空。']
2021-01-18 19:11:04,336 xiangfeifei ERROR test_06add_interfaces.py-60 line:用例-----【添加失败-测试人员为空】-----执行不通过
2021-01-18 19:11:04,336 xiangfeifei ERROR test_06add_interfaces.py-61 line:'字段不能' not found in ['该字段不能为空。']
Traceback (most recent call last):
  File "D:\python_35_class\py35_interface_practice\testcase\test_06add_interfaces.py", line 58, in test_add
    self.assertIn(str(expected.get('msg')[0])[1:5],list(res.values())[0])
  File "D:\Program Files\python_3.8.1\lib\unittest\case.py", line 1179, in assertIn
    self.fail(self._formatMessage(msg, standardMsg))
  File "D:\Program Files\python_3.8.1\lib\unittest\case.py", line 753, in fail
    raise self.failureException(msg)
AssertionError: '字段不能' not found in ['该字段不能为空。']
2021-01-18 19:11:04,389 xiangfeifei ERROR test_06add_interfaces.py-60 line:用例-----【添加失败-所属项目id为空】-----执行不通过
2021-01-18 19:11:04,389 xiangfeifei ERROR test_06add_interfaces.py-61 line:'字段不能' not found in ['该字段不能为 null。']
Traceback (most recent call last):
  File "D:\python_35_class\py35_interface_practice\testcase\test_06add_interfaces.py", line 58, in test_add
    self.assertIn(str(expected.get('msg')[0])[1:5],list(res.values())[0])
  File "D:\Program Files\python_3.8.1\lib\unittest\case.py", line 1179, in assertIn
    self.fail(self._formatMessage(msg, standardMsg))
  File "D:\Program Files\python_3.8.1\lib\unittest\case.py", line 753, in fail
    raise self.failureException(msg)
AssertionError: '字段不能' not found in ['该字段不能为 null。']
2021-01-18 19:11:04,452 xiangfeifei ERROR test_06add_interfaces.py-60 line:用例-----【添加失败-所属项目id不存在】-----执行不通过
2021-01-18 19:11:04,452 xiangfeifei ERROR test_06add_interfaces.py-61 line:'效主键' not found in ['无效主键 “10351” － 对象不存在。']
Traceback (most recent call last):
  File "D:\python_35_class\py35_interface_practice\testcase\test_06add_interfaces.py", line 58, in test_add
    self.assertIn(str(expected.get('msg')[0])[1:5],list(res.values())[0])
  File "D:\Program Files\python_3.8.1\lib\unittest\case.py", line 1179, in assertIn
    self.fail(self._formatMessage(msg, standardMsg))
  File "D:\Program Files\python_3.8.1\lib\unittest\case.py", line 753, in fail
    raise self.failureException(msg)
AssertionError: '效主键' not found in ['无效主键 “10351” － 对象不存在。']
2021-01-18 19:11:04,603 xiangfeifei ERROR test_06add_interfaces.py-60 line:用例-----【添加失败-接口名称重复】-----执行不通过
2021-01-18 19:11:04,604 xiangfeifei ERROR test_06add_interfaces.py-61 line:'有 接口' not found in ['具有 接口名称 的 接口信息 已存在。']
Traceback (most recent call last):
  File "D:\python_35_class\py35_interface_practice\testcase\test_06add_interfaces.py", line 58, in test_add
    self.assertIn(str(expected.get('msg')[0])[1:5],list(res.values())[0])
  File "D:\Program Files\python_3.8.1\lib\unittest\case.py", line 1179, in assertIn
    self.fail(self._formatMessage(msg, standardMsg))
  File "D:\Program Files\python_3.8.1\lib\unittest\case.py", line 753, in fail
    raise self.failureException(msg)
AssertionError: '有 接口' not found in ['具有 接口名称 的 接口信息 已存在。']
2021-01-18 19:11:04,704 xiangfeifei ERROR test_06add_interfaces.py-60 line:用例-----【添加失败-测试人员超过50个字符】-----执行不通过
2021-01-18 19:11:04,705 xiangfeifei ERROR test_06add_interfaces.py-61 line:'确保这个' not found in ['请确保这个字段不能超过 50 个字符。']
Traceback (most recent call last):
  File "D:\python_35_class\py35_interface_practice\testcase\test_06add_interfaces.py", line 58, in test_add
    self.assertIn(str(expected.get('msg')[0])[1:5],list(res.values())[0])
  File "D:\Program Files\python_3.8.1\lib\unittest\case.py", line 1179, in assertIn
    self.fail(self._formatMessage(msg, standardMsg))
  File "D:\Program Files\python_3.8.1\lib\unittest\case.py", line 753, in fail
    raise self.failureException(msg)
AssertionError: '确保这个' not found in ['请确保这个字段不能超过 50 个字符。']
2021-01-18 19:12:16,280 xiangfeifei ERROR test_06add_interfaces.py-60 line:用例-----【添加成功-带描述】-----执行不通过
2021-01-18 19:12:16,281 xiangfeifei ERROR test_06add_interfaces.py-61 line: :: 201 != 400
Traceback (most recent call last):
  File "D:\Program Files\JetBrains\PyCharm 2019.2.5\helpers\pycharm\teamcity\diff_tools.py", line 32, in _patched_equals
    old(self, first, second, msg)
  File "D:\Program Files\python_3.8.1\lib\unittest\case.py", line 912, in assertEqual
    assertion_func(first, second, msg=msg)
  File "D:\Program Files\python_3.8.1\lib\unittest\case.py", line 905, in _baseAssertEqual
    raise self.failureException(msg)
AssertionError: 201 != 400

During handling of the above exception, another exception occurred:

Traceback (most recent call last):
  File "D:\python_35_class\py35_interface_practice\testcase\test_06add_interfaces.py", line 54, in test_add
    self.assertEqual(expected['code'],code)
  File "D:\Program Files\JetBrains\PyCharm 2019.2.5\helpers\pycharm\teamcity\diff_tools.py", line 38, in _patched_equals
    raise error
teamcity.diff_tools.EqualsAssertionError:  :: 201 != 400
2021-01-18 19:12:16,390 xiangfeifei ERROR test_06add_interfaces.py-60 line:用例-----【添加成功-不带描述】-----执行不通过
2021-01-18 19:12:16,391 xiangfeifei ERROR test_06add_interfaces.py-61 line: :: 201 != 400
Traceback (most recent call last):
  File "D:\Program Files\JetBrains\PyCharm 2019.2.5\helpers\pycharm\teamcity\diff_tools.py", line 32, in _patched_equals
    old(self, first, second, msg)
  File "D:\Program Files\python_3.8.1\lib\unittest\case.py", line 912, in assertEqual
    assertion_func(first, second, msg=msg)
  File "D:\Program Files\python_3.8.1\lib\unittest\case.py", line 905, in _baseAssertEqual
    raise self.failureException(msg)
AssertionError: 201 != 400

During handling of the above exception, another exception occurred:

Traceback (most recent call last):
  File "D:\python_35_class\py35_interface_practice\testcase\test_06add_interfaces.py", line 54, in test_add
    self.assertEqual(expected['code'],code)
  File "D:\Program Files\JetBrains\PyCharm 2019.2.5\helpers\pycharm\teamcity\diff_tools.py", line 38, in _patched_equals
    raise error
teamcity.diff_tools.EqualsAssertionError:  :: 201 != 400
2021-01-18 19:12:16,437 xiangfeifei INFO test_06add_interfaces.py-64 line:用例-----【添加失败-接口名称为空】------执行通过
2021-01-18 19:12:16,481 xiangfeifei INFO test_06add_interfaces.py-64 line:用例-----【添加失败-测试人员为空】------执行通过
2021-01-18 19:12:16,523 xiangfeifei ERROR test_06add_interfaces.py-60 line:用例-----【添加失败-所属项目id为空】-----执行不通过
2021-01-18 19:12:16,523 xiangfeifei ERROR test_06add_interfaces.py-61 line:['该字段不能为空。'] not found in dict_values([['该字段不能为 null。']])
Traceback (most recent call last):
  File "D:\python_35_class\py35_interface_practice\testcase\test_06add_interfaces.py", line 58, in test_add
    self.assertIn(expected.get('msg'),res.values())
  File "D:\Program Files\python_3.8.1\lib\unittest\case.py", line 1179, in assertIn
    self.fail(self._formatMessage(msg, standardMsg))
  File "D:\Program Files\python_3.8.1\lib\unittest\case.py", line 753, in fail
    raise self.failureException(msg)
AssertionError: ['该字段不能为空。'] not found in dict_values([['该字段不能为 null。']])
2021-01-18 19:12:16,574 xiangfeifei ERROR test_06add_interfaces.py-60 line:用例-----【添加失败-所属项目id不存在】-----执行不通过
2021-01-18 19:12:16,574 xiangfeifei ERROR test_06add_interfaces.py-61 line:['无效主键'] not found in dict_values([['无效主键 “10352” － 对象不存在。']])
Traceback (most recent call last):
  File "D:\python_35_class\py35_interface_practice\testcase\test_06add_interfaces.py", line 58, in test_add
    self.assertIn(expected.get('msg'),res.values())
  File "D:\Program Files\python_3.8.1\lib\unittest\case.py", line 1179, in assertIn
    self.fail(self._formatMessage(msg, standardMsg))
  File "D:\Program Files\python_3.8.1\lib\unittest\case.py", line 753, in fail
    raise self.failureException(msg)
AssertionError: ['无效主键'] not found in dict_values([['无效主键 “10352” － 对象不存在。']])
2021-01-18 19:12:16,632 xiangfeifei INFO test_06add_interfaces.py-64 line:用例-----【添加失败-接口名称重复】------执行通过
2021-01-18 19:12:16,675 xiangfeifei INFO test_06add_interfaces.py-64 line:用例-----【添加失败-测试人员超过50个字符】------执行通过
2021-01-18 19:13:32,711 xiangfeifei ERROR test_06add_interfaces.py-60 line:用例-----【添加成功-带描述】-----执行不通过
2021-01-18 19:13:32,712 xiangfeifei ERROR test_06add_interfaces.py-61 line: :: 201 != 400
Traceback (most recent call last):
  File "D:\Program Files\JetBrains\PyCharm 2019.2.5\helpers\pycharm\teamcity\diff_tools.py", line 32, in _patched_equals
    old(self, first, second, msg)
  File "D:\Program Files\python_3.8.1\lib\unittest\case.py", line 912, in assertEqual
    assertion_func(first, second, msg=msg)
  File "D:\Program Files\python_3.8.1\lib\unittest\case.py", line 905, in _baseAssertEqual
    raise self.failureException(msg)
AssertionError: 201 != 400

During handling of the above exception, another exception occurred:

Traceback (most recent call last):
  File "D:\python_35_class\py35_interface_practice\testcase\test_06add_interfaces.py", line 54, in test_add
    self.assertEqual(expected['code'],code)
  File "D:\Program Files\JetBrains\PyCharm 2019.2.5\helpers\pycharm\teamcity\diff_tools.py", line 38, in _patched_equals
    raise error
teamcity.diff_tools.EqualsAssertionError:  :: 201 != 400
2021-01-18 19:13:32,841 xiangfeifei ERROR test_06add_interfaces.py-60 line:用例-----【添加成功-不带描述】-----执行不通过
2021-01-18 19:13:32,841 xiangfeifei ERROR test_06add_interfaces.py-61 line: :: 201 != 400
Traceback (most recent call last):
  File "D:\Program Files\JetBrains\PyCharm 2019.2.5\helpers\pycharm\teamcity\diff_tools.py", line 32, in _patched_equals
    old(self, first, second, msg)
  File "D:\Program Files\python_3.8.1\lib\unittest\case.py", line 912, in assertEqual
    assertion_func(first, second, msg=msg)
  File "D:\Program Files\python_3.8.1\lib\unittest\case.py", line 905, in _baseAssertEqual
    raise self.failureException(msg)
AssertionError: 201 != 400

During handling of the above exception, another exception occurred:

Traceback (most recent call last):
  File "D:\python_35_class\py35_interface_practice\testcase\test_06add_interfaces.py", line 54, in test_add
    self.assertEqual(expected['code'],code)
  File "D:\Program Files\JetBrains\PyCharm 2019.2.5\helpers\pycharm\teamcity\diff_tools.py", line 38, in _patched_equals
    raise error
teamcity.diff_tools.EqualsAssertionError:  :: 201 != 400
2021-01-18 19:13:32,901 xiangfeifei INFO test_06add_interfaces.py-64 line:用例-----【添加失败-接口名称为空】------执行通过
2021-01-18 19:13:32,948 xiangfeifei INFO test_06add_interfaces.py-64 line:用例-----【添加失败-测试人员为空】------执行通过
2021-01-18 19:13:32,991 xiangfeifei ERROR test_06add_interfaces.py-60 line:用例-----【添加失败-所属项目id为空】-----执行不通过
2021-01-18 19:13:32,992 xiangfeifei ERROR test_06add_interfaces.py-61 line:['该字段不能为空。'] not found in [['该字段不能为 null。']]
Traceback (most recent call last):
  File "D:\python_35_class\py35_interface_practice\testcase\test_06add_interfaces.py", line 58, in test_add
    self.assertIn(expected.get('msg'),list(res.values()))
  File "D:\Program Files\python_3.8.1\lib\unittest\case.py", line 1179, in assertIn
    self.fail(self._formatMessage(msg, standardMsg))
  File "D:\Program Files\python_3.8.1\lib\unittest\case.py", line 753, in fail
    raise self.failureException(msg)
AssertionError: ['该字段不能为空。'] not found in [['该字段不能为 null。']]
2021-01-18 19:13:33,045 xiangfeifei ERROR test_06add_interfaces.py-60 line:用例-----【添加失败-所属项目id不存在】-----执行不通过
2021-01-18 19:13:33,045 xiangfeifei ERROR test_06add_interfaces.py-61 line:['无效主键'] not found in [['无效主键 “10353” － 对象不存在。']]
Traceback (most recent call last):
  File "D:\python_35_class\py35_interface_practice\testcase\test_06add_interfaces.py", line 58, in test_add
    self.assertIn(expected.get('msg'),list(res.values()))
  File "D:\Program Files\python_3.8.1\lib\unittest\case.py", line 1179, in assertIn
    self.fail(self._formatMessage(msg, standardMsg))
  File "D:\Program Files\python_3.8.1\lib\unittest\case.py", line 753, in fail
    raise self.failureException(msg)
AssertionError: ['无效主键'] not found in [['无效主键 “10353” － 对象不存在。']]
2021-01-18 19:13:33,095 xiangfeifei INFO test_06add_interfaces.py-64 line:用例-----【添加失败-接口名称重复】------执行通过
2021-01-18 19:13:33,147 xiangfeifei INFO test_06add_interfaces.py-64 line:用例-----【添加失败-测试人员超过50个字符】------执行通过
2021-01-18 19:16:03,548 xiangfeifei ERROR test_06add_interfaces.py-60 line:用例-----【添加成功-带描述】-----执行不通过
2021-01-18 19:16:03,549 xiangfeifei ERROR test_06add_interfaces.py-61 line: :: 201 != 400
Traceback (most recent call last):
  File "D:\Program Files\JetBrains\PyCharm 2019.2.5\helpers\pycharm\teamcity\diff_tools.py", line 32, in _patched_equals
    old(self, first, second, msg)
  File "D:\Program Files\python_3.8.1\lib\unittest\case.py", line 912, in assertEqual
    assertion_func(first, second, msg=msg)
  File "D:\Program Files\python_3.8.1\lib\unittest\case.py", line 905, in _baseAssertEqual
    raise self.failureException(msg)
AssertionError: 201 != 400

During handling of the above exception, another exception occurred:

Traceback (most recent call last):
  File "D:\python_35_class\py35_interface_practice\testcase\test_06add_interfaces.py", line 54, in test_add
    self.assertEqual(expected['code'],code)
  File "D:\Program Files\JetBrains\PyCharm 2019.2.5\helpers\pycharm\teamcity\diff_tools.py", line 38, in _patched_equals
    raise error
teamcity.diff_tools.EqualsAssertionError:  :: 201 != 400
2021-01-18 19:16:03,644 xiangfeifei ERROR test_06add_interfaces.py-60 line:用例-----【添加成功-不带描述】-----执行不通过
2021-01-18 19:16:03,645 xiangfeifei ERROR test_06add_interfaces.py-61 line: :: 201 != 400
Traceback (most recent call last):
  File "D:\Program Files\JetBrains\PyCharm 2019.2.5\helpers\pycharm\teamcity\diff_tools.py", line 32, in _patched_equals
    old(self, first, second, msg)
  File "D:\Program Files\python_3.8.1\lib\unittest\case.py", line 912, in assertEqual
    assertion_func(first, second, msg=msg)
  File "D:\Program Files\python_3.8.1\lib\unittest\case.py", line 905, in _baseAssertEqual
    raise self.failureException(msg)
AssertionError: 201 != 400

During handling of the above exception, another exception occurred:

Traceback (most recent call last):
  File "D:\python_35_class\py35_interface_practice\testcase\test_06add_interfaces.py", line 54, in test_add
    self.assertEqual(expected['code'],code)
  File "D:\Program Files\JetBrains\PyCharm 2019.2.5\helpers\pycharm\teamcity\diff_tools.py", line 38, in _patched_equals
    raise error
teamcity.diff_tools.EqualsAssertionError:  :: 201 != 400
2021-01-18 19:16:03,710 xiangfeifei INFO test_06add_interfaces.py-64 line:用例-----【添加失败-接口名称为空】------执行通过
2021-01-18 19:16:03,758 xiangfeifei INFO test_06add_interfaces.py-64 line:用例-----【添加失败-所属项目id为空】------执行通过
2021-01-18 19:16:03,811 xiangfeifei ERROR test_06add_interfaces.py-60 line:用例-----【添加失败-所属项目id不存在】-----执行不通过
2021-01-18 19:16:03,812 xiangfeifei ERROR test_06add_interfaces.py-61 line:['无效主键'] not found in [['无效主键 “10354” － 对象不存在。']]
Traceback (most recent call last):
  File "D:\python_35_class\py35_interface_practice\testcase\test_06add_interfaces.py", line 58, in test_add
    self.assertIn(expected.get('msg'),list(res.values()))
  File "D:\Program Files\python_3.8.1\lib\unittest\case.py", line 1179, in assertIn
    self.fail(self._formatMessage(msg, standardMsg))
  File "D:\Program Files\python_3.8.1\lib\unittest\case.py", line 753, in fail
    raise self.failureException(msg)
AssertionError: ['无效主键'] not found in [['无效主键 “10354” － 对象不存在。']]
2021-01-18 19:16:03,861 xiangfeifei INFO test_06add_interfaces.py-64 line:用例-----【添加失败-接口名称重复】------执行通过
2021-01-18 19:16:03,914 xiangfeifei INFO test_06add_interfaces.py-64 line:用例-----【添加失败-测试人员超过50个字符】------执行通过
2021-01-18 19:17:03,518 xiangfeifei ERROR test_06add_interfaces.py-60 line:用例-----【添加成功-带描述】-----执行不通过
2021-01-18 19:17:03,519 xiangfeifei ERROR test_06add_interfaces.py-61 line: :: 201 != 400
Traceback (most recent call last):
  File "D:\Program Files\JetBrains\PyCharm 2019.2.5\helpers\pycharm\teamcity\diff_tools.py", line 32, in _patched_equals
    old(self, first, second, msg)
  File "D:\Program Files\python_3.8.1\lib\unittest\case.py", line 912, in assertEqual
    assertion_func(first, second, msg=msg)
  File "D:\Program Files\python_3.8.1\lib\unittest\case.py", line 905, in _baseAssertEqual
    raise self.failureException(msg)
AssertionError: 201 != 400

During handling of the above exception, another exception occurred:

Traceback (most recent call last):
  File "D:\python_35_class\py35_interface_practice\testcase\test_06add_interfaces.py", line 54, in test_add
    self.assertEqual(expected['code'],code)
  File "D:\Program Files\JetBrains\PyCharm 2019.2.5\helpers\pycharm\teamcity\diff_tools.py", line 38, in _patched_equals
    raise error
teamcity.diff_tools.EqualsAssertionError:  :: 201 != 400
2021-01-18 19:17:03,651 xiangfeifei ERROR test_06add_interfaces.py-60 line:用例-----【添加成功-不带描述】-----执行不通过
2021-01-18 19:17:03,651 xiangfeifei ERROR test_06add_interfaces.py-61 line: :: 201 != 400
Traceback (most recent call last):
  File "D:\Program Files\JetBrains\PyCharm 2019.2.5\helpers\pycharm\teamcity\diff_tools.py", line 32, in _patched_equals
    old(self, first, second, msg)
  File "D:\Program Files\python_3.8.1\lib\unittest\case.py", line 912, in assertEqual
    assertion_func(first, second, msg=msg)
  File "D:\Program Files\python_3.8.1\lib\unittest\case.py", line 905, in _baseAssertEqual
    raise self.failureException(msg)
AssertionError: 201 != 400

During handling of the above exception, another exception occurred:

Traceback (most recent call last):
  File "D:\python_35_class\py35_interface_practice\testcase\test_06add_interfaces.py", line 54, in test_add
    self.assertEqual(expected['code'],code)
  File "D:\Program Files\JetBrains\PyCharm 2019.2.5\helpers\pycharm\teamcity\diff_tools.py", line 38, in _patched_equals
    raise error
teamcity.diff_tools.EqualsAssertionError:  :: 201 != 400
2021-01-18 19:17:03,724 xiangfeifei INFO test_06add_interfaces.py-64 line:用例-----【添加失败-接口名称为空】------执行通过
2021-01-18 19:17:03,772 xiangfeifei INFO test_06add_interfaces.py-64 line:用例-----【添加失败-测试人员为空】------执行通过
2021-01-18 19:17:03,820 xiangfeifei INFO test_06add_interfaces.py-64 line:用例-----【添加失败-所属项目id为空】------执行通过
2021-01-18 19:17:03,868 xiangfeifei ERROR test_06add_interfaces.py-60 line:用例-----【添加失败-所属项目id不存在】-----执行不通过
2021-01-18 19:17:03,869 xiangfeifei ERROR test_06add_interfaces.py-61 line:['无效主键'] not found in [['无效主键 “10355” － 对象不存在。']]
Traceback (most recent call last):
  File "D:\python_35_class\py35_interface_practice\testcase\test_06add_interfaces.py", line 58, in test_add
    self.assertIn(expected.get('msg'),list(res.values()))
  File "D:\Program Files\python_3.8.1\lib\unittest\case.py", line 1179, in assertIn
    self.fail(self._formatMessage(msg, standardMsg))
  File "D:\Program Files\python_3.8.1\lib\unittest\case.py", line 753, in fail
    raise self.failureException(msg)
AssertionError: ['无效主键'] not found in [['无效主键 “10355” － 对象不存在。']]
2021-01-18 19:17:03,926 xiangfeifei INFO test_06add_interfaces.py-64 line:用例-----【添加失败-接口名称重复】------执行通过
2021-01-18 19:17:03,971 xiangfeifei INFO test_06add_interfaces.py-64 line:用例-----【添加失败-测试人员超过50个字符】------执行通过
2021-01-18 19:19:21,827 xiangfeifei ERROR test_06add_interfaces.py-60 line:用例-----【添加成功-带描述】-----执行不通过
2021-01-18 19:19:21,828 xiangfeifei ERROR test_06add_interfaces.py-61 line: :: 201 != 400
Traceback (most recent call last):
  File "D:\Program Files\JetBrains\PyCharm 2019.2.5\helpers\pycharm\teamcity\diff_tools.py", line 32, in _patched_equals
    old(self, first, second, msg)
  File "D:\Program Files\python_3.8.1\lib\unittest\case.py", line 912, in assertEqual
    assertion_func(first, second, msg=msg)
  File "D:\Program Files\python_3.8.1\lib\unittest\case.py", line 905, in _baseAssertEqual
    raise self.failureException(msg)
AssertionError: 201 != 400

During handling of the above exception, another exception occurred:

Traceback (most recent call last):
  File "D:\python_35_class\py35_interface_practice\testcase\test_06add_interfaces.py", line 54, in test_add
    self.assertEqual(expected['code'],code)
  File "D:\Program Files\JetBrains\PyCharm 2019.2.5\helpers\pycharm\teamcity\diff_tools.py", line 38, in _patched_equals
    raise error
teamcity.diff_tools.EqualsAssertionError:  :: 201 != 400
2021-01-18 19:19:21,931 xiangfeifei ERROR test_06add_interfaces.py-60 line:用例-----【添加成功-不带描述】-----执行不通过
2021-01-18 19:19:21,931 xiangfeifei ERROR test_06add_interfaces.py-61 line: :: 201 != 400
Traceback (most recent call last):
  File "D:\Program Files\JetBrains\PyCharm 2019.2.5\helpers\pycharm\teamcity\diff_tools.py", line 32, in _patched_equals
    old(self, first, second, msg)
  File "D:\Program Files\python_3.8.1\lib\unittest\case.py", line 912, in assertEqual
    assertion_func(first, second, msg=msg)
  File "D:\Program Files\python_3.8.1\lib\unittest\case.py", line 905, in _baseAssertEqual
    raise self.failureException(msg)
AssertionError: 201 != 400

During handling of the above exception, another exception occurred:

Traceback (most recent call last):
  File "D:\python_35_class\py35_interface_practice\testcase\test_06add_interfaces.py", line 54, in test_add
    self.assertEqual(expected['code'],code)
  File "D:\Program Files\JetBrains\PyCharm 2019.2.5\helpers\pycharm\teamcity\diff_tools.py", line 38, in _patched_equals
    raise error
teamcity.diff_tools.EqualsAssertionError:  :: 201 != 400
2021-01-18 19:19:21,987 xiangfeifei ERROR test_06add_interfaces.py-60 line:用例-----【添加失败-接口名称为空】-----执行不通过
2021-01-18 19:19:21,987 xiangfeifei ERROR test_06add_interfaces.py-61 line:['该字段不能为空。'] not found in ['该字段不能为空。']
Traceback (most recent call last):
  File "D:\python_35_class\py35_interface_practice\testcase\test_06add_interfaces.py", line 58, in test_add
    self.assertIn(expected.get('msg'),list(res.values())[0])
  File "D:\Program Files\python_3.8.1\lib\unittest\case.py", line 1179, in assertIn
    self.fail(self._formatMessage(msg, standardMsg))
  File "D:\Program Files\python_3.8.1\lib\unittest\case.py", line 753, in fail
    raise self.failureException(msg)
AssertionError: ['该字段不能为空。'] not found in ['该字段不能为空。']
2021-01-18 19:19:22,045 xiangfeifei ERROR test_06add_interfaces.py-60 line:用例-----【添加失败-测试人员为空】-----执行不通过
2021-01-18 19:19:22,046 xiangfeifei ERROR test_06add_interfaces.py-61 line:['该字段不能为空。'] not found in ['该字段不能为空。']
Traceback (most recent call last):
  File "D:\python_35_class\py35_interface_practice\testcase\test_06add_interfaces.py", line 58, in test_add
    self.assertIn(expected.get('msg'),list(res.values())[0])
  File "D:\Program Files\python_3.8.1\lib\unittest\case.py", line 1179, in assertIn
    self.fail(self._formatMessage(msg, standardMsg))
  File "D:\Program Files\python_3.8.1\lib\unittest\case.py", line 753, in fail
    raise self.failureException(msg)
AssertionError: ['该字段不能为空。'] not found in ['该字段不能为空。']
2021-01-18 19:19:22,097 xiangfeifei ERROR test_06add_interfaces.py-60 line:用例-----【添加失败-所属项目id为空】-----执行不通过
2021-01-18 19:19:22,097 xiangfeifei ERROR test_06add_interfaces.py-61 line:['该字段不能为 null。'] not found in ['该字段不能为 null。']
Traceback (most recent call last):
  File "D:\python_35_class\py35_interface_practice\testcase\test_06add_interfaces.py", line 58, in test_add
    self.assertIn(expected.get('msg'),list(res.values())[0])
  File "D:\Program Files\python_3.8.1\lib\unittest\case.py", line 1179, in assertIn
    self.fail(self._formatMessage(msg, standardMsg))
  File "D:\Program Files\python_3.8.1\lib\unittest\case.py", line 753, in fail
    raise self.failureException(msg)
AssertionError: ['该字段不能为 null。'] not found in ['该字段不能为 null。']
2021-01-18 19:19:22,144 xiangfeifei ERROR test_06add_interfaces.py-60 line:用例-----【添加失败-所属项目id不存在】-----执行不通过
2021-01-18 19:19:22,145 xiangfeifei ERROR test_06add_interfaces.py-61 line:['无效主键'] not found in ['无效主键 “10356” － 对象不存在。']
Traceback (most recent call last):
  File "D:\python_35_class\py35_interface_practice\testcase\test_06add_interfaces.py", line 58, in test_add
    self.assertIn(expected.get('msg'),list(res.values())[0])
  File "D:\Program Files\python_3.8.1\lib\unittest\case.py", line 1179, in assertIn
    self.fail(self._formatMessage(msg, standardMsg))
  File "D:\Program Files\python_3.8.1\lib\unittest\case.py", line 753, in fail
    raise self.failureException(msg)
AssertionError: ['无效主键'] not found in ['无效主键 “10356” － 对象不存在。']
2021-01-18 19:19:22,198 xiangfeifei ERROR test_06add_interfaces.py-60 line:用例-----【添加失败-接口名称重复】-----执行不通过
2021-01-18 19:19:22,199 xiangfeifei ERROR test_06add_interfaces.py-61 line:['具有 接口名称 的 接口信息 已存在。'] not found in ['具有 接口名称 的 接口信息 已存在。']
Traceback (most recent call last):
  File "D:\python_35_class\py35_interface_practice\testcase\test_06add_interfaces.py", line 58, in test_add
    self.assertIn(expected.get('msg'),list(res.values())[0])
  File "D:\Program Files\python_3.8.1\lib\unittest\case.py", line 1179, in assertIn
    self.fail(self._formatMessage(msg, standardMsg))
  File "D:\Program Files\python_3.8.1\lib\unittest\case.py", line 753, in fail
    raise self.failureException(msg)
AssertionError: ['具有 接口名称 的 接口信息 已存在。'] not found in ['具有 接口名称 的 接口信息 已存在。']
2021-01-18 19:19:22,257 xiangfeifei ERROR test_06add_interfaces.py-60 line:用例-----【添加失败-测试人员超过50个字符】-----执行不通过
2021-01-18 19:19:22,257 xiangfeifei ERROR test_06add_interfaces.py-61 line:['请确保这个字段不能超过 50 个字符。'] not found in ['请确保这个字段不能超过 50 个字符。']
Traceback (most recent call last):
  File "D:\python_35_class\py35_interface_practice\testcase\test_06add_interfaces.py", line 58, in test_add
    self.assertIn(expected.get('msg'),list(res.values())[0])
  File "D:\Program Files\python_3.8.1\lib\unittest\case.py", line 1179, in assertIn
    self.fail(self._formatMessage(msg, standardMsg))
  File "D:\Program Files\python_3.8.1\lib\unittest\case.py", line 753, in fail
    raise self.failureException(msg)
AssertionError: ['请确保这个字段不能超过 50 个字符。'] not found in ['请确保这个字段不能超过 50 个字符。']
2021-01-18 19:19:44,880 xiangfeifei ERROR test_06add_interfaces.py-60 line:用例-----【添加成功-带描述】-----执行不通过
2021-01-18 19:19:44,881 xiangfeifei ERROR test_06add_interfaces.py-61 line: :: 201 != 400
Traceback (most recent call last):
  File "D:\Program Files\JetBrains\PyCharm 2019.2.5\helpers\pycharm\teamcity\diff_tools.py", line 32, in _patched_equals
    old(self, first, second, msg)
  File "D:\Program Files\python_3.8.1\lib\unittest\case.py", line 912, in assertEqual
    assertion_func(first, second, msg=msg)
  File "D:\Program Files\python_3.8.1\lib\unittest\case.py", line 905, in _baseAssertEqual
    raise self.failureException(msg)
AssertionError: 201 != 400

During handling of the above exception, another exception occurred:

Traceback (most recent call last):
  File "D:\python_35_class\py35_interface_practice\testcase\test_06add_interfaces.py", line 54, in test_add
    self.assertEqual(expected['code'],code)
  File "D:\Program Files\JetBrains\PyCharm 2019.2.5\helpers\pycharm\teamcity\diff_tools.py", line 38, in _patched_equals
    raise error
teamcity.diff_tools.EqualsAssertionError:  :: 201 != 400
2021-01-18 19:19:44,999 xiangfeifei ERROR test_06add_interfaces.py-60 line:用例-----【添加成功-不带描述】-----执行不通过
2021-01-18 19:19:45,000 xiangfeifei ERROR test_06add_interfaces.py-61 line: :: 201 != 400
Traceback (most recent call last):
  File "D:\Program Files\JetBrains\PyCharm 2019.2.5\helpers\pycharm\teamcity\diff_tools.py", line 32, in _patched_equals
    old(self, first, second, msg)
  File "D:\Program Files\python_3.8.1\lib\unittest\case.py", line 912, in assertEqual
    assertion_func(first, second, msg=msg)
  File "D:\Program Files\python_3.8.1\lib\unittest\case.py", line 905, in _baseAssertEqual
    raise self.failureException(msg)
AssertionError: 201 != 400

During handling of the above exception, another exception occurred:

Traceback (most recent call last):
  File "D:\python_35_class\py35_interface_practice\testcase\test_06add_interfaces.py", line 54, in test_add
    self.assertEqual(expected['code'],code)
  File "D:\Program Files\JetBrains\PyCharm 2019.2.5\helpers\pycharm\teamcity\diff_tools.py", line 38, in _patched_equals
    raise error
teamcity.diff_tools.EqualsAssertionError:  :: 201 != 400
2021-01-18 19:19:45,061 xiangfeifei INFO test_06add_interfaces.py-64 line:用例-----【添加失败-接口名称为空】------执行通过
2021-01-18 19:19:45,114 xiangfeifei INFO test_06add_interfaces.py-64 line:用例-----【添加失败-测试人员为空】------执行通过
2021-01-18 19:19:45,164 xiangfeifei INFO test_06add_interfaces.py-64 line:用例-----【添加失败-所属项目id为空】------执行通过
2021-01-18 19:19:45,209 xiangfeifei ERROR test_06add_interfaces.py-60 line:用例-----【添加失败-所属项目id不存在】-----执行不通过
2021-01-18 19:19:45,210 xiangfeifei ERROR test_06add_interfaces.py-61 line:['无效主键'] not found in [['无效主键 “10357” － 对象不存在。']]
Traceback (most recent call last):
  File "D:\python_35_class\py35_interface_practice\testcase\test_06add_interfaces.py", line 58, in test_add
    self.assertIn(expected.get('msg'),list(res.values()))
  File "D:\Program Files\python_3.8.1\lib\unittest\case.py", line 1179, in assertIn
    self.fail(self._formatMessage(msg, standardMsg))
  File "D:\Program Files\python_3.8.1\lib\unittest\case.py", line 753, in fail
    raise self.failureException(msg)
AssertionError: ['无效主键'] not found in [['无效主键 “10357” － 对象不存在。']]
2021-01-18 19:19:45,263 xiangfeifei INFO test_06add_interfaces.py-64 line:用例-----【添加失败-接口名称重复】------执行通过
2021-01-18 19:19:45,312 xiangfeifei INFO test_06add_interfaces.py-64 line:用例-----【添加失败-测试人员超过50个字符】------执行通过
2021-01-18 19:24:33,721 xiangfeifei ERROR test_06add_interfaces.py-60 line:用例-----【添加成功-带描述】-----执行不通过
2021-01-18 19:24:33,722 xiangfeifei ERROR test_06add_interfaces.py-61 line: :: 201 != 400
Traceback (most recent call last):
  File "D:\Program Files\JetBrains\PyCharm 2019.2.5\helpers\pycharm\teamcity\diff_tools.py", line 32, in _patched_equals
    old(self, first, second, msg)
  File "D:\Program Files\python_3.8.1\lib\unittest\case.py", line 912, in assertEqual
    assertion_func(first, second, msg=msg)
  File "D:\Program Files\python_3.8.1\lib\unittest\case.py", line 905, in _baseAssertEqual
    raise self.failureException(msg)
AssertionError: 201 != 400

During handling of the above exception, another exception occurred:

Traceback (most recent call last):
  File "D:\python_35_class\py35_interface_practice\testcase\test_06add_interfaces.py", line 54, in test_add
    self.assertEqual(expected['code'],code)
  File "D:\Program Files\JetBrains\PyCharm 2019.2.5\helpers\pycharm\teamcity\diff_tools.py", line 38, in _patched_equals
    raise error
teamcity.diff_tools.EqualsAssertionError:  :: 201 != 400
2021-01-18 19:24:33,840 xiangfeifei ERROR test_06add_interfaces.py-60 line:用例-----【添加成功-不带描述】-----执行不通过
2021-01-18 19:24:33,841 xiangfeifei ERROR test_06add_interfaces.py-61 line: :: 201 != 400
Traceback (most recent call last):
  File "D:\Program Files\JetBrains\PyCharm 2019.2.5\helpers\pycharm\teamcity\diff_tools.py", line 32, in _patched_equals
    old(self, first, second, msg)
  File "D:\Program Files\python_3.8.1\lib\unittest\case.py", line 912, in assertEqual
    assertion_func(first, second, msg=msg)
  File "D:\Program Files\python_3.8.1\lib\unittest\case.py", line 905, in _baseAssertEqual
    raise self.failureException(msg)
AssertionError: 201 != 400

During handling of the above exception, another exception occurred:

Traceback (most recent call last):
  File "D:\python_35_class\py35_interface_practice\testcase\test_06add_interfaces.py", line 54, in test_add
    self.assertEqual(expected['code'],code)
  File "D:\Program Files\JetBrains\PyCharm 2019.2.5\helpers\pycharm\teamcity\diff_tools.py", line 38, in _patched_equals
    raise error
teamcity.diff_tools.EqualsAssertionError:  :: 201 != 400
2021-01-18 19:24:33,889 xiangfeifei INFO test_06add_interfaces.py-64 line:用例-----【添加失败-接口名称为空】------执行通过
2021-01-18 19:24:33,944 xiangfeifei INFO test_06add_interfaces.py-64 line:用例-----【添加失败-测试人员为空】------执行通过
2021-01-18 19:24:33,984 xiangfeifei INFO test_06add_interfaces.py-64 line:用例-----【添加失败-所属项目id为空】------执行通过
2021-01-18 19:24:34,051 xiangfeifei INFO test_06add_interfaces.py-64 line:用例-----【添加失败-所属项目id不存在】------执行通过
2021-01-18 19:24:34,108 xiangfeifei INFO test_06add_interfaces.py-64 line:用例-----【添加失败-接口名称重复】------执行通过
2021-01-18 19:24:34,157 xiangfeifei INFO test_06add_interfaces.py-64 line:用例-----【添加失败-测试人员超过50个字符】------执行通过
2021-01-18 19:26:51,463 xiangfeifei ERROR test_06add_interfaces.py-61 line:用例-----【添加成功-带描述】-----执行不通过
2021-01-18 19:26:51,464 xiangfeifei ERROR test_06add_interfaces.py-62 line: :: 201 != 400
Traceback (most recent call last):
  File "D:\Program Files\JetBrains\PyCharm 2019.2.5\helpers\pycharm\teamcity\diff_tools.py", line 32, in _patched_equals
    old(self, first, second, msg)
  File "D:\Program Files\python_3.8.1\lib\unittest\case.py", line 912, in assertEqual
    assertion_func(first, second, msg=msg)
  File "D:\Program Files\python_3.8.1\lib\unittest\case.py", line 905, in _baseAssertEqual
    raise self.failureException(msg)
AssertionError: 201 != 400

During handling of the above exception, another exception occurred:

Traceback (most recent call last):
  File "D:\python_35_class\py35_interface_practice\testcase\test_06add_interfaces.py", line 54, in test_add
    self.assertEqual(expected['code'],code)
  File "D:\Program Files\JetBrains\PyCharm 2019.2.5\helpers\pycharm\teamcity\diff_tools.py", line 38, in _patched_equals
    raise error
teamcity.diff_tools.EqualsAssertionError:  :: 201 != 400
2021-01-18 19:26:51,575 xiangfeifei ERROR test_06add_interfaces.py-61 line:用例-----【添加成功-不带描述】-----执行不通过
2021-01-18 19:26:51,575 xiangfeifei ERROR test_06add_interfaces.py-62 line: :: 201 != 400
Traceback (most recent call last):
  File "D:\Program Files\JetBrains\PyCharm 2019.2.5\helpers\pycharm\teamcity\diff_tools.py", line 32, in _patched_equals
    old(self, first, second, msg)
  File "D:\Program Files\python_3.8.1\lib\unittest\case.py", line 912, in assertEqual
    assertion_func(first, second, msg=msg)
  File "D:\Program Files\python_3.8.1\lib\unittest\case.py", line 905, in _baseAssertEqual
    raise self.failureException(msg)
AssertionError: 201 != 400

During handling of the above exception, another exception occurred:

Traceback (most recent call last):
  File "D:\python_35_class\py35_interface_practice\testcase\test_06add_interfaces.py", line 54, in test_add
    self.assertEqual(expected['code'],code)
  File "D:\Program Files\JetBrains\PyCharm 2019.2.5\helpers\pycharm\teamcity\diff_tools.py", line 38, in _patched_equals
    raise error
teamcity.diff_tools.EqualsAssertionError:  :: 201 != 400
2021-01-18 19:26:51,630 xiangfeifei INFO test_06add_interfaces.py-65 line:用例-----【添加失败-接口名称为空】------执行通过
2021-01-18 19:26:51,687 xiangfeifei INFO test_06add_interfaces.py-65 line:用例-----【添加失败-测试人员为空】------执行通过
2021-01-18 19:26:51,741 xiangfeifei INFO test_06add_interfaces.py-65 line:用例-----【添加失败-所属项目id为空】------执行通过
2021-01-18 19:26:51,787 xiangfeifei INFO test_06add_interfaces.py-65 line:用例-----【添加失败-所属项目id不存在】------执行通过
2021-01-18 19:26:51,838 xiangfeifei INFO test_06add_interfaces.py-65 line:用例-----【添加失败-接口名称重复】------执行通过
2021-01-18 19:26:51,884 xiangfeifei INFO test_06add_interfaces.py-65 line:用例-----【添加失败-测试人员超过50个字符】------执行通过
2021-01-18 20:16:53,561 xiangfeifei ERROR test_07add_testcases.py-61 line:用例-----【添加成功】-----执行不通过
2021-01-18 20:16:53,561 xiangfeifei ERROR test_07add_testcases.py-62 line: :: 0 != 1
Traceback (most recent call last):
  File "D:\Program Files\JetBrains\PyCharm 2019.2.5\helpers\pycharm\teamcity\diff_tools.py", line 32, in _patched_equals
    old(self, first, second, msg)
  File "D:\Program Files\python_3.8.1\lib\unittest\case.py", line 912, in assertEqual
    assertion_func(first, second, msg=msg)
  File "D:\Program Files\python_3.8.1\lib\unittest\case.py", line 905, in _baseAssertEqual
    raise self.failureException(msg)
AssertionError: 0 != 1

During handling of the above exception, another exception occurred:

Traceback (most recent call last):
  File "D:\python_35_class\py35_interface_practice\testcase\test_07add_testcases.py", line 56, in test_add
    self.assertEqual(end_count-start_count,1)
  File "D:\Program Files\JetBrains\PyCharm 2019.2.5\helpers\pycharm\teamcity\diff_tools.py", line 38, in _patched_equals
    raise error
teamcity.diff_tools.EqualsAssertionError:  :: 0 != 1
2021-01-18 20:16:53,619 xiangfeifei INFO test_07add_testcases.py-65 line:用例-----【添加失败-用例名称为空】------执行通过
2021-01-18 20:16:53,666 xiangfeifei ERROR test_07add_testcases.py-61 line:用例-----【添加失败-所属项目为空】-----执行不通过
2021-01-18 20:16:53,667 xiangfeifei ERROR test_07add_testcases.py-62 line:'请填写合法的整数值。' not found in "['具有 用例名称 的 用例信息 已存在。']"
Traceback (most recent call last):
  File "D:\python_35_class\py35_interface_practice\testcase\test_07add_testcases.py", line 59, in test_add
    self.assertIn(str(expected['msg'][0]),str(list(res.values())[0]))
  File "D:\Program Files\python_3.8.1\lib\unittest\case.py", line 1179, in assertIn
    self.fail(self._formatMessage(msg, standardMsg))
  File "D:\Program Files\python_3.8.1\lib\unittest\case.py", line 753, in fail
    raise self.failureException(msg)
AssertionError: '请填写合法的整数值。' not found in "['具有 用例名称 的 用例信息 已存在。']"
2021-01-18 20:16:53,718 xiangfeifei ERROR test_07add_testcases.py-61 line:用例-----【添加失败-所属接口为空】-----执行不通过
2021-01-18 20:16:53,719 xiangfeifei ERROR test_07add_testcases.py-62 line:'请填写合法的整数值。' not found in "['具有 用例名称 的 用例信息 已存在。']"
Traceback (most recent call last):
  File "D:\python_35_class\py35_interface_practice\testcase\test_07add_testcases.py", line 59, in test_add
    self.assertIn(str(expected['msg'][0]),str(list(res.values())[0]))
  File "D:\Program Files\python_3.8.1\lib\unittest\case.py", line 1179, in assertIn
    self.fail(self._formatMessage(msg, standardMsg))
  File "D:\Program Files\python_3.8.1\lib\unittest\case.py", line 753, in fail
    raise self.failureException(msg)
AssertionError: '请填写合法的整数值。' not found in "['具有 用例名称 的 用例信息 已存在。']"
2021-01-18 20:16:53,764 xiangfeifei ERROR test_07add_testcases.py-61 line:用例-----【添加失败-编写人员为空】-----执行不通过
2021-01-18 20:16:53,764 xiangfeifei ERROR test_07add_testcases.py-62 line:'该字段不能为空。' not found in "['具有 用例名称 的 用例信息 已存在。']"
Traceback (most recent call last):
  File "D:\python_35_class\py35_interface_practice\testcase\test_07add_testcases.py", line 59, in test_add
    self.assertIn(str(expected['msg'][0]),str(list(res.values())[0]))
  File "D:\Program Files\python_3.8.1\lib\unittest\case.py", line 1179, in assertIn
    self.fail(self._formatMessage(msg, standardMsg))
  File "D:\Program Files\python_3.8.1\lib\unittest\case.py", line 753, in fail
    raise self.failureException(msg)
AssertionError: '该字段不能为空。' not found in "['具有 用例名称 的 用例信息 已存在。']"
2021-01-18 20:16:53,816 xiangfeifei ERROR test_07add_testcases.py-61 line:用例-----【添加失败-请求信息为空】-----执行不通过
2021-01-18 20:16:53,817 xiangfeifei ERROR test_07add_testcases.py-62 line:'该字段不能为空。' not found in "['具有 用例名称 的 用例信息 已存在。']"
Traceback (most recent call last):
  File "D:\python_35_class\py35_interface_practice\testcase\test_07add_testcases.py", line 59, in test_add
    self.assertIn(str(expected['msg'][0]),str(list(res.values())[0]))
  File "D:\Program Files\python_3.8.1\lib\unittest\case.py", line 1179, in assertIn
    self.fail(self._formatMessage(msg, standardMsg))
  File "D:\Program Files\python_3.8.1\lib\unittest\case.py", line 753, in fail
    raise self.failureException(msg)
AssertionError: '该字段不能为空。' not found in "['具有 用例名称 的 用例信息 已存在。']"
2021-01-18 20:16:53,862 xiangfeifei INFO test_07add_testcases.py-65 line:用例-----【添加失败-用例名称重复】------执行通过
2021-01-18 20:16:53,914 xiangfeifei INFO test_07add_testcases.py-65 line:用例-----【添加失败-用例名称超过50字符】------执行通过
2021-01-18 20:16:53,964 xiangfeifei ERROR test_07add_testcases.py-61 line:用例-----【添加失败-编写人员超过50字符】-----执行不通过
2021-01-18 20:16:53,964 xiangfeifei ERROR test_07add_testcases.py-62 line:'请确保这个字段不能超过 50 个字符。' not found in "['具有 用例名称 的 用例信息 已存在。']"
Traceback (most recent call last):
  File "D:\python_35_class\py35_interface_practice\testcase\test_07add_testcases.py", line 59, in test_add
    self.assertIn(str(expected['msg'][0]),str(list(res.values())[0]))
  File "D:\Program Files\python_3.8.1\lib\unittest\case.py", line 1179, in assertIn
    self.fail(self._formatMessage(msg, standardMsg))
  File "D:\Program Files\python_3.8.1\lib\unittest\case.py", line 753, in fail
    raise self.failureException(msg)
AssertionError: '请确保这个字段不能超过 50 个字符。' not found in "['具有 用例名称 的 用例信息 已存在。']"
2021-01-18 20:20:45,264 xiangfeifei ERROR test_06add_interfaces.py-60 line:用例-----【添加成功-带描述】-----执行不通过
2021-01-18 20:20:45,265 xiangfeifei ERROR test_06add_interfaces.py-61 line: :: 201 != 400
Traceback (most recent call last):
  File "D:\Program Files\JetBrains\PyCharm 2019.2.5\helpers\pycharm\teamcity\diff_tools.py", line 32, in _patched_equals
    old(self, first, second, msg)
  File "D:\Program Files\python_3.8.1\lib\unittest\case.py", line 912, in assertEqual
    assertion_func(first, second, msg=msg)
  File "D:\Program Files\python_3.8.1\lib\unittest\case.py", line 905, in _baseAssertEqual
    raise self.failureException(msg)
AssertionError: 201 != 400

During handling of the above exception, another exception occurred:

Traceback (most recent call last):
  File "D:\python_35_class\py35_interface_practice\testcase\test_06add_interfaces.py", line 54, in test_add
    self.assertEqual(expected['code'],code)
  File "D:\Program Files\JetBrains\PyCharm 2019.2.5\helpers\pycharm\teamcity\diff_tools.py", line 38, in _patched_equals
    raise error
teamcity.diff_tools.EqualsAssertionError:  :: 201 != 400
2021-01-18 20:20:45,377 xiangfeifei ERROR test_06add_interfaces.py-60 line:用例-----【添加成功-不带描述】-----执行不通过
2021-01-18 20:20:45,377 xiangfeifei ERROR test_06add_interfaces.py-61 line: :: 201 != 400
Traceback (most recent call last):
  File "D:\Program Files\JetBrains\PyCharm 2019.2.5\helpers\pycharm\teamcity\diff_tools.py", line 32, in _patched_equals
    old(self, first, second, msg)
  File "D:\Program Files\python_3.8.1\lib\unittest\case.py", line 912, in assertEqual
    assertion_func(first, second, msg=msg)
  File "D:\Program Files\python_3.8.1\lib\unittest\case.py", line 905, in _baseAssertEqual
    raise self.failureException(msg)
AssertionError: 201 != 400

During handling of the above exception, another exception occurred:

Traceback (most recent call last):
  File "D:\python_35_class\py35_interface_practice\testcase\test_06add_interfaces.py", line 54, in test_add
    self.assertEqual(expected['code'],code)
  File "D:\Program Files\JetBrains\PyCharm 2019.2.5\helpers\pycharm\teamcity\diff_tools.py", line 38, in _patched_equals
    raise error
teamcity.diff_tools.EqualsAssertionError:  :: 201 != 400
2021-01-18 20:20:45,430 xiangfeifei INFO test_06add_interfaces.py-64 line:用例-----【添加失败-接口名称为空】------执行通过
2021-01-18 20:20:45,506 xiangfeifei INFO test_06add_interfaces.py-64 line:用例-----【添加失败-测试人员为空】------执行通过
2021-01-18 20:20:45,557 xiangfeifei ERROR test_06add_interfaces.py-60 line:用例-----【添加失败-所属项目id为空】-----执行不通过
2021-01-18 20:20:45,558 xiangfeifei ERROR test_06add_interfaces.py-61 line:'该字段不能为空。' not found in "['该字段不能为 null。']"
Traceback (most recent call last):
  File "D:\python_35_class\py35_interface_practice\testcase\test_06add_interfaces.py", line 58, in test_add
    self.assertIn(str(expected['msg'][0]),str(list(res.values())[0]))
  File "D:\Program Files\python_3.8.1\lib\unittest\case.py", line 1179, in assertIn
    self.fail(self._formatMessage(msg, standardMsg))
  File "D:\Program Files\python_3.8.1\lib\unittest\case.py", line 753, in fail
    raise self.failureException(msg)
AssertionError: '该字段不能为空。' not found in "['该字段不能为 null。']"
2021-01-18 20:20:45,603 xiangfeifei INFO test_06add_interfaces.py-64 line:用例-----【添加失败-所属项目id不存在】------执行通过
2021-01-18 20:20:45,716 xiangfeifei INFO test_06add_interfaces.py-64 line:用例-----【添加失败-接口名称重复】------执行通过
2021-01-18 20:20:45,768 xiangfeifei INFO test_06add_interfaces.py-64 line:用例-----【添加失败-测试人员超过50个字符】------执行通过
2021-01-18 20:21:07,990 xiangfeifei ERROR test_06add_interfaces.py-60 line:用例-----【添加成功-带描述】-----执行不通过
2021-01-18 20:21:07,990 xiangfeifei ERROR test_06add_interfaces.py-61 line: :: 201 != 400
Traceback (most recent call last):
  File "D:\Program Files\JetBrains\PyCharm 2019.2.5\helpers\pycharm\teamcity\diff_tools.py", line 32, in _patched_equals
    old(self, first, second, msg)
  File "D:\Program Files\python_3.8.1\lib\unittest\case.py", line 912, in assertEqual
    assertion_func(first, second, msg=msg)
  File "D:\Program Files\python_3.8.1\lib\unittest\case.py", line 905, in _baseAssertEqual
    raise self.failureException(msg)
AssertionError: 201 != 400

During handling of the above exception, another exception occurred:

Traceback (most recent call last):
  File "D:\python_35_class\py35_interface_practice\testcase\test_06add_interfaces.py", line 54, in test_add
    self.assertEqual(expected['code'],code)
  File "D:\Program Files\JetBrains\PyCharm 2019.2.5\helpers\pycharm\teamcity\diff_tools.py", line 38, in _patched_equals
    raise error
teamcity.diff_tools.EqualsAssertionError:  :: 201 != 400
2021-01-18 20:21:08,096 xiangfeifei ERROR test_06add_interfaces.py-60 line:用例-----【添加成功-不带描述】-----执行不通过
2021-01-18 20:21:08,097 xiangfeifei ERROR test_06add_interfaces.py-61 line: :: 201 != 400
Traceback (most recent call last):
  File "D:\Program Files\JetBrains\PyCharm 2019.2.5\helpers\pycharm\teamcity\diff_tools.py", line 32, in _patched_equals
    old(self, first, second, msg)
  File "D:\Program Files\python_3.8.1\lib\unittest\case.py", line 912, in assertEqual
    assertion_func(first, second, msg=msg)
  File "D:\Program Files\python_3.8.1\lib\unittest\case.py", line 905, in _baseAssertEqual
    raise self.failureException(msg)
AssertionError: 201 != 400

During handling of the above exception, another exception occurred:

Traceback (most recent call last):
  File "D:\python_35_class\py35_interface_practice\testcase\test_06add_interfaces.py", line 54, in test_add
    self.assertEqual(expected['code'],code)
  File "D:\Program Files\JetBrains\PyCharm 2019.2.5\helpers\pycharm\teamcity\diff_tools.py", line 38, in _patched_equals
    raise error
teamcity.diff_tools.EqualsAssertionError:  :: 201 != 400
2021-01-18 20:21:08,159 xiangfeifei INFO test_06add_interfaces.py-64 line:用例-----【添加失败-接口名称为空】------执行通过
2021-01-18 20:21:08,208 xiangfeifei INFO test_06add_interfaces.py-64 line:用例-----【添加失败-测试人员为空】------执行通过
2021-01-18 20:21:08,249 xiangfeifei ERROR test_06add_interfaces.py-60 line:用例-----【添加失败-所属项目id为空】-----执行不通过
2021-01-18 20:21:08,250 xiangfeifei ERROR test_06add_interfaces.py-61 line:'该字段不能为空。' not found in "['该字段不能为 null。']"
Traceback (most recent call last):
  File "D:\python_35_class\py35_interface_practice\testcase\test_06add_interfaces.py", line 58, in test_add
    self.assertIn(str(expected['msg'][0]),str(list(res.values())[0]))
  File "D:\Program Files\python_3.8.1\lib\unittest\case.py", line 1179, in assertIn
    self.fail(self._formatMessage(msg, standardMsg))
  File "D:\Program Files\python_3.8.1\lib\unittest\case.py", line 753, in fail
    raise self.failureException(msg)
AssertionError: '该字段不能为空。' not found in "['该字段不能为 null。']"
2021-01-18 20:21:08,302 xiangfeifei INFO test_06add_interfaces.py-64 line:用例-----【添加失败-所属项目id不存在】------执行通过
2021-01-18 20:21:08,350 xiangfeifei INFO test_06add_interfaces.py-64 line:用例-----【添加失败-接口名称重复】------执行通过
2021-01-18 20:21:08,405 xiangfeifei INFO test_06add_interfaces.py-64 line:用例-----【添加失败-测试人员超过50个字符】------执行通过
2021-01-18 20:21:47,306 xiangfeifei ERROR test_07add_testcases.py-61 line:用例-----【添加成功】-----执行不通过
2021-01-18 20:21:47,307 xiangfeifei ERROR test_07add_testcases.py-62 line: :: 201 != 400
Traceback (most recent call last):
  File "D:\Program Files\JetBrains\PyCharm 2019.2.5\helpers\pycharm\teamcity\diff_tools.py", line 32, in _patched_equals
    old(self, first, second, msg)
  File "D:\Program Files\python_3.8.1\lib\unittest\case.py", line 912, in assertEqual
    assertion_func(first, second, msg=msg)
  File "D:\Program Files\python_3.8.1\lib\unittest\case.py", line 905, in _baseAssertEqual
    raise self.failureException(msg)
AssertionError: 201 != 400

During handling of the above exception, another exception occurred:

Traceback (most recent call last):
  File "D:\python_35_class\py35_interface_practice\testcase\test_07add_testcases.py", line 55, in test_add
    self.assertEqual(expected['code'],code)
  File "D:\Program Files\JetBrains\PyCharm 2019.2.5\helpers\pycharm\teamcity\diff_tools.py", line 38, in _patched_equals
    raise error
teamcity.diff_tools.EqualsAssertionError:  :: 201 != 400
2021-01-18 20:21:47,370 xiangfeifei INFO test_07add_testcases.py-65 line:用例-----【添加失败-用例名称为空】------执行通过
2021-01-18 20:21:47,420 xiangfeifei INFO test_07add_testcases.py-65 line:用例-----【添加失败-所属项目为空】------执行通过
2021-01-18 20:21:47,468 xiangfeifei INFO test_07add_testcases.py-65 line:用例-----【添加失败-所属接口为空】------执行通过
2021-01-18 20:21:47,528 xiangfeifei INFO test_07add_testcases.py-65 line:用例-----【添加失败-编写人员为空】------执行通过
2021-01-18 20:21:47,598 xiangfeifei INFO test_07add_testcases.py-65 line:用例-----【添加失败-请求信息为空】------执行通过
2021-01-18 20:21:47,657 xiangfeifei ERROR test_07add_testcases.py-61 line:用例-----【添加失败-用例名称重复】-----执行不通过
2021-01-18 20:21:47,657 xiangfeifei ERROR test_07add_testcases.py-62 line: :: 400 != 201
Traceback (most recent call last):
  File "D:\Program Files\JetBrains\PyCharm 2019.2.5\helpers\pycharm\teamcity\diff_tools.py", line 32, in _patched_equals
    old(self, first, second, msg)
  File "D:\Program Files\python_3.8.1\lib\unittest\case.py", line 912, in assertEqual
    assertion_func(first, second, msg=msg)
  File "D:\Program Files\python_3.8.1\lib\unittest\case.py", line 905, in _baseAssertEqual
    raise self.failureException(msg)
AssertionError: 400 != 201

During handling of the above exception, another exception occurred:

Traceback (most recent call last):
  File "D:\python_35_class\py35_interface_practice\testcase\test_07add_testcases.py", line 58, in test_add
    self.assertEqual(expected['code'],code)
  File "D:\Program Files\JetBrains\PyCharm 2019.2.5\helpers\pycharm\teamcity\diff_tools.py", line 38, in _patched_equals
    raise error
teamcity.diff_tools.EqualsAssertionError:  :: 400 != 201
2021-01-18 20:21:47,727 xiangfeifei INFO test_07add_testcases.py-65 line:用例-----【添加失败-用例名称超过50字符】------执行通过
2021-01-18 20:21:47,774 xiangfeifei INFO test_07add_testcases.py-65 line:用例-----【添加失败-编写人员超过50字符】------执行通过
2021-01-18 20:23:16,436 xiangfeifei ERROR test_07add_testcases.py-61 line:用例-----【添加成功】-----执行不通过
2021-01-18 20:23:16,436 xiangfeifei ERROR test_07add_testcases.py-62 line: :: 0 != 1
Traceback (most recent call last):
  File "D:\Program Files\JetBrains\PyCharm 2019.2.5\helpers\pycharm\teamcity\diff_tools.py", line 32, in _patched_equals
    old(self, first, second, msg)
  File "D:\Program Files\python_3.8.1\lib\unittest\case.py", line 912, in assertEqual
    assertion_func(first, second, msg=msg)
  File "D:\Program Files\python_3.8.1\lib\unittest\case.py", line 905, in _baseAssertEqual
    raise self.failureException(msg)
AssertionError: 0 != 1

During handling of the above exception, another exception occurred:

Traceback (most recent call last):
  File "D:\python_35_class\py35_interface_practice\testcase\test_07add_testcases.py", line 56, in test_add
    self.assertEqual(end_count-start_count,1)
  File "D:\Program Files\JetBrains\PyCharm 2019.2.5\helpers\pycharm\teamcity\diff_tools.py", line 38, in _patched_equals
    raise error
teamcity.diff_tools.EqualsAssertionError:  :: 0 != 1
2021-01-18 20:23:16,529 xiangfeifei INFO test_07add_testcases.py-65 line:用例-----【添加失败-用例名称为空】------执行通过
2021-01-18 20:23:16,579 xiangfeifei INFO test_07add_testcases.py-65 line:用例-----【添加失败-所属项目为空】------执行通过
2021-01-18 20:23:16,627 xiangfeifei INFO test_07add_testcases.py-65 line:用例-----【添加失败-所属接口为空】------执行通过
2021-01-18 20:23:16,669 xiangfeifei INFO test_07add_testcases.py-65 line:用例-----【添加失败-编写人员为空】------执行通过
2021-01-18 20:23:16,715 xiangfeifei INFO test_07add_testcases.py-65 line:用例-----【添加失败-请求信息为空】------执行通过
2021-01-18 20:23:16,777 xiangfeifei INFO test_07add_testcases.py-65 line:用例-----【添加失败-用例名称重复】------执行通过
2021-01-18 20:23:16,830 xiangfeifei INFO test_07add_testcases.py-65 line:用例-----【添加失败-用例名称超过50字符】------执行通过
2021-01-18 20:23:16,878 xiangfeifei INFO test_07add_testcases.py-65 line:用例-----【添加失败-编写人员超过50字符】------执行通过
2021-01-18 20:27:35,481 xiangfeifei INFO test_07add_testcases.py-65 line:用例-----【添加成功】------执行通过
2021-01-18 20:27:35,528 xiangfeifei INFO test_07add_testcases.py-65 line:用例-----【添加失败-用例名称为空】------执行通过
2021-01-18 20:27:35,576 xiangfeifei INFO test_07add_testcases.py-65 line:用例-----【添加失败-所属项目为空】------执行通过
2021-01-18 20:27:35,619 xiangfeifei INFO test_07add_testcases.py-65 line:用例-----【添加失败-所属接口为空】------执行通过
2021-01-18 20:27:35,668 xiangfeifei INFO test_07add_testcases.py-65 line:用例-----【添加失败-编写人员为空】------执行通过
2021-01-18 20:27:35,720 xiangfeifei INFO test_07add_testcases.py-65 line:用例-----【添加失败-请求信息为空】------执行通过
2021-01-18 20:27:35,772 xiangfeifei INFO test_07add_testcases.py-65 line:用例-----【添加失败-用例名称重复】------执行通过
2021-01-18 20:27:35,825 xiangfeifei INFO test_07add_testcases.py-65 line:用例-----【添加失败-用例名称超过50字符】------执行通过
2021-01-18 20:27:35,879 xiangfeifei INFO test_07add_testcases.py-65 line:用例-----【添加失败-编写人员超过50字符】------执行通过
2021-01-18 20:32:40,560 xiangfeifei INFO test_07add_testcases.py-67 line:用例-----【添加成功】------执行通过
2021-01-18 20:32:40,618 xiangfeifei INFO test_07add_testcases.py-67 line:用例-----【添加失败-用例名称为空】------执行通过
2021-01-18 20:32:40,677 xiangfeifei INFO test_07add_testcases.py-67 line:用例-----【添加失败-所属项目为空】------执行通过
2021-01-18 20:32:40,741 xiangfeifei INFO test_07add_testcases.py-67 line:用例-----【添加失败-所属接口为空】------执行通过
2021-01-18 20:32:40,793 xiangfeifei INFO test_07add_testcases.py-67 line:用例-----【添加失败-编写人员为空】------执行通过
2021-01-18 20:32:40,858 xiangfeifei INFO test_07add_testcases.py-67 line:用例-----【添加失败-请求信息为空】------执行通过
2021-01-18 20:32:40,908 xiangfeifei INFO test_07add_testcases.py-67 line:用例-----【添加失败-用例名称重复】------执行通过
2021-01-18 20:32:40,956 xiangfeifei INFO test_07add_testcases.py-67 line:用例-----【添加失败-用例名称超过50字符】------执行通过
2021-01-18 20:32:41,009 xiangfeifei INFO test_07add_testcases.py-67 line:用例-----【添加失败-编写人员超过50字符】------执行通过
2021-01-18 20:35:54,169 xiangfeifei INFO test_01register.py-60 line:用例-----【注册成功】------执行通过
2021-01-18 20:35:54,230 xiangfeifei INFO test_01register.py-60 line:用例-----【用户名为空】------执行通过
2021-01-18 20:35:54,410 xiangfeifei ERROR test_01register.py-56 line:用例-----【邮箱为空】-----执行不通过
2021-01-18 20:35:54,411 xiangfeifei ERROR test_01register.py-57 line:400 != 201
Traceback (most recent call last):
  File "D:\python_35_class\py35_interface_practice\testcase\test_01register.py", line 53, in test_register
    self.assertEqual(expected['code'], code)
  File "D:\Program Files\python_3.8.1\lib\unittest\case.py", line 912, in assertEqual
    assertion_func(first, second, msg=msg)
  File "D:\Program Files\python_3.8.1\lib\unittest\case.py", line 905, in _baseAssertEqual
    raise self.failureException(msg)
AssertionError: 400 != 201
2021-01-18 20:35:54,466 xiangfeifei INFO test_01register.py-60 line:用例-----【密码为空】------执行通过
2021-01-18 20:35:54,519 xiangfeifei INFO test_01register.py-60 line:用例-----【确认密码为空】------执行通过
2021-01-18 20:35:54,572 xiangfeifei INFO test_01register.py-60 line:用例-----【两次密码不一致】------执行通过
2021-01-18 20:35:54,618 xiangfeifei INFO test_01register.py-60 line:用例-----【已存在的用户名】------执行通过
2021-01-18 20:35:54,656 xiangfeifei INFO test_01register.py-60 line:用例-----【已注册过的邮箱】------执行通过
2021-01-18 20:35:54,705 xiangfeifei INFO test_01register.py-60 line:用例-----【邮箱格式不正确】------执行通过
2021-01-18 20:35:54,755 xiangfeifei INFO test_01register.py-60 line:用例-----【密码少于6位】------执行通过
2021-01-18 20:35:54,800 xiangfeifei INFO test_01register.py-60 line:用例-----【密码大于20】------执行通过
2021-01-18 20:35:54,845 xiangfeifei INFO test_01register.py-60 line:用例-----【用户名少于6位】------执行通过
2021-01-18 20:35:54,885 xiangfeifei INFO test_01register.py-60 line:用例-----【用户名大于20】------执行通过
2021-01-18 20:35:55,079 xiangfeifei ERROR test_02login.py-42 line:用例-----【登录成功】-----执行不通过
2021-01-18 20:35:55,079 xiangfeifei ERROR test_02login.py-43 line:201 != 200
Traceback (most recent call last):
  File "D:\python_35_class\py35_interface_practice\testcase\test_02login.py", line 39, in test_login
    self.assertEqual(expected['code'],code)
  File "D:\Program Files\python_3.8.1\lib\unittest\case.py", line 912, in assertEqual
    assertion_func(first, second, msg=msg)
  File "D:\Program Files\python_3.8.1\lib\unittest\case.py", line 905, in _baseAssertEqual
    raise self.failureException(msg)
AssertionError: 201 != 200
2021-01-18 20:35:55,246 xiangfeifei ERROR test_02login.py-42 line:用例-----【用户名前后有空格】-----执行不通过
2021-01-18 20:35:55,246 xiangfeifei ERROR test_02login.py-43 line:201 != 200
Traceback (most recent call last):
  File "D:\python_35_class\py35_interface_practice\testcase\test_02login.py", line 39, in test_login
    self.assertEqual(expected['code'],code)
  File "D:\Program Files\python_3.8.1\lib\unittest\case.py", line 912, in assertEqual
    assertion_func(first, second, msg=msg)
  File "D:\Program Files\python_3.8.1\lib\unittest\case.py", line 905, in _baseAssertEqual
    raise self.failureException(msg)
AssertionError: 201 != 200
2021-01-18 20:35:55,288 xiangfeifei INFO test_02login.py-46 line:用例-----【用户名为空】------执行通过
2021-01-18 20:35:55,328 xiangfeifei INFO test_02login.py-46 line:用例-----【密码为空】------执行通过
2021-01-18 20:35:55,486 xiangfeifei INFO test_02login.py-46 line:用例-----【账号错误】------执行通过
2021-01-18 20:35:55,641 xiangfeifei INFO test_02login.py-46 line:用例-----【密码错误】------执行通过
2021-01-18 20:35:55,689 xiangfeifei INFO test_03username.py-39 line:用例-----【已注册】------执行通过
2021-01-18 20:35:55,740 xiangfeifei INFO test_03username.py-39 line:用例-----【未注册】------执行通过
2021-01-18 20:35:55,778 xiangfeifei INFO test_04email.py-39 line:用例-----【已注册】------执行通过
2021-01-18 20:35:55,817 xiangfeifei INFO test_04email.py-39 line:用例-----【未注册】------执行通过
2021-01-18 20:35:56,039 xiangfeifei INFO test_05add_project.py-63 line:用例-----【添加成功-带描述】------执行通过
2021-01-18 20:35:56,114 xiangfeifei INFO test_05add_project.py-63 line:用例-----【添加成功-不带描述】------执行通过
2021-01-18 20:35:56,166 xiangfeifei INFO test_05add_project.py-63 line:用例-----【添加失败—项目名称为空】------执行通过
2021-01-18 20:35:56,215 xiangfeifei INFO test_05add_project.py-63 line:用例-----【添加失败—项目负责人为空】------执行通过
2021-01-18 20:35:56,268 xiangfeifei INFO test_05add_project.py-63 line:用例-----【添加失败—项目测试人员为空】------执行通过
2021-01-18 20:35:56,323 xiangfeifei INFO test_05add_project.py-63 line:用例-----【添加失败—开发人员为空】------执行通过
2021-01-18 20:35:56,369 xiangfeifei INFO test_05add_project.py-63 line:用例-----【添加失败—发布应用为空】------执行通过
2021-01-18 20:35:56,419 xiangfeifei INFO test_05add_project.py-63 line:用例-----【添加失败—项目名称重复】------执行通过
2021-01-18 20:35:56,457 xiangfeifei INFO test_05add_project.py-63 line:用例-----【添加失败—项目负责人超过50字符】------执行通过
2021-01-18 20:35:56,503 xiangfeifei INFO test_05add_project.py-63 line:用例-----【添加失败—项目测试人员超过50字符】------执行通过
2021-01-18 20:35:56,544 xiangfeifei INFO test_05add_project.py-63 line:用例-----【添加失败—项目开发人员超过50字符】------执行通过
2021-01-18 20:35:56,876 xiangfeifei INFO test_06add_interfaces.py-64 line:用例-----【添加成功-带描述】------执行通过
2021-01-18 20:35:56,969 xiangfeifei INFO test_06add_interfaces.py-64 line:用例-----【添加成功-不带描述】------执行通过
2021-01-18 20:35:57,016 xiangfeifei INFO test_06add_interfaces.py-64 line:用例-----【添加失败-接口名称为空】------执行通过
2021-01-18 20:35:57,072 xiangfeifei INFO test_06add_interfaces.py-64 line:用例-----【添加失败-测试人员为空】------执行通过
2021-01-18 20:35:57,114 xiangfeifei ERROR test_06add_interfaces.py-60 line:用例-----【添加失败-所属项目id为空】-----执行不通过
2021-01-18 20:35:57,115 xiangfeifei ERROR test_06add_interfaces.py-61 line:'该字段不能为空。' not found in "['该字段不能为 null。']"
Traceback (most recent call last):
  File "D:\python_35_class\py35_interface_practice\testcase\test_06add_interfaces.py", line 58, in test_add
    self.assertIn(str(expected['msg'][0]),str(list(res.values())[0]))
  File "D:\Program Files\python_3.8.1\lib\unittest\case.py", line 1179, in assertIn
    self.fail(self._formatMessage(msg, standardMsg))
  File "D:\Program Files\python_3.8.1\lib\unittest\case.py", line 753, in fail
    raise self.failureException(msg)
AssertionError: '该字段不能为空。' not found in "['该字段不能为 null。']"
2021-01-18 20:35:57,163 xiangfeifei INFO test_06add_interfaces.py-64 line:用例-----【添加失败-所属项目id不存在】------执行通过
2021-01-18 20:35:57,213 xiangfeifei INFO test_06add_interfaces.py-64 line:用例-----【添加失败-接口名称重复】------执行通过
2021-01-18 20:35:57,255 xiangfeifei INFO test_06add_interfaces.py-64 line:用例-----【添加失败-测试人员超过50个字符】------执行通过
2021-01-18 20:35:57,646 xiangfeifei INFO test_07add_testcases.py-65 line:用例-----【添加成功】------执行通过
2021-01-18 20:35:57,696 xiangfeifei INFO test_07add_testcases.py-65 line:用例-----【添加失败-用例名称为空】------执行通过
2021-01-18 20:35:57,746 xiangfeifei INFO test_07add_testcases.py-65 line:用例-----【添加失败-所属项目为空】------执行通过
2021-01-18 20:35:57,801 xiangfeifei INFO test_07add_testcases.py-65 line:用例-----【添加失败-所属接口为空】------执行通过
2021-01-18 20:35:57,853 xiangfeifei INFO test_07add_testcases.py-65 line:用例-----【添加失败-编写人员为空】------执行通过
2021-01-18 20:35:57,908 xiangfeifei INFO test_07add_testcases.py-65 line:用例-----【添加失败-请求信息为空】------执行通过
2021-01-18 20:35:57,955 xiangfeifei INFO test_07add_testcases.py-65 line:用例-----【添加失败-用例名称重复】------执行通过
2021-01-18 20:35:58,001 xiangfeifei INFO test_07add_testcases.py-65 line:用例-----【添加失败-用例名称超过50字符】------执行通过
2021-01-18 20:35:58,047 xiangfeifei INFO test_07add_testcases.py-65 line:用例-----【添加失败-编写人员超过50字符】------执行通过
2021-02-26 18:08:08,404 xiangfeifei INFO test_01register.py-60 line:用例-----【注册成功】------执行通过
2021-02-26 18:08:08,611 xiangfeifei INFO test_01register.py-60 line:用例-----【用户名为空】------执行通过
2021-02-26 18:08:08,917 xiangfeifei ERROR test_01register.py-56 line:用例-----【邮箱为空】-----执行不通过
2021-02-26 18:08:08,917 xiangfeifei ERROR test_01register.py-57 line:400 != 201
Traceback (most recent call last):
  File "D:\python_35_class\py35_interface_practice\testcase\test_01register.py", line 53, in test_register
    self.assertEqual(expected['code'], code)
  File "D:\Program Files\python_3.8.1\lib\unittest\case.py", line 912, in assertEqual
    assertion_func(first, second, msg=msg)
  File "D:\Program Files\python_3.8.1\lib\unittest\case.py", line 905, in _baseAssertEqual
    raise self.failureException(msg)
AssertionError: 400 != 201
2021-02-26 18:08:09,123 xiangfeifei INFO test_01register.py-60 line:用例-----【密码为空】------执行通过
2021-02-26 18:08:09,331 xiangfeifei INFO test_01register.py-60 line:用例-----【确认密码为空】------执行通过
2021-02-26 18:08:09,531 xiangfeifei INFO test_01register.py-60 line:用例-----【两次密码不一致】------执行通过
2021-02-26 18:08:09,841 xiangfeifei ERROR test_01register.py-56 line:用例-----【已存在的用户名】-----执行不通过
2021-02-26 18:08:09,842 xiangfeifei ERROR test_01register.py-57 line:400 != 201
Traceback (most recent call last):
  File "D:\python_35_class\py35_interface_practice\testcase\test_01register.py", line 53, in test_register
    self.assertEqual(expected['code'], code)
  File "D:\Program Files\python_3.8.1\lib\unittest\case.py", line 912, in assertEqual
    assertion_func(first, second, msg=msg)
  File "D:\Program Files\python_3.8.1\lib\unittest\case.py", line 905, in _baseAssertEqual
    raise self.failureException(msg)
AssertionError: 400 != 201
2021-02-26 18:08:10,146 xiangfeifei ERROR test_01register.py-56 line:用例-----【已注册过的邮箱】-----执行不通过
2021-02-26 18:08:10,147 xiangfeifei ERROR test_01register.py-57 line:400 != 201
Traceback (most recent call last):
  File "D:\python_35_class\py35_interface_practice\testcase\test_01register.py", line 53, in test_register
    self.assertEqual(expected['code'], code)
  File "D:\Program Files\python_3.8.1\lib\unittest\case.py", line 912, in assertEqual
    assertion_func(first, second, msg=msg)
  File "D:\Program Files\python_3.8.1\lib\unittest\case.py", line 905, in _baseAssertEqual
    raise self.failureException(msg)
AssertionError: 400 != 201
2021-02-26 18:08:10,352 xiangfeifei INFO test_01register.py-60 line:用例-----【邮箱格式不正确】------执行通过
2021-02-26 18:08:10,542 xiangfeifei INFO test_01register.py-60 line:用例-----【密码少于6位】------执行通过
2021-02-26 18:08:10,760 xiangfeifei INFO test_01register.py-60 line:用例-----【密码大于20】------执行通过
2021-02-26 18:08:10,965 xiangfeifei INFO test_01register.py-60 line:用例-----【用户名少于6位】------执行通过
2021-02-26 18:08:11,169 xiangfeifei INFO test_01register.py-60 line:用例-----【用户名大于20】------执行通过
2021-02-26 18:08:11,477 xiangfeifei ERROR test_02login.py-42 line:用例-----【登录成功】-----执行不通过
2021-02-26 18:08:11,477 xiangfeifei ERROR test_02login.py-43 line:201 != 400
Traceback (most recent call last):
  File "D:\python_35_class\py35_interface_practice\testcase\test_02login.py", line 39, in test_login
    self.assertEqual(expected['code'],code)
  File "D:\Program Files\python_3.8.1\lib\unittest\case.py", line 912, in assertEqual
    assertion_func(first, second, msg=msg)
  File "D:\Program Files\python_3.8.1\lib\unittest\case.py", line 905, in _baseAssertEqual
    raise self.failureException(msg)
AssertionError: 201 != 400
2021-02-26 18:08:11,784 xiangfeifei ERROR test_02login.py-42 line:用例-----【用户名前后有空格】-----执行不通过
2021-02-26 18:08:11,785 xiangfeifei ERROR test_02login.py-43 line:201 != 400
Traceback (most recent call last):
  File "D:\python_35_class\py35_interface_practice\testcase\test_02login.py", line 39, in test_login
    self.assertEqual(expected['code'],code)
  File "D:\Program Files\python_3.8.1\lib\unittest\case.py", line 912, in assertEqual
    assertion_func(first, second, msg=msg)
  File "D:\Program Files\python_3.8.1\lib\unittest\case.py", line 905, in _baseAssertEqual
    raise self.failureException(msg)
AssertionError: 201 != 400
2021-02-26 18:08:11,988 xiangfeifei INFO test_02login.py-46 line:用例-----【用户名为空】------执行通过
2021-02-26 18:08:12,195 xiangfeifei INFO test_02login.py-46 line:用例-----【密码为空】------执行通过
2021-02-26 18:08:12,499 xiangfeifei INFO test_02login.py-46 line:用例-----【账号错误】------执行通过
2021-02-26 18:08:12,807 xiangfeifei INFO test_02login.py-46 line:用例-----【密码错误】------执行通过
2021-02-26 18:08:13,012 xiangfeifei ERROR test_03username.py-35 line:用例-----【已注册】-----执行不通过
2021-02-26 18:08:13,012 xiangfeifei ERROR test_03username.py-36 line:1 != 0
Traceback (most recent call last):
  File "D:\python_35_class\py35_interface_practice\testcase\test_03username.py", line 33, in test_username
    self.assertEqual(expected['count'],res['count'])
  File "D:\Program Files\python_3.8.1\lib\unittest\case.py", line 912, in assertEqual
    assertion_func(first, second, msg=msg)
  File "D:\Program Files\python_3.8.1\lib\unittest\case.py", line 905, in _baseAssertEqual
    raise self.failureException(msg)
AssertionError: 1 != 0
2021-02-26 18:08:13,113 xiangfeifei INFO test_03username.py-39 line:用例-----【未注册】------执行通过
2021-02-26 18:08:13,319 xiangfeifei ERROR test_04email.py-35 line:用例-----【已注册】-----执行不通过
2021-02-26 18:08:13,319 xiangfeifei ERROR test_04email.py-36 line:1 != 0
Traceback (most recent call last):
  File "D:\python_35_class\py35_interface_practice\testcase\test_04email.py", line 33, in test_emial
    self.assertEqual(expected['count'],res['count'])
  File "D:\Program Files\python_3.8.1\lib\unittest\case.py", line 912, in assertEqual
    assertion_func(first, second, msg=msg)
  File "D:\Program Files\python_3.8.1\lib\unittest\case.py", line 905, in _baseAssertEqual
    raise self.failureException(msg)
AssertionError: 1 != 0
2021-02-26 18:08:13,527 xiangfeifei INFO test_04email.py-39 line:用例-----【未注册】------执行通过
